#
# There is insufficient memory for the Java Runtime Environment to continue.
# Native memory allocation (mmap) failed to map 201326592 bytes for Failed to commit area from 0x0000000740400000 to 0x000000074c400000 of length 201326592.
# Possible reasons:
#   The system is out of physical RAM or swap space
#   The process is running with CompressedOops enabled, and the Java Heap may be blocking the growth of the native heap
# Possible solutions:
#   Reduce memory load on the system
#   Increase physical memory or swap space
#   Check if swap backing store is full
#   Decrease Java heap size (-Xmx/-Xms)
#   Decrease number of Java threads
#   Decrease Java thread stack sizes (-Xss)
#   Set larger code cache with -XX:ReservedCodeCacheSize=
# This output file may be truncated or incomplete.
#
#  Out of Memory Error (./src/hotspot/os/windows/os_windows.cpp:3619), pid=6724, tid=6220
#
# JRE version:  (11.0.13) (build )
# Java VM: OpenJDK 64-Bit Server VM (11.0.13+0-b1751.21-8125866, mixed mode, sharing, tiered, compressed oops, g1 gc, windows-amd64)
# No core dump will be written. Minidumps are not enabled by default on client versions of Windows
#

---------------  S U M M A R Y ------------

Command Line: git4idea.http.GitAskPassApp Username for 'https://github.com': 

Host: AMD FX(tm)-8300 Eight-Core Processor           , 8 cores, 11G,  Windows 11 , 64 bit Build 22621 (10.0.22621.963)
Time: Sun Dec 18 15:08:56 2022 Hora oficial do Brasil elapsed time: 0.020981 seconds (0d 0h 0m 0s)

---------------  T H R E A D  ---------------

Current thread (0x0000028d412da800):  JavaThread "Unknown thread" [_thread_in_vm, id=6220, stack(0x000000f6b7e00000,0x000000f6b7f00000)]

Stack: [0x000000f6b7e00000,0x000000f6b7f00000]
Native frames: (J=compiled Java code, j=interpreted, Vv=VM code, C=native code)
V  [jvm.dll+0x6100fa]
V  [jvm.dll+0x747090]
V  [jvm.dll+0x7486ad]
V  [jvm.dll+0x748d83]
V  [jvm.dll+0x24ab48]
V  [jvm.dll+0x60d164]
V  [jvm.dll+0x601e75]
V  [jvm.dll+0x308bdb]
V  [jvm.dll+0x308b4a]
V  [jvm.dll+0x308a22]
V  [jvm.dll+0x30d986]
V  [jvm.dll+0x357093]
V  [jvm.dll+0x357796]
V  [jvm.dll+0x357193]
V  [jvm.dll+0x2e3448]
V  [jvm.dll+0x2e45f7]
V  [jvm.dll+0x7242e7]
V  [jvm.dll+0x725adc]
V  [jvm.dll+0x364629]
V  [jvm.dll+0x707cee]
V  [jvm.dll+0x3d2633]
V  [jvm.dll+0x3d4a21]
C  [jli.dll+0x536b]
C  [ucrtbase.dll+0x29363]
C  [KERNEL32.DLL+0x126bd]
C  [ntdll.dll+0x5dfb8]


---------------  P R O C E S S  ---------------

Threads class SMR info:
_java_thread_list=0x0000028d3f129960, length=0, elements={
}

Java Threads: ( => current thread )

Other Threads:
  0x0000028d412f4000 GCTaskThread "GC Thread#0" [stack: 0x000000f6b7f00000,0x000000f6b8000000] [id=13708]
  0x0000028d4133b800 ConcurrentGCThread "G1 Main Marker" [stack: 0x000000f6b8000000,0x000000f6b8100000] [id=11248]
  0x0000028d4133d800 ConcurrentGCThread "G1 Conc#0" [stack: 0x000000f6b8100000,0x000000f6b8200000] [id=13036]

[error occurred during error reporting (printing all threads), id 0xc0000005, EXCEPTION_ACCESS_VIOLATION (0xc0000005) at pc=0x00007ffe43363dd7]

VM state:not at safepoint (not fully initialized)

VM Mutex/Monitor currently owned by a thread:  ([mutex/lock_event])
[0x0000028d412d81b0] Heap_lock - owner thread: 0x0000028d412da800

Heap address: 0x0000000740400000, size: 3068 MB, Compressed Oops mode: Non-zero based: 0x0000000740400000
Narrow klass base: 0x0000000000000000, Narrow klass shift: 0

GC Heap History (0 events):
No events

Deoptimization events (0 events):
No events

Classes redefined (0 events):
No events

Internal exceptions (0 events):
No events

Events (1 events):
Event: 0.014 Loaded shared library D:\Program Files\Android\Android Studio\jre\bin\zip.dll


Dynamic libraries:
0x00007ff6b3da0000 - 0x00007ff6b3daa000 	D:\Program Files\Android\Android Studio\jre\bin\java.exe
0x00007ffe73ad0000 - 0x00007ffe73ce4000 	C:\Windows\SYSTEM32\ntdll.dll
0x00007ffe72240000 - 0x00007ffe72303000 	C:\Windows\System32\KERNEL32.DLL
0x00007ffe71180000 - 0x00007ffe7151d000 	C:\Windows\System32\KERNELBASE.dll
0x00007ffe71060000 - 0x00007ffe71171000 	C:\Windows\System32\ucrtbase.dll
0x00007ffe61a20000 - 0x00007ffe61a37000 	D:\Program Files\Android\Android Studio\jre\bin\VCRUNTIME140.dll
0x00007ffe5be70000 - 0x00007ffe5be89000 	D:\Program Files\Android\Android Studio\jre\bin\jli.dll
0x00007ffe730b0000 - 0x00007ffe7325d000 	C:\Windows\System32\USER32.dll
0x00007ffe628e0000 - 0x00007ffe62b6e000 	C:\Windows\WinSxS\amd64_microsoft.windows.common-controls_6595b64144ccf1df_6.0.22621.608_none_a9444ca7c10bb01d\COMCTL32.dll
0x00007ffe716f0000 - 0x00007ffe71716000 	C:\Windows\System32\win32u.dll
0x00007ffe71bf0000 - 0x00007ffe71c19000 	C:\Windows\System32\GDI32.dll
0x00007ffe73860000 - 0x00007ffe73907000 	C:\Windows\System32\msvcrt.dll
0x00007ffe717a0000 - 0x00007ffe718b2000 	C:\Windows\System32\gdi32full.dll
0x00007ffe71520000 - 0x00007ffe715ba000 	C:\Windows\System32\msvcp_win.dll
0x00007ffe72dd0000 - 0x00007ffe72e02000 	C:\Windows\System32\IMM32.DLL
0x00007ffe51da0000 - 0x00007ffe51e3d000 	D:\Program Files\Android\Android Studio\jre\bin\msvcp140.dll
0x00007ffe43070000 - 0x00007ffe43b72000 	D:\Program Files\Android\Android Studio\jre\bin\server\jvm.dll
0x00007ffe73910000 - 0x00007ffe739be000 	C:\Windows\System32\ADVAPI32.dll
0x00007ffe736d0000 - 0x00007ffe73774000 	C:\Windows\System32\sechost.dll
0x00007ffe72f10000 - 0x00007ffe73025000 	C:\Windows\System32\RPCRT4.dll
0x00007ffe718c0000 - 0x00007ffe718c8000 	C:\Windows\System32\PSAPI.DLL
0x00007ffe6c2e0000 - 0x00007ffe6c2e9000 	C:\Windows\SYSTEM32\WSOCK32.dll
0x00007ffe669a0000 - 0x00007ffe669d4000 	C:\Windows\SYSTEM32\WINMM.dll
0x00007ffe6b400000 - 0x00007ffe6b40a000 	C:\Windows\SYSTEM32\VERSION.dll
0x00007ffe739c0000 - 0x00007ffe73a31000 	C:\Windows\System32\WS2_32.dll
0x00007ffe6ff50000 - 0x00007ffe6ff68000 	C:\Windows\SYSTEM32\kernel.appcore.dll
0x00007ffe65540000 - 0x00007ffe65551000 	D:\Program Files\Android\Android Studio\jre\bin\verify.dll
0x00007ffe5cc20000 - 0x00007ffe5ce4e000 	C:\Windows\SYSTEM32\DBGHELP.DLL
0x00007ffe73340000 - 0x00007ffe736ca000 	C:\Windows\System32\combase.dll
0x00007ffe73780000 - 0x00007ffe73857000 	C:\Windows\System32\OLEAUT32.dll
0x00007ffe5bd40000 - 0x00007ffe5bd72000 	C:\Windows\SYSTEM32\dbgcore.DLL
0x00007ffe71720000 - 0x00007ffe7179b000 	C:\Windows\System32\bcryptPrimitives.dll
0x00007ffe64750000 - 0x00007ffe64779000 	D:\Program Files\Android\Android Studio\jre\bin\java.dll
0x00007ffe66a90000 - 0x00007ffe66a9b000 	D:\Program Files\Android\Android Studio\jre\bin\jimage.dll
0x00007ffe64730000 - 0x00007ffe64748000 	D:\Program Files\Android\Android Studio\jre\bin\zip.dll

dbghelp: loaded successfully - version: 4.0.5 - missing functions: none
symbol engine: initialized successfully - sym options: 0x614 - pdb path: .;D:\Program Files\Android\Android Studio\jre\bin;C:\Windows\SYSTEM32;C:\Windows\WinSxS\amd64_microsoft.windows.common-controls_6595b64144ccf1df_6.0.22621.608_none_a9444ca7c10bb01d;D:\Program Files\Android\Android Studio\jre\bin\server

VM Arguments:
java_command: git4idea.http.GitAskPassApp Username for 'https://github.com': 
java_class_path (initial): D:/Program Files/Android/Android Studio/plugins/git4idea/lib/git4idea-rt.jar;D:/Program Files/Android/Android Studio/lib/3rd-party.jar;D:/Program Files/Android/Android Studio/lib/3rd-party-rt.jar
Launcher Type: SUN_STANDARD

[Global flags]
     intx CICompilerCount                          = 4                                         {product} {ergonomic}
     uint ConcGCThreads                            = 2                                         {product} {ergonomic}
     uint G1ConcRefinementThreads                  = 8                                         {product} {ergonomic}
   size_t G1HeapRegionSize                         = 1048576                                   {product} {ergonomic}
    uintx GCDrainStackTargetSize                   = 64                                        {product} {ergonomic}
   size_t InitialHeapSize                          = 201326592                                 {product} {ergonomic}
   size_t MarkStackSize                            = 4194304                                   {product} {ergonomic}
   size_t MaxHeapSize                              = 3217031168                                {product} {ergonomic}
   size_t MinHeapDeltaBytes                        = 1048576                                   {product} {ergonomic}
    uintx NonNMethodCodeHeapSize                   = 5836300                                {pd product} {ergonomic}
    uintx NonProfiledCodeHeapSize                  = 122910970                              {pd product} {ergonomic}
    uintx ProfiledCodeHeapSize                     = 122910970                              {pd product} {ergonomic}
    uintx ReservedCodeCacheSize                    = 251658240                              {pd product} {ergonomic}
     bool SegmentedCodeCache                       = true                                      {product} {ergonomic}
     bool UseCompressedClassPointers               = true                                 {lp64_product} {ergonomic}
     bool UseCompressedOops                        = true                                 {lp64_product} {ergonomic}
     bool UseG1GC                                  = true                                      {product} {ergonomic}
     bool UseLargePagesIndividualAllocation        = false                                  {pd product} {ergonomic}

Logging:
Log output configuration:
 #0: stdout all=warning uptime,level,tags
 #1: stderr all=off uptime,level,tags

Environment Variables:
PATH=C:/Program Files/Git/mingw64/libexec/git-core;C:/Program Files/Git/mingw64/libexec/git-core;C:\Program Files\Git\mingw64\bin;C:\Program Files\Git\usr\bin;C:\Users\Marcello\bin;C:\Windows\system32;C:\Windows;C:\Windows\System32\Wbem;C:\Windows\System32\WindowsPowerShell\v1.0\;C:\Windows\System32\OpenSSH\;C:\Program Files (x86)\NVIDIA Corporation\PhysX\Common;C:\Program Files\dotnet\;C:\Program Files\Cloudflare\Cloudflare WARP\;D:\Program Files\nodejs\;C:\Program Files\Git\cmd;C:\Users\Marcello\AppData\Local\Microsoft\WindowsApps;C:\Users\Marcello\AppData\Roaming\npm;C:\Users\Marcello\AppData\Local\Programs\Microsoft VS Code\bin
USERNAME=Marcello
DISPLAY=:0.0
LC_ALL=en_US.UTF-8
OS=Windows_NT
PROCESSOR_IDENTIFIER=AMD64 Family 21 Model 2 Stepping 0, AuthenticAMD



---------------  S Y S T E M  ---------------

OS: Windows 11 , 64 bit Build 22621 (10.0.22621.963)
OS uptime: 1 days 1:57 hours

CPU:total 8 (initial active 8) (8 cores per cpu, 1 threads per core) family 21 model 2 stepping 0 microcode 0x0, cmov, cx8, fxsr, mmx, sse, sse2, sse3, ssse3, sse4.1, sse4.2, popcnt, avx, aes, clmul, mmxext, 3dnowpref, lzcnt, sse4a, tsc, tscinvbit, tscinv, bmi1, fma

Memory: 4k page, system-wide physical 12270M (2749M free)
TotalPageFile size 12526M (AvailPageFile size 144M)
current process WorkingSet (physical memory assigned to process): 11M, peak: 11M
current process commit charge ("private bytes"): 60M, peak: 252M

vm_info: OpenJDK 64-Bit Server VM (11.0.13+0-b1751.21-8125866) for windows-amd64 JRE (11.0.13+0-b1751.21-8125866), built on Feb  2 2022 03:00:22 by "builder" with MS VC++ 14.0 (VS2015)

END.
