#
# There is insufficient memory for the Java Runtime Environment to continue.
# Native memory allocation (malloc) failed to allocate 819856 bytes for Chunk::new
# Possible reasons:
#   The system is out of physical RAM or swap space
#   The process is running with CompressedOops enabled, and the Java Heap may be blocking the growth of the native heap
# Possible solutions:
#   Reduce memory load on the system
#   Increase physical memory or swap space
#   Check if swap backing store is full
#   Decrease Java heap size (-Xmx/-Xms)
#   Decrease number of Java threads
#   Decrease Java thread stack sizes (-Xss)
#   Set larger code cache with -XX:ReservedCodeCacheSize=
#   JVM is running with Unscaled Compressed Oops mode in which the Java heap is
#     placed in the first 4GB address space. The Java Heap base address is the
#     maximum limit for the native heap growth. Please use -XX:HeapBaseMinAddress
#     to set the Java Heap base and to place the Java Heap above 4GB virtual address.
# This output file may be truncated or incomplete.
#
#  Out of Memory Error (./src/hotspot/share/memory/arena.cpp:197), pid=10160, tid=2408
#
# JRE version: OpenJDK Runtime Environment (11.0.13) (build 11.0.13+0-b1751.21-8125866)
# Java VM: OpenJDK 64-Bit Server VM (11.0.13+0-b1751.21-8125866, mixed mode, tiered, compressed oops, g1 gc, windows-amd64)
# No core dump will be written. Minidumps are not enabled by default on client versions of Windows
#

---------------  S U M M A R Y ------------

Command Line: --add-opens=java.base/java.util=ALL-UNNAMED --add-opens=java.base/java.lang=ALL-UNNAMED --add-opens=java.base/java.lang.invoke=ALL-UNNAMED --add-opens=java.base/java.util=ALL-UNNAMED --add-opens=java.prefs/java.util.prefs=ALL-UNNAMED --add-opens=java.prefs/java.util.prefs=ALL-UNNAMED --add-opens=java.base/java.nio.charset=ALL-UNNAMED --add-opens=java.base/java.net=ALL-UNNAMED --add-opens=java.base/java.util.concurrent.atomic=ALL-UNNAMED -Xmx2048m -Dfile.encoding=UTF-8 -Duser.country=BR -Duser.language=pt -Duser.variant org.gradle.launcher.daemon.bootstrap.GradleDaemon 7.4

Host: AMD FX(tm)-8300 Eight-Core Processor           , 8 cores, 11G,  Windows 11 , 64 bit Build 22621 (10.0.22621.963)
Time: Sat Dec 17 15:58:50 2022 Hora oficial do Brasil elapsed time: 2929.220154 seconds (0d 0h 48m 49s)

---------------  T H R E A D  ---------------

Current thread (0x00000167ce70a000):  JavaThread "C2 CompilerThread0" daemon [_thread_in_native, id=2408, stack(0x0000003589200000,0x0000003589300000)]


Current CompileTask:
C2:2929220 17726   !   4       com.google.common.cache.LocalCache$Segment::lockedGetOrLoad (447 bytes)

Stack: [0x0000003589200000,0x0000003589300000]
Native frames: (J=compiled Java code, j=interpreted, Vv=VM code, C=native code)
V  [jvm.dll+0x6100fa]
V  [jvm.dll+0x747090]
V  [jvm.dll+0x7486ad]
V  [jvm.dll+0x748d83]
V  [jvm.dll+0x24ab48]
V  [jvm.dll+0xc04dc]
V  [jvm.dll+0xc0a0c]
V  [jvm.dll+0x35eb9d]
V  [jvm.dll+0x19d9bc]
V  [jvm.dll+0x2033be]
V  [jvm.dll+0x202437]
V  [jvm.dll+0x188e01]
V  [jvm.dll+0x21106b]
V  [jvm.dll+0x20f8c1]
V  [jvm.dll+0x70de0f]
V  [jvm.dll+0x706a75]
V  [jvm.dll+0x60ed66]
C  [ucrtbase.dll+0x29363]
C  [KERNEL32.DLL+0x126bd]
C  [ntdll.dll+0x5dfb8]


---------------  P R O C E S S  ---------------

Threads class SMR info:
_java_thread_list=0x00000167cf8c67b0, length=151, elements={
0x00000167b39c7000, 0x00000167cde9c800, 0x00000167cde9d800, 0x00000167ce6fc800,
0x00000167ce6fd800, 0x00000167ce6fe800, 0x00000167ce70a000, 0x00000167ce70e000,
0x00000167ce723000, 0x00000167ce876000, 0x00000167d1770800, 0x00000167cea53800,
0x00000167cfc1b800, 0x00000167d12c5800, 0x00000167d12cb000, 0x00000167d12cc000,
0x00000167d12c6000, 0x00000167d12c7000, 0x00000167d3af3000, 0x00000167d3af8800,
0x00000167d3af4800, 0x00000167d3af9800, 0x00000167d3afa800, 0x00000167d5550000,
0x00000167d554e000, 0x00000167d5553000, 0x00000167d5551800, 0x00000167d5552800,
0x00000167d554d800, 0x00000167d56d8000, 0x00000167d56d3800, 0x00000167d56d7800,
0x00000167d56da000, 0x00000167d56d9000, 0x00000167d56d5000, 0x00000167d56d4000,
0x00000167d56df000, 0x00000167d56db800, 0x00000167d56da800, 0x00000167d56e1000,
0x00000167d56df800, 0x00000167d56de000, 0x00000167d56e0800, 0x00000167d56dc800,
0x00000167d56e2000, 0x00000167d56dd000, 0x00000167d5549800, 0x00000167d5547800,
0x00000167d554a000, 0x00000167d5546000, 0x00000167d5544800, 0x00000167d5547000,
0x00000167d5545000, 0x00000167d5548800, 0x00000167d554b800, 0x00000167d554f000,
0x00000167d554c800, 0x00000167d5550800, 0x00000167d554b000, 0x00000167d3af7000,
0x00000167d3af8000, 0x00000167d3af4000, 0x00000167d3afd800, 0x00000167d3afb000,
0x00000167d3afe800, 0x00000167d3aff000, 0x00000167d3b00000, 0x00000167d3b01000,
0x00000167d3afc000, 0x00000167d3b01800, 0x00000167d3afc800, 0x00000167d12c8000,
0x00000167d12c9800, 0x00000167d12c8800, 0x00000167d12ca800, 0x00000167d4e08800,
0x00000167d4e0a000, 0x00000167d4e06000, 0x00000167d4e07800, 0x00000167d4e06800,
0x00000167d4e0b000, 0x00000167d4e09000, 0x00000167d4e05000, 0x00000167d4e0b800,
0x00000167d3913800, 0x00000167d3916000, 0x00000167d3917000, 0x00000167d3914800,
0x00000167d3918000, 0x00000167d3912000, 0x00000167d3918800, 0x00000167d3913000,
0x00000167d3919800, 0x00000167d3915800, 0x00000167d391c000, 0x00000167d391d800,
0x00000167d391b000, 0x00000167d391f000, 0x00000167d391c800, 0x00000167d391e800,
0x00000167d3920000, 0x00000167d391a000, 0x00000167d3921000, 0x00000167d187e000,
0x00000167d187b000, 0x00000167d187b800, 0x00000167d187c800, 0x00000167d187d000,
0x00000167d1878800, 0x00000167d187f000, 0x00000167d1879000, 0x00000167d187f800,
0x00000167d187a000, 0x00000167d1885800, 0x00000167d1886000, 0x00000167d1883800,
0x00000167d1884800, 0x00000167d1881800, 0x00000167d1880800, 0x00000167d1887000,
0x00000167d1882000, 0x00000167d1883000, 0x00000167d465a000, 0x00000167d465a800,
0x00000167d465b800, 0x00000167d465e000, 0x00000167d465c800, 0x00000167d465d000,
0x00000167d465e800, 0x00000167d4659000, 0x00000167d4663800, 0x00000167d4664800,
0x00000167d4661000, 0x00000167d465f800, 0x00000167d4663000, 0x00000167d4662000,
0x00000167d4666000, 0x00000167d4660800, 0x00000167d4667800, 0x00000167d8971000,
0x00000167d8f14800, 0x00000167d6fa5000, 0x00000167d8974800, 0x00000167d8972800,
0x00000167d8973800, 0x00000167d8972000, 0x00000167d8970800, 0x00000167d8978800,
0x00000167d8977000, 0x00000167d897b000, 0x00000167d8979800
}

Java Threads: ( => current thread )
  0x00000167b39c7000 JavaThread "main" [_thread_blocked, id=1496, stack(0x0000003588600000,0x0000003588700000)]
  0x00000167cde9c800 JavaThread "Reference Handler" daemon [_thread_blocked, id=1484, stack(0x0000003588d00000,0x0000003588e00000)]
  0x00000167cde9d800 JavaThread "Finalizer" daemon [_thread_blocked, id=1412, stack(0x0000003588e00000,0x0000003588f00000)]
  0x00000167ce6fc800 JavaThread "Signal Dispatcher" daemon [_thread_blocked, id=1544, stack(0x0000003588f00000,0x0000003589000000)]
  0x00000167ce6fd800 JavaThread "Attach Listener" daemon [_thread_blocked, id=2128, stack(0x0000003589000000,0x0000003589100000)]
  0x00000167ce6fe800 JavaThread "Service Thread" daemon [_thread_blocked, id=9888, stack(0x0000003589100000,0x0000003589200000)]
=>0x00000167ce70a000 JavaThread "C2 CompilerThread0" daemon [_thread_in_native, id=2408, stack(0x0000003589200000,0x0000003589300000)]
  0x00000167ce70e000 JavaThread "C1 CompilerThread0" daemon [_thread_blocked, id=9920, stack(0x0000003589300000,0x0000003589400000)]
  0x00000167ce723000 JavaThread "Sweeper thread" daemon [_thread_blocked, id=988, stack(0x0000003589400000,0x0000003589500000)]
  0x00000167ce876000 JavaThread "Common-Cleaner" daemon [_thread_blocked, id=10404, stack(0x0000003589500000,0x0000003589600000)]
  0x00000167d1770800 JavaThread "Daemon health stats" [_thread_blocked, id=1932, stack(0x0000003589c00000,0x0000003589d00000)]
  0x00000167cea53800 JavaThread "Incoming local TCP Connector on port 63369" [_thread_in_native, id=7392, stack(0x0000003589700000,0x0000003589800000)]
  0x00000167cfc1b800 JavaThread "Daemon periodic checks" [_thread_blocked, id=7408, stack(0x0000003589b00000,0x0000003589c00000)]
  0x00000167d12c5800 JavaThread "Cache worker for journal cache (C:\Users\Marcello\.gradle\caches\journal-1)" [_thread_blocked, id=7832, stack(0x000000358a400000,0x000000358a500000)]
  0x00000167d12cb000 JavaThread "File lock request listener" [_thread_in_native, id=6784, stack(0x000000358a500000,0x000000358a600000)]
  0x00000167d12cc000 JavaThread "Cache worker for file hash cache (C:\Users\Marcello\.gradle\caches\7.4\fileHashes)" [_thread_blocked, id=9688, stack(0x000000358a600000,0x000000358a700000)]
  0x00000167d12c6000 JavaThread "File watcher server" daemon [_thread_in_native, id=12228, stack(0x000000358ae00000,0x000000358af00000)]
  0x00000167d12c7000 JavaThread "File watcher consumer" daemon [_thread_blocked, id=11920, stack(0x000000358af00000,0x000000358b000000)]
  0x00000167d3af3000 JavaThread "Cache worker for execution history cache (C:\Users\Marcello\.gradle\caches\7.4\executionHistory)" [_thread_blocked, id=1508, stack(0x000000358b400000,0x000000358b500000)]
  0x00000167d3af8800 JavaThread "jar transforms" [_thread_blocked, id=2072, stack(0x000000358b500000,0x000000358b600000)]
  0x00000167d3af4800 JavaThread "Cache worker for file content cache (C:\Users\Marcello\.gradle\caches\7.4\fileContent)" [_thread_blocked, id=5924, stack(0x000000358b600000,0x000000358b700000)]
  0x00000167d3af9800 JavaThread "jar transforms Thread 2" [_thread_blocked, id=8472, stack(0x000000358b700000,0x000000358b800000)]
  0x00000167d3afa800 JavaThread "jar transforms Thread 3" [_thread_blocked, id=5716, stack(0x000000358b900000,0x000000358ba00000)]
  0x00000167d5550000 JavaThread "jar transforms Thread 4" [_thread_blocked, id=1424, stack(0x0000003590b00000,0x0000003590c00000)]
  0x00000167d554e000 JavaThread "jar transforms Thread 5" [_thread_blocked, id=4712, stack(0x0000003590c00000,0x0000003590d00000)]
  0x00000167d5553000 JavaThread "jar transforms Thread 6" [_thread_blocked, id=4964, stack(0x0000003590d00000,0x0000003590e00000)]
  0x00000167d5551800 JavaThread "jar transforms Thread 7" [_thread_blocked, id=5168, stack(0x0000003590e00000,0x0000003590f00000)]
  0x00000167d5552800 JavaThread "jar transforms Thread 8" [_thread_blocked, id=5188, stack(0x0000003590f00000,0x0000003591000000)]
  0x00000167d554d800 JavaThread "Memory manager" [_thread_blocked, id=5008, stack(0x0000003591200000,0x0000003591300000)]
  0x00000167d56d8000 JavaThread "Daemon Thread 2" [_thread_blocked, id=11932, stack(0x0000003588300000,0x0000003588400000)]
  0x00000167d56d3800 JavaThread "Handler for socket connection from /127.0.0.1:63369 to /127.0.0.1:64510" [_thread_in_native, id=5936, stack(0x0000003588400000,0x0000003588500000)]
  0x00000167d56d7800 JavaThread "Cancel handler" [_thread_blocked, id=5380, stack(0x0000003588500000,0x0000003588600000)]
  0x00000167d56da000 JavaThread "Daemon worker Thread 2" [_thread_blocked, id=8108, stack(0x0000003589d00000,0x0000003589e00000)]
  0x00000167d56d9000 JavaThread "Asynchronous log dispatcher for DefaultDaemonConnection: socket connection from /127.0.0.1:63369 to /127.0.0.1:64510" [_thread_blocked, id=7284, stack(0x0000003589e00000,0x0000003589f00000)]
  0x00000167d56d5000 JavaThread "Stdin handler" [_thread_blocked, id=6840, stack(0x0000003589f00000,0x000000358a000000)]
  0x00000167d56d4000 JavaThread "Daemon client event forwarder" [_thread_blocked, id=9984, stack(0x000000358a000000,0x000000358a100000)]
  0x00000167d56df000 JavaThread "Cache worker for checksums cache (C:\Users\Marcello\AndroidStudioProjects\LivrosQueLi\.gradle\7.4\checksums)" [_thread_blocked, id=8104, stack(0x000000358a300000,0x000000358a400000)]
  0x00000167d56db800 JavaThread "Cache worker for cache directory md-rule (C:\Users\Marcello\.gradle\caches\7.4\md-rule)" [_thread_blocked, id=1812, stack(0x000000358ac00000,0x000000358ad00000)]
  0x00000167d56da800 JavaThread "Cache worker for file hash cache (C:\Users\Marcello\AndroidStudioProjects\LivrosQueLi\.gradle\7.4\fileHashes)" [_thread_blocked, id=12560, stack(0x000000358ad00000,0x000000358ae00000)]
  0x00000167d56e1000 JavaThread "Cache worker for cache directory md-supplier (C:\Users\Marcello\.gradle\caches\7.4\md-supplier)" [_thread_blocked, id=13084, stack(0x000000358b000000,0x000000358b100000)]
  0x00000167d56df800 JavaThread "Cache worker for dependencies-accessors (C:\Users\Marcello\AndroidStudioProjects\LivrosQueLi\.gradle\7.4\dependencies-accessors)" [_thread_blocked, id=9680, stack(0x000000358b100000,0x000000358b200000)]
  0x00000167d56de000 JavaThread "Cache worker for Build Output Cleanup Cache (C:\Users\Marcello\AndroidStudioProjects\LivrosQueLi\.gradle\buildOutputCleanup)" [_thread_blocked, id=11644, stack(0x000000358b200000,0x000000358b300000)]
  0x00000167d56e0800 JavaThread "Unconstrained build operations" [_thread_blocked, id=3752, stack(0x000000358b300000,0x000000358b400000)]
  0x00000167d56dc800 JavaThread "Unconstrained build operations Thread 2" [_thread_blocked, id=7800, stack(0x000000358b800000,0x000000358b900000)]
  0x00000167d56e2000 JavaThread "Unconstrained build operations Thread 3" [_thread_blocked, id=9288, stack(0x000000358ba00000,0x000000358bb00000)]
  0x00000167d56dd000 JavaThread "Unconstrained build operations Thread 4" [_thread_blocked, id=2364, stack(0x000000358bb00000,0x000000358bc00000)]
  0x00000167d5549800 JavaThread "Unconstrained build operations Thread 5" [_thread_blocked, id=6916, stack(0x000000358bc00000,0x000000358bd00000)]
  0x00000167d5547800 JavaThread "Unconstrained build operations Thread 6" [_thread_blocked, id=3384, stack(0x000000358bd00000,0x000000358be00000)]
  0x00000167d554a000 JavaThread "Unconstrained build operations Thread 7" [_thread_blocked, id=6040, stack(0x000000358be00000,0x000000358bf00000)]
  0x00000167d5546000 JavaThread "Unconstrained build operations Thread 8" [_thread_blocked, id=10428, stack(0x000000358bf00000,0x000000358c000000)]
  0x00000167d5544800 JavaThread "Unconstrained build operations Thread 9" [_thread_blocked, id=8028, stack(0x000000358c000000,0x000000358c100000)]
  0x00000167d5547000 JavaThread "Unconstrained build operations Thread 10" [_thread_blocked, id=12256, stack(0x000000358c100000,0x000000358c200000)]
  0x00000167d5545000 JavaThread "Unconstrained build operations Thread 11" [_thread_blocked, id=12468, stack(0x000000358c200000,0x000000358c300000)]
  0x00000167d5548800 JavaThread "Unconstrained build operations Thread 12" [_thread_blocked, id=1584, stack(0x000000358c300000,0x000000358c400000)]
  0x00000167d554b800 JavaThread "Unconstrained build operations Thread 13" [_thread_blocked, id=10168, stack(0x000000358c400000,0x000000358c500000)]
  0x00000167d554f000 JavaThread "Unconstrained build operations Thread 14" [_thread_blocked, id=12484, stack(0x000000358c500000,0x000000358c600000)]
  0x00000167d554c800 JavaThread "Unconstrained build operations Thread 15" [_thread_blocked, id=1828, stack(0x000000358c600000,0x000000358c700000)]
  0x00000167d5550800 JavaThread "Unconstrained build operations Thread 16" [_thread_blocked, id=11000, stack(0x000000358c700000,0x000000358c800000)]
  0x00000167d554b000 JavaThread "Unconstrained build operations Thread 17" [_thread_blocked, id=11528, stack(0x000000358c800000,0x000000358c900000)]
  0x00000167d3af7000 JavaThread "Unconstrained build operations Thread 18" [_thread_blocked, id=2260, stack(0x000000358c900000,0x000000358ca00000)]
  0x00000167d3af8000 JavaThread "Unconstrained build operations Thread 19" [_thread_blocked, id=10844, stack(0x000000358ca00000,0x000000358cb00000)]
  0x00000167d3af4000 JavaThread "Unconstrained build operations Thread 20" [_thread_blocked, id=2884, stack(0x000000358cb00000,0x000000358cc00000)]
  0x00000167d3afd800 JavaThread "Unconstrained build operations Thread 21" [_thread_blocked, id=11572, stack(0x000000358cc00000,0x000000358cd00000)]
  0x00000167d3afb000 JavaThread "Unconstrained build operations Thread 22" [_thread_blocked, id=9488, stack(0x000000358cd00000,0x000000358ce00000)]
  0x00000167d3afe800 JavaThread "Unconstrained build operations Thread 23" [_thread_blocked, id=3716, stack(0x000000358ce00000,0x000000358cf00000)]
  0x00000167d3aff000 JavaThread "Unconstrained build operations Thread 24" [_thread_blocked, id=4196, stack(0x000000358cf00000,0x000000358d000000)]
  0x00000167d3b00000 JavaThread "Unconstrained build operations Thread 25" [_thread_blocked, id=12344, stack(0x000000358d000000,0x000000358d100000)]
  0x00000167d3b01000 JavaThread "Unconstrained build operations Thread 26" [_thread_blocked, id=976, stack(0x000000358d100000,0x000000358d200000)]
  0x00000167d3afc000 JavaThread "Unconstrained build operations Thread 27" [_thread_blocked, id=12716, stack(0x000000358d200000,0x000000358d300000)]
  0x00000167d3b01800 JavaThread "Unconstrained build operations Thread 28" [_thread_blocked, id=12340, stack(0x000000358d300000,0x000000358d400000)]
  0x00000167d3afc800 JavaThread "Unconstrained build operations Thread 29" [_thread_blocked, id=3192, stack(0x000000358d400000,0x000000358d500000)]
  0x00000167d12c8000 JavaThread "Unconstrained build operations Thread 30" [_thread_blocked, id=8696, stack(0x000000358d500000,0x000000358d600000)]
  0x00000167d12c9800 JavaThread "Unconstrained build operations Thread 31" [_thread_blocked, id=1216, stack(0x000000358d600000,0x000000358d700000)]
  0x00000167d12c8800 JavaThread "Unconstrained build operations Thread 32" [_thread_blocked, id=7568, stack(0x000000358d700000,0x000000358d800000)]
  0x00000167d12ca800 JavaThread "Unconstrained build operations Thread 33" [_thread_blocked, id=10796, stack(0x000000358d800000,0x000000358d900000)]
  0x00000167d4e08800 JavaThread "Unconstrained build operations Thread 34" [_thread_blocked, id=12756, stack(0x000000358d900000,0x000000358da00000)]
  0x00000167d4e0a000 JavaThread "Unconstrained build operations Thread 35" [_thread_blocked, id=128, stack(0x000000358da00000,0x000000358db00000)]
  0x00000167d4e06000 JavaThread "Unconstrained build operations Thread 36" [_thread_blocked, id=6268, stack(0x000000358db00000,0x000000358dc00000)]
  0x00000167d4e07800 JavaThread "Unconstrained build operations Thread 37" [_thread_blocked, id=5320, stack(0x000000358dc00000,0x000000358dd00000)]
  0x00000167d4e06800 JavaThread "Unconstrained build operations Thread 38" [_thread_blocked, id=9424, stack(0x000000358dd00000,0x000000358de00000)]
  0x00000167d4e0b000 JavaThread "Unconstrained build operations Thread 39" [_thread_blocked, id=6440, stack(0x000000358de00000,0x000000358df00000)]
  0x00000167d4e09000 JavaThread "Unconstrained build operations Thread 40" [_thread_blocked, id=11200, stack(0x000000358df00000,0x000000358e000000)]
  0x00000167d4e05000 JavaThread "Unconstrained build operations Thread 41" [_thread_blocked, id=7120, stack(0x000000358e000000,0x000000358e100000)]
  0x00000167d4e0b800 JavaThread "Unconstrained build operations Thread 42" [_thread_blocked, id=8124, stack(0x000000358e100000,0x000000358e200000)]
  0x00000167d3913800 JavaThread "Unconstrained build operations Thread 43" [_thread_blocked, id=1164, stack(0x000000358e200000,0x000000358e300000)]
  0x00000167d3916000 JavaThread "Unconstrained build operations Thread 44" [_thread_blocked, id=6924, stack(0x000000358e300000,0x000000358e400000)]
  0x00000167d3917000 JavaThread "Unconstrained build operations Thread 45" [_thread_blocked, id=7156, stack(0x000000358e400000,0x000000358e500000)]
  0x00000167d3914800 JavaThread "Unconstrained build operations Thread 46" [_thread_blocked, id=13048, stack(0x000000358e500000,0x000000358e600000)]
  0x00000167d3918000 JavaThread "Unconstrained build operations Thread 47" [_thread_blocked, id=9412, stack(0x000000358e600000,0x000000358e700000)]
  0x00000167d3912000 JavaThread "Unconstrained build operations Thread 48" [_thread_blocked, id=11016, stack(0x000000358e700000,0x000000358e800000)]
  0x00000167d3918800 JavaThread "Unconstrained build operations Thread 49" [_thread_blocked, id=7164, stack(0x000000358e800000,0x000000358e900000)]
  0x00000167d3913000 JavaThread "Unconstrained build operations Thread 50" [_thread_blocked, id=9828, stack(0x000000358e900000,0x000000358ea00000)]
  0x00000167d3919800 JavaThread "Unconstrained build operations Thread 51" [_thread_blocked, id=5956, stack(0x000000358ea00000,0x000000358eb00000)]
  0x00000167d3915800 JavaThread "Unconstrained build operations Thread 52" [_thread_blocked, id=9988, stack(0x000000358eb00000,0x000000358ec00000)]
  0x00000167d391c000 JavaThread "Unconstrained build operations Thread 53" [_thread_blocked, id=6668, stack(0x000000358ec00000,0x000000358ed00000)]
  0x00000167d391d800 JavaThread "Unconstrained build operations Thread 54" [_thread_blocked, id=1428, stack(0x000000358ed00000,0x000000358ee00000)]
  0x00000167d391b000 JavaThread "Unconstrained build operations Thread 55" [_thread_blocked, id=3788, stack(0x000000358ee00000,0x000000358ef00000)]
  0x00000167d391f000 JavaThread "Unconstrained build operations Thread 56" [_thread_blocked, id=5640, stack(0x000000358ef00000,0x000000358f000000)]
  0x00000167d391c800 JavaThread "Unconstrained build operations Thread 57" [_thread_blocked, id=5496, stack(0x000000358f000000,0x000000358f100000)]
  0x00000167d391e800 JavaThread "Unconstrained build operations Thread 58" [_thread_blocked, id=2396, stack(0x000000358f100000,0x000000358f200000)]
  0x00000167d3920000 JavaThread "Unconstrained build operations Thread 59" [_thread_blocked, id=10992, stack(0x000000358f200000,0x000000358f300000)]
  0x00000167d391a000 JavaThread "Unconstrained build operations Thread 60" [_thread_blocked, id=2936, stack(0x000000358f300000,0x000000358f400000)]
  0x00000167d3921000 JavaThread "Unconstrained build operations Thread 61" [_thread_blocked, id=8668, stack(0x000000358f400000,0x000000358f500000)]
  0x00000167d187e000 JavaThread "Unconstrained build operations Thread 62" [_thread_blocked, id=2600, stack(0x000000358f500000,0x000000358f600000)]
  0x00000167d187b000 JavaThread "Unconstrained build operations Thread 63" [_thread_blocked, id=9640, stack(0x000000358f600000,0x000000358f700000)]
  0x00000167d187b800 JavaThread "Unconstrained build operations Thread 64" [_thread_blocked, id=2616, stack(0x000000358f700000,0x000000358f800000)]
  0x00000167d187c800 JavaThread "Unconstrained build operations Thread 65" [_thread_blocked, id=5180, stack(0x000000358f800000,0x000000358f900000)]
  0x00000167d187d000 JavaThread "Unconstrained build operations Thread 66" [_thread_blocked, id=7152, stack(0x000000358f900000,0x000000358fa00000)]
  0x00000167d1878800 JavaThread "Unconstrained build operations Thread 67" [_thread_blocked, id=11196, stack(0x000000358fa00000,0x000000358fb00000)]
  0x00000167d187f000 JavaThread "Unconstrained build operations Thread 68" [_thread_blocked, id=12028, stack(0x000000358fb00000,0x000000358fc00000)]
  0x00000167d1879000 JavaThread "Unconstrained build operations Thread 69" [_thread_blocked, id=7996, stack(0x000000358fc00000,0x000000358fd00000)]
  0x00000167d187f800 JavaThread "Unconstrained build operations Thread 70" [_thread_blocked, id=1644, stack(0x000000358fd00000,0x000000358fe00000)]
  0x00000167d187a000 JavaThread "Unconstrained build operations Thread 71" [_thread_blocked, id=7324, stack(0x000000358fe00000,0x000000358ff00000)]
  0x00000167d1885800 JavaThread "Unconstrained build operations Thread 72" [_thread_blocked, id=5012, stack(0x000000358ff00000,0x0000003590000000)]
  0x00000167d1886000 JavaThread "Unconstrained build operations Thread 73" [_thread_blocked, id=1952, stack(0x0000003590000000,0x0000003590100000)]
  0x00000167d1883800 JavaThread "Unconstrained build operations Thread 74" [_thread_blocked, id=10200, stack(0x0000003590100000,0x0000003590200000)]
  0x00000167d1884800 JavaThread "Unconstrained build operations Thread 75" [_thread_blocked, id=2112, stack(0x0000003590200000,0x0000003590300000)]
  0x00000167d1881800 JavaThread "Unconstrained build operations Thread 76" [_thread_blocked, id=10480, stack(0x0000003590300000,0x0000003590400000)]
  0x00000167d1880800 JavaThread "Unconstrained build operations Thread 77" [_thread_blocked, id=1460, stack(0x0000003590400000,0x0000003590500000)]
  0x00000167d1887000 JavaThread "Unconstrained build operations Thread 78" [_thread_blocked, id=7732, stack(0x0000003590500000,0x0000003590600000)]
  0x00000167d1882000 JavaThread "Unconstrained build operations Thread 79" [_thread_blocked, id=1884, stack(0x0000003590600000,0x0000003590700000)]
  0x00000167d1883000 JavaThread "Unconstrained build operations Thread 80" [_thread_blocked, id=4752, stack(0x0000003590700000,0x0000003590800000)]
  0x00000167d465a000 JavaThread "build event listener" [_thread_blocked, id=13056, stack(0x0000003590800000,0x0000003590900000)]
  0x00000167d465a800 JavaThread "build event listener" [_thread_blocked, id=1396, stack(0x0000003591300000,0x0000003591400000)]
  0x00000167d465b800 JavaThread "included builds" [_thread_blocked, id=10912, stack(0x0000003591400000,0x0000003591500000)]
  0x00000167d465e000 JavaThread "Execution worker for ':'" [_thread_blocked, id=2608, stack(0x0000003591500000,0x0000003591600000)]
  0x00000167d465c800 JavaThread "Execution worker for ':' Thread 2" [_thread_blocked, id=7064, stack(0x0000003591600000,0x0000003591700000)]
  0x00000167d465d000 JavaThread "Execution worker for ':' Thread 3" [_thread_blocked, id=11632, stack(0x0000003591700000,0x0000003591800000)]
  0x00000167d465e800 JavaThread "Execution worker for ':' Thread 4" [_thread_blocked, id=5520, stack(0x0000003591800000,0x0000003591900000)]
  0x00000167d4659000 JavaThread "Execution worker for ':' Thread 5" [_thread_blocked, id=5540, stack(0x0000003591900000,0x0000003591a00000)]
  0x00000167d4663800 JavaThread "Execution worker for ':' Thread 6" [_thread_blocked, id=3024, stack(0x0000003591a00000,0x0000003591b00000)]
  0x00000167d4664800 JavaThread "Execution worker for ':' Thread 7" [_thread_blocked, id=11660, stack(0x0000003591b00000,0x0000003591c00000)]
  0x00000167d4661000 JavaThread "Cache worker for execution history cache (C:\Users\Marcello\AndroidStudioProjects\LivrosQueLi\.gradle\7.4\executionHistory)" [_thread_blocked, id=9072, stack(0x0000003591c00000,0x0000003591d00000)]
  0x00000167d465f800 JavaThread "RMI Scheduler(0)" daemon [_thread_blocked, id=10816, stack(0x000000358a100000,0x000000358a200000)]
  0x00000167d4663000 JavaThread "RMI GC Daemon" daemon [_thread_blocked, id=8904, stack(0x0000003591d00000,0x0000003591e00000)]
  0x00000167d4662000 JavaThread "RMI TCP Accept-0" daemon [_thread_in_native, id=2720, stack(0x0000003591e00000,0x0000003591f00000)]
  0x00000167d4666000 JavaThread "RMI Reaper" [_thread_blocked, id=10872, stack(0x0000003591f00000,0x0000003592000000)]
  0x00000167d4660800 JavaThread "RMI TCP Connection(3)-127.0.0.1" daemon [_thread_in_native, id=9240, stack(0x0000003592200000,0x0000003592300000)]
  0x00000167d4667800 JavaThread "WorkerExecutor Queue" [_thread_blocked, id=5608, stack(0x000000358a200000,0x000000358a300000)]
  0x00000167d8971000 JavaThread "RMI TCP Connection(2)-127.0.0.1" daemon [_thread_in_native, id=7828, stack(0x0000003592400000,0x0000003592500000)]
  0x00000167d8f14800 JavaThread "C2 CompilerThread1" daemon [_thread_in_native, id=7028, stack(0x0000003592000000,0x0000003592100000)]
  0x00000167d6fa5000 JavaThread "C2 CompilerThread2" daemon [_thread_in_native, id=160, stack(0x0000003592100000,0x0000003592200000)]
  0x00000167d8974800 JavaThread "Cache worker for Java compile cache (C:\Users\Marcello\.gradle\caches\7.4\javaCompile)" [_thread_in_Java, id=9564, stack(0x0000003592500000,0x0000003592600000)]
  0x00000167d8972800 JavaThread "Build operations" [_thread_blocked, id=4828, stack(0x0000003592600000,0x0000003592700000)]
  0x00000167d8973800 JavaThread "Build operations Thread 2" [_thread_blocked, id=9620, stack(0x0000003592700000,0x0000003592800000)]
  0x00000167d8972000 JavaThread "Build operations Thread 3" [_thread_blocked, id=12540, stack(0x0000003592800000,0x0000003592900000)]
  0x00000167d8970800 JavaThread "Build operations Thread 4" [_thread_blocked, id=5056, stack(0x0000003592900000,0x0000003592a00000)]
  0x00000167d8978800 JavaThread "Build operations Thread 5" [_thread_blocked, id=7992, stack(0x0000003592a00000,0x0000003592b00000)]
  0x00000167d8977000 JavaThread "Build operations Thread 6" [_thread_blocked, id=11268, stack(0x0000003592b00000,0x0000003592c00000)]
  0x00000167d897b000 JavaThread "Build operations Thread 7" [_thread_blocked, id=1892, stack(0x0000003592c00000,0x0000003592d00000)]
  0x00000167d8979800 JavaThread "Build operations Thread 8" [_thread_blocked, id=6712, stack(0x0000003592d00000,0x0000003592e00000)]

Other Threads:
  0x00000167cde99000 VMThread "VM Thread" [stack: 0x0000003588c00000,0x0000003588d00000] [id=2016]
  0x00000167ce896000 WatcherThread [stack: 0x0000003589600000,0x0000003589700000] [id=3220]
  0x00000167b39e7800 GCTaskThread "GC Thread#0" [stack: 0x0000003588700000,0x0000003588800000] [id=1524]
  0x00000167cf656800 GCTaskThread "GC Thread#1" [stack: 0x0000003589800000,0x0000003589900000] [id=9652]
  0x00000167cf654800 GCTaskThread "GC Thread#2" [stack: 0x0000003589900000,0x0000003589a00000] [id=8480]
  0x00000167cf659800 GCTaskThread "GC Thread#3" [stack: 0x0000003589a00000,0x0000003589b00000] [id=4992]
  0x00000167cf655800 GCTaskThread "GC Thread#4" [stack: 0x000000358a700000,0x000000358a800000] [id=9768]
  0x00000167cf653000 GCTaskThread "GC Thread#5" [stack: 0x000000358a800000,0x000000358a900000] [id=8080]
  0x00000167cf655000 GCTaskThread "GC Thread#6" [stack: 0x000000358a900000,0x000000358aa00000] [id=3164]
  0x00000167cf657000 GCTaskThread "GC Thread#7" [stack: 0x000000358aa00000,0x000000358ab00000] [id=1776]
  0x00000167b3a1e000 ConcurrentGCThread "G1 Main Marker" [stack: 0x0000003588800000,0x0000003588900000] [id=1960]
  0x00000167b3a20000 ConcurrentGCThread "G1 Conc#0" [stack: 0x0000003588900000,0x0000003588a00000] [id=1936]
  0x00000167cf65a000 ConcurrentGCThread "G1 Conc#1" [stack: 0x000000358ab00000,0x000000358ac00000] [id=11008]
  0x00000167cdce8800 ConcurrentGCThread "G1 Refine#0" [stack: 0x0000003588a00000,0x0000003588b00000] [id=1948]
  0x00000167d21dd800 ConcurrentGCThread "G1 Refine#1" [stack: 0x0000003591000000,0x0000003591100000] [id=4700]
  0x00000167d21de000 ConcurrentGCThread "G1 Refine#2" [stack: 0x0000003591100000,0x0000003591200000] [id=5240]
  0x00000167ce758800 ConcurrentGCThread "G1 Refine#3" [stack: 0x0000003590900000,0x0000003590a00000] [id=9176]
  0x00000167d51fa000 ConcurrentGCThread "G1 Refine#4" [stack: 0x0000003590a00000,0x0000003590b00000] [id=6544]
  0x00000167cdcec000 ConcurrentGCThread "G1 Young RemSet Sampling" [stack: 0x0000003588b00000,0x0000003588c00000] [id=2012]

Threads with active compile tasks:
C2 CompilerThread02929299 17726   !   4       com.google.common.cache.LocalCache$Segment::lockedGetOrLoad (447 bytes)
C2 CompilerThread12929299 17688       4       org.gradle.api.internal.artifacts.transform.AttributeMatchingVariantSelector::doSelect (469 bytes)
C2 CompilerThread22929299 17771       4       org.gradle.internal.logging.sink.OutputEventTransformer::onOutput (399 bytes)

VM state:not at safepoint (normal execution)

VM Mutex/Monitor currently owned by a thread: None

Heap address: 0x0000000080000000, size: 2048 MB, Compressed Oops mode: 32-bit
Narrow klass base: 0x0000000000000000, Narrow klass shift: 3
Compressed class space size: 1073741824 Address: 0x0000000100000000

Heap:
 garbage-first heap   total 196608K, used 158958K [0x0000000080000000, 0x0000000100000000)
  region size 1024K, 21 young (21504K), 3 survivors (3072K)
 Metaspace       used 123298K, capacity 126842K, committed 127056K, reserved 1159168K
  class space    used 15403K, capacity 16743K, committed 16800K, reserved 1048576K
Heap Regions: E=young(eden), S=young(survivor), O=old, HS=humongous(starts), HC=humongous(continues), CS=collection set, F=free, A=archive, TAMS=top-at-mark-start (previous, next)
|   0|0x0000000080000000, 0x0000000080100000, 0x0000000080100000|100%| O|  |TAMS 0x0000000080100000, 0x0000000080000000| Untracked 
|   1|0x0000000080100000, 0x0000000080200000, 0x0000000080200000|100%| O|  |TAMS 0x0000000080200000, 0x0000000080100000| Untracked 
|   2|0x0000000080200000, 0x0000000080300000, 0x0000000080300000|100%| O|  |TAMS 0x0000000080300000, 0x0000000080200000| Untracked 
|   3|0x0000000080300000, 0x0000000080400000, 0x0000000080400000|100%|HS|  |TAMS 0x0000000080400000, 0x0000000080300000| Complete 
|   4|0x0000000080400000, 0x0000000080500000, 0x0000000080500000|100%|HC|  |TAMS 0x0000000080500000, 0x0000000080400000| Complete 
|   5|0x0000000080500000, 0x0000000080600000, 0x0000000080600000|100%|HC|  |TAMS 0x0000000080600000, 0x0000000080500000| Complete 
|   6|0x0000000080600000, 0x0000000080700000, 0x0000000080700000|100%| O|  |TAMS 0x0000000080700000, 0x0000000080600000| Untracked 
|   7|0x0000000080700000, 0x0000000080800000, 0x0000000080800000|100%| O|  |TAMS 0x0000000080800000, 0x0000000080700000| Untracked 
|   8|0x0000000080800000, 0x0000000080900000, 0x0000000080900000|100%| O|  |TAMS 0x0000000080900000, 0x0000000080800000| Untracked 
|   9|0x0000000080900000, 0x0000000080a00000, 0x0000000080a00000|100%| O|  |TAMS 0x0000000080a00000, 0x0000000080900000| Untracked 
|  10|0x0000000080a00000, 0x0000000080b00000, 0x0000000080b00000|100%| O|  |TAMS 0x0000000080b00000, 0x0000000080a00000| Untracked 
|  11|0x0000000080b00000, 0x0000000080c00000, 0x0000000080c00000|100%| O|  |TAMS 0x0000000080c00000, 0x0000000080b00000| Untracked 
|  12|0x0000000080c00000, 0x0000000080d00000, 0x0000000080d00000|100%| O|  |TAMS 0x0000000080d00000, 0x0000000080c00000| Untracked 
|  13|0x0000000080d00000, 0x0000000080e00000, 0x0000000080e00000|100%| O|  |TAMS 0x0000000080e00000, 0x0000000080d00000| Untracked 
|  14|0x0000000080e00000, 0x0000000080f00000, 0x0000000080f00000|100%| O|  |TAMS 0x0000000080f00000, 0x0000000080e00000| Untracked 
|  15|0x0000000080f00000, 0x0000000081000000, 0x0000000081000000|100%| O|  |TAMS 0x0000000081000000, 0x0000000080f00000| Untracked 
|  16|0x0000000081000000, 0x0000000081100000, 0x0000000081100000|100%| O|  |TAMS 0x0000000081100000, 0x0000000081000000| Untracked 
|  17|0x0000000081100000, 0x0000000081200000, 0x0000000081200000|100%|HS|  |TAMS 0x0000000081200000, 0x0000000081100000| Complete 
|  18|0x0000000081200000, 0x0000000081300000, 0x0000000081300000|100%|HS|  |TAMS 0x0000000081300000, 0x0000000081200000| Complete 
|  19|0x0000000081300000, 0x0000000081400000, 0x0000000081400000|100%|HS|  |TAMS 0x0000000081400000, 0x0000000081300000| Complete 
|  20|0x0000000081400000, 0x0000000081500000, 0x0000000081500000|100%| O|  |TAMS 0x0000000081500000, 0x0000000081400000| Untracked 
|  21|0x0000000081500000, 0x0000000081600000, 0x0000000081600000|100%| O|  |TAMS 0x0000000081600000, 0x0000000081500000| Untracked 
|  22|0x0000000081600000, 0x0000000081700000, 0x0000000081700000|100%| O|  |TAMS 0x0000000081700000, 0x0000000081600000| Untracked 
|  23|0x0000000081700000, 0x0000000081800000, 0x0000000081800000|100%| O|  |TAMS 0x0000000081800000, 0x0000000081700000| Untracked 
|  24|0x0000000081800000, 0x0000000081900000, 0x0000000081900000|100%| O|  |TAMS 0x0000000081900000, 0x0000000081800000| Untracked 
|  25|0x0000000081900000, 0x0000000081a00000, 0x0000000081a00000|100%| O|  |TAMS 0x0000000081a00000, 0x0000000081900000| Untracked 
|  26|0x0000000081a00000, 0x0000000081b00000, 0x0000000081b00000|100%| O|  |TAMS 0x0000000081b00000, 0x0000000081a00000| Untracked 
|  27|0x0000000081b00000, 0x0000000081c00000, 0x0000000081c00000|100%|HS|  |TAMS 0x0000000081c00000, 0x0000000081b00000| Complete 
|  28|0x0000000081c00000, 0x0000000081d00000, 0x0000000081d00000|100%|HC|  |TAMS 0x0000000081d00000, 0x0000000081c00000| Complete 
|  29|0x0000000081d00000, 0x0000000081e00000, 0x0000000081e00000|100%|HC|  |TAMS 0x0000000081e00000, 0x0000000081d00000| Complete 
|  30|0x0000000081e00000, 0x0000000081f00000, 0x0000000081f00000|100%| O|  |TAMS 0x0000000081f00000, 0x0000000081e00000| Untracked 
|  31|0x0000000081f00000, 0x0000000082000000, 0x0000000082000000|100%|HS|  |TAMS 0x0000000082000000, 0x0000000081f00000| Complete 
|  32|0x0000000082000000, 0x0000000082100000, 0x0000000082100000|100%|HC|  |TAMS 0x0000000082100000, 0x0000000082000000| Complete 
|  33|0x0000000082100000, 0x0000000082200000, 0x0000000082200000|100%| O|  |TAMS 0x0000000082200000, 0x0000000082100000| Untracked 
|  34|0x0000000082200000, 0x0000000082300000, 0x0000000082300000|100%| O|  |TAMS 0x0000000082300000, 0x0000000082200000| Untracked 
|  35|0x0000000082300000, 0x0000000082400000, 0x0000000082400000|100%| O|  |TAMS 0x0000000082400000, 0x0000000082300000| Untracked 
|  36|0x0000000082400000, 0x0000000082500000, 0x0000000082500000|100%| O|  |TAMS 0x0000000082500000, 0x0000000082400000| Untracked 
|  37|0x0000000082500000, 0x0000000082600000, 0x0000000082600000|100%| O|  |TAMS 0x0000000082600000, 0x0000000082500000| Untracked 
|  38|0x0000000082600000, 0x0000000082700000, 0x0000000082700000|100%| O|  |TAMS 0x0000000082700000, 0x0000000082600000| Untracked 
|  39|0x0000000082700000, 0x0000000082800000, 0x0000000082800000|100%| O|  |TAMS 0x0000000082800000, 0x0000000082700000| Untracked 
|  40|0x0000000082800000, 0x0000000082900000, 0x0000000082900000|100%| O|  |TAMS 0x0000000082900000, 0x0000000082800000| Untracked 
|  41|0x0000000082900000, 0x0000000082a00000, 0x0000000082a00000|100%|HS|  |TAMS 0x0000000082900000, 0x0000000082900000| Complete 
|  42|0x0000000082a00000, 0x0000000082b00000, 0x0000000082b00000|100%| O|  |TAMS 0x0000000082b00000, 0x0000000082a00000| Untracked 
|  43|0x0000000082b00000, 0x0000000082c00000, 0x0000000082c00000|100%| O|  |TAMS 0x0000000082c00000, 0x0000000082b00000| Untracked 
|  44|0x0000000082c00000, 0x0000000082d00000, 0x0000000082d00000|100%| O|  |TAMS 0x0000000082d00000, 0x0000000082c00000| Untracked 
|  45|0x0000000082d00000, 0x0000000082e00000, 0x0000000082e00000|100%| O|  |TAMS 0x0000000082e00000, 0x0000000082d00000| Untracked 
|  46|0x0000000082e00000, 0x0000000082f00000, 0x0000000082f00000|100%| O|  |TAMS 0x0000000082f00000, 0x0000000082e00000| Untracked 
|  47|0x0000000082f00000, 0x0000000083000000, 0x0000000083000000|100%| O|  |TAMS 0x0000000083000000, 0x0000000082f00000| Untracked 
|  48|0x0000000083000000, 0x0000000083100000, 0x0000000083100000|100%| O|  |TAMS 0x0000000083100000, 0x0000000083000000| Untracked 
|  49|0x0000000083100000, 0x0000000083200000, 0x0000000083200000|100%| O|  |TAMS 0x0000000083200000, 0x0000000083100000| Untracked 
|  50|0x0000000083200000, 0x0000000083300000, 0x0000000083300000|100%| O|  |TAMS 0x0000000083300000, 0x0000000083200000| Untracked 
|  51|0x0000000083300000, 0x0000000083400000, 0x0000000083400000|100%| O|  |TAMS 0x0000000083400000, 0x0000000083300000| Untracked 
|  52|0x0000000083400000, 0x0000000083500000, 0x0000000083500000|100%| O|  |TAMS 0x0000000083500000, 0x0000000083400000| Untracked 
|  53|0x0000000083500000, 0x0000000083600000, 0x0000000083600000|100%| O|  |TAMS 0x0000000083600000, 0x0000000083500000| Untracked 
|  54|0x0000000083600000, 0x0000000083700000, 0x0000000083700000|100%| O|  |TAMS 0x0000000083700000, 0x0000000083600000| Untracked 
|  55|0x0000000083700000, 0x0000000083800000, 0x0000000083800000|100%| O|  |TAMS 0x0000000083800000, 0x0000000083700000| Untracked 
|  56|0x0000000083800000, 0x0000000083900000, 0x0000000083900000|100%| O|  |TAMS 0x0000000083900000, 0x0000000083800000| Untracked 
|  57|0x0000000083900000, 0x0000000083900000, 0x0000000083a00000|  0%| F|  |TAMS 0x0000000083900000, 0x0000000083900000| Untracked 
|  58|0x0000000083a00000, 0x0000000083b00000, 0x0000000083b00000|100%| O|  |TAMS 0x0000000083b00000, 0x0000000083a00000| Untracked 
|  59|0x0000000083b00000, 0x0000000083c00000, 0x0000000083c00000|100%| O|  |TAMS 0x0000000083c00000, 0x0000000083b00000| Untracked 
|  60|0x0000000083c00000, 0x0000000083d00000, 0x0000000083d00000|100%| O|  |TAMS 0x0000000083d00000, 0x0000000083c00000| Untracked 
|  61|0x0000000083d00000, 0x0000000083e00000, 0x0000000083e00000|100%|HS|  |TAMS 0x0000000083e00000, 0x0000000083d00000| Complete 
|  62|0x0000000083e00000, 0x0000000083f00000, 0x0000000083f00000|100%|HC|  |TAMS 0x0000000083f00000, 0x0000000083e00000| Complete 
|  63|0x0000000083f00000, 0x0000000084000000, 0x0000000084000000|100%| O|  |TAMS 0x0000000084000000, 0x0000000083f00000| Untracked 
|  64|0x0000000084000000, 0x0000000084100000, 0x0000000084100000|100%| O|  |TAMS 0x0000000084100000, 0x0000000084000000| Untracked 
|  65|0x0000000084100000, 0x0000000084200000, 0x0000000084200000|100%| O|  |TAMS 0x0000000084200000, 0x0000000084100000| Untracked 
|  66|0x0000000084200000, 0x0000000084300000, 0x0000000084300000|100%| O|  |TAMS 0x0000000084300000, 0x0000000084200000| Untracked 
|  67|0x0000000084300000, 0x0000000084400000, 0x0000000084400000|100%| O|  |TAMS 0x0000000084400000, 0x0000000084300000| Untracked 
|  68|0x0000000084400000, 0x0000000084500000, 0x0000000084500000|100%| O|  |TAMS 0x0000000084500000, 0x0000000084400000| Untracked 
|  69|0x0000000084500000, 0x0000000084600000, 0x0000000084600000|100%| O|  |TAMS 0x0000000084600000, 0x0000000084500000| Untracked 
|  70|0x0000000084600000, 0x0000000084700000, 0x0000000084700000|100%| O|  |TAMS 0x0000000084700000, 0x0000000084600000| Untracked 
|  71|0x0000000084700000, 0x0000000084800000, 0x0000000084800000|100%| O|  |TAMS 0x0000000084700000, 0x0000000084700000| Untracked 
|  72|0x0000000084800000, 0x0000000084900000, 0x0000000084900000|100%| O|  |TAMS 0x0000000084900000, 0x0000000084800000| Untracked 
|  73|0x0000000084900000, 0x0000000084a00000, 0x0000000084a00000|100%| O|  |TAMS 0x0000000084a00000, 0x0000000084900000| Untracked 
|  74|0x0000000084a00000, 0x0000000084b00000, 0x0000000084b00000|100%| O|  |TAMS 0x0000000084a00000, 0x0000000084a00000| Untracked 
|  75|0x0000000084b00000, 0x0000000084c00000, 0x0000000084c00000|100%| O|  |TAMS 0x0000000084c00000, 0x0000000084b00000| Untracked 
|  76|0x0000000084c00000, 0x0000000084d00000, 0x0000000084d00000|100%| O|  |TAMS 0x0000000084d00000, 0x0000000084c00000| Untracked 
|  77|0x0000000084d00000, 0x0000000084e00000, 0x0000000084e00000|100%| O|  |TAMS 0x0000000084e00000, 0x0000000084d00000| Untracked 
|  78|0x0000000084e00000, 0x0000000084f00000, 0x0000000084f00000|100%| O|  |TAMS 0x0000000084f00000, 0x0000000084e00000| Untracked 
|  79|0x0000000084f00000, 0x0000000085000000, 0x0000000085000000|100%| O|  |TAMS 0x0000000085000000, 0x0000000084f00000| Untracked 
|  80|0x0000000085000000, 0x0000000085100000, 0x0000000085100000|100%| O|  |TAMS 0x0000000085100000, 0x0000000085000000| Untracked 
|  81|0x0000000085100000, 0x0000000085200000, 0x0000000085200000|100%| O|  |TAMS 0x0000000085200000, 0x0000000085100000| Untracked 
|  82|0x0000000085200000, 0x0000000085300000, 0x0000000085300000|100%| O|  |TAMS 0x0000000085300000, 0x0000000085200000| Untracked 
|  83|0x0000000085300000, 0x0000000085400000, 0x0000000085400000|100%| O|  |TAMS 0x0000000085400000, 0x0000000085300000| Untracked 
|  84|0x0000000085400000, 0x0000000085500000, 0x0000000085500000|100%| O|  |TAMS 0x0000000085500000, 0x0000000085400000| Untracked 
|  85|0x0000000085500000, 0x0000000085600000, 0x0000000085600000|100%| O|  |TAMS 0x0000000085600000, 0x0000000085500000| Untracked 
|  86|0x0000000085600000, 0x0000000085700000, 0x0000000085700000|100%| O|  |TAMS 0x0000000085600000, 0x0000000085600000| Untracked 
|  87|0x0000000085700000, 0x0000000085800000, 0x0000000085800000|100%| O|  |TAMS 0x0000000085800000, 0x0000000085700000| Untracked 
|  88|0x0000000085800000, 0x0000000085900000, 0x0000000085900000|100%| O|  |TAMS 0x0000000085900000, 0x0000000085800000| Untracked 
|  89|0x0000000085900000, 0x0000000085a00000, 0x0000000085a00000|100%| O|  |TAMS 0x0000000085a00000, 0x0000000085900000| Untracked 
|  90|0x0000000085a00000, 0x0000000085b00000, 0x0000000085b00000|100%| O|  |TAMS 0x0000000085b00000, 0x0000000085a00000| Untracked 
|  91|0x0000000085b00000, 0x0000000085c00000, 0x0000000085c00000|100%|HS|  |TAMS 0x0000000085c00000, 0x0000000085b00000| Complete 
|  92|0x0000000085c00000, 0x0000000085d00000, 0x0000000085d00000|100%|HC|  |TAMS 0x0000000085d00000, 0x0000000085c00000| Complete 
|  93|0x0000000085d00000, 0x0000000085e00000, 0x0000000085e00000|100%|HC|  |TAMS 0x0000000085e00000, 0x0000000085d00000| Complete 
|  94|0x0000000085e00000, 0x0000000085f00000, 0x0000000085f00000|100%| O|  |TAMS 0x0000000085f00000, 0x0000000085e00000| Untracked 
|  95|0x0000000085f00000, 0x0000000086000000, 0x0000000086000000|100%| O|  |TAMS 0x0000000086000000, 0x0000000085f00000| Untracked 
|  96|0x0000000086000000, 0x0000000086100000, 0x0000000086100000|100%| O|  |TAMS 0x0000000086100000, 0x0000000086000000| Untracked 
|  97|0x0000000086100000, 0x0000000086200000, 0x0000000086200000|100%| O|  |TAMS 0x0000000086200000, 0x0000000086100000| Untracked 
|  98|0x0000000086200000, 0x0000000086300000, 0x0000000086300000|100%| O|  |TAMS 0x0000000086300000, 0x0000000086200000| Untracked 
|  99|0x0000000086300000, 0x0000000086400000, 0x0000000086400000|100%| O|  |TAMS 0x0000000086400000, 0x0000000086300000| Untracked 
| 100|0x0000000086400000, 0x0000000086500000, 0x0000000086500000|100%| O|  |TAMS 0x0000000086500000, 0x0000000086400000| Untracked 
| 101|0x0000000086500000, 0x0000000086600000, 0x0000000086600000|100%| O|  |TAMS 0x0000000086600000, 0x0000000086500000| Untracked 
| 102|0x0000000086600000, 0x0000000086700000, 0x0000000086700000|100%|HS|  |TAMS 0x0000000086700000, 0x0000000086600000| Complete 
| 103|0x0000000086700000, 0x0000000086800000, 0x0000000086800000|100%|HC|  |TAMS 0x0000000086800000, 0x0000000086700000| Complete 
| 104|0x0000000086800000, 0x0000000086900000, 0x0000000086900000|100%| O|  |TAMS 0x0000000086900000, 0x0000000086800000| Untracked 
| 105|0x0000000086900000, 0x0000000086900000, 0x0000000086a00000|  0%| F|  |TAMS 0x0000000086900000, 0x0000000086900000| Untracked 
| 106|0x0000000086a00000, 0x0000000086a00000, 0x0000000086b00000|  0%| F|  |TAMS 0x0000000086a00000, 0x0000000086a00000| Untracked 
| 107|0x0000000086b00000, 0x0000000086c00000, 0x0000000086c00000|100%| O|  |TAMS 0x0000000086c00000, 0x0000000086b00000| Untracked 
| 108|0x0000000086c00000, 0x0000000086d00000, 0x0000000086d00000|100%| O|  |TAMS 0x0000000086d00000, 0x0000000086c00000| Untracked 
| 109|0x0000000086d00000, 0x0000000086d00000, 0x0000000086e00000|  0%| F|  |TAMS 0x0000000086d00000, 0x0000000086d00000| Untracked 
| 110|0x0000000086e00000, 0x0000000086e00000, 0x0000000086f00000|  0%| F|  |TAMS 0x0000000086e00000, 0x0000000086e00000| Untracked 
| 111|0x0000000086f00000, 0x0000000087000000, 0x0000000087000000|100%| O|  |TAMS 0x0000000087000000, 0x0000000086f00000| Untracked 
| 112|0x0000000087000000, 0x0000000087100000, 0x0000000087100000|100%| O|  |TAMS 0x0000000087100000, 0x0000000087000000| Untracked 
| 113|0x0000000087100000, 0x0000000087200000, 0x0000000087200000|100%| O|  |TAMS 0x0000000087200000, 0x0000000087100000| Untracked 
| 114|0x0000000087200000, 0x0000000087300000, 0x0000000087300000|100%| O|  |TAMS 0x0000000087300000, 0x0000000087200000| Untracked 
| 115|0x0000000087300000, 0x0000000087400000, 0x0000000087400000|100%| O|  |TAMS 0x0000000087400000, 0x0000000087300000| Untracked 
| 116|0x0000000087400000, 0x0000000087500000, 0x0000000087500000|100%| O|  |TAMS 0x0000000087500000, 0x0000000087400000| Untracked 
| 117|0x0000000087500000, 0x0000000087600000, 0x0000000087600000|100%| O|  |TAMS 0x0000000087600000, 0x0000000087500000| Untracked 
| 118|0x0000000087600000, 0x0000000087700000, 0x0000000087700000|100%| O|  |TAMS 0x0000000087700000, 0x0000000087600000| Untracked 
| 119|0x0000000087700000, 0x0000000087800000, 0x0000000087800000|100%| O|  |TAMS 0x0000000087800000, 0x0000000087700000| Untracked 
| 120|0x0000000087800000, 0x0000000087900000, 0x0000000087900000|100%| O|  |TAMS 0x0000000087900000, 0x0000000087800000| Untracked 
| 121|0x0000000087900000, 0x0000000087a00000, 0x0000000087a00000|100%| O|  |TAMS 0x0000000087a00000, 0x0000000087900000| Untracked 
| 122|0x0000000087a00000, 0x0000000087b00000, 0x0000000087b00000|100%| O|  |TAMS 0x0000000087b00000, 0x0000000087a00000| Untracked 
| 123|0x0000000087b00000, 0x0000000087c00000, 0x0000000087c00000|100%| O|  |TAMS 0x0000000087b00000, 0x0000000087b00000| Untracked 
| 124|0x0000000087c00000, 0x0000000087d00000, 0x0000000087d00000|100%| O|  |TAMS 0x0000000087d00000, 0x0000000087c00000| Untracked 
| 125|0x0000000087d00000, 0x0000000087e00000, 0x0000000087e00000|100%| O|  |TAMS 0x0000000087e00000, 0x0000000087d00000| Untracked 
| 126|0x0000000087e00000, 0x0000000087f00000, 0x0000000087f00000|100%| O|  |TAMS 0x0000000087f00000, 0x0000000087e00000| Untracked 
| 127|0x0000000087f00000, 0x0000000088000000, 0x0000000088000000|100%| O|  |TAMS 0x0000000088000000, 0x0000000087f00000| Untracked 
| 128|0x0000000088000000, 0x0000000088100000, 0x0000000088100000|100%| O|  |TAMS 0x0000000088100000, 0x0000000088000000| Untracked 
| 129|0x0000000088100000, 0x0000000088200000, 0x0000000088200000|100%| O|  |TAMS 0x0000000088200000, 0x0000000088100000| Untracked 
| 130|0x0000000088200000, 0x0000000088300000, 0x0000000088300000|100%| O|  |TAMS 0x0000000088300000, 0x0000000088200000| Untracked 
| 131|0x0000000088300000, 0x0000000088400000, 0x0000000088400000|100%| O|  |TAMS 0x0000000088400000, 0x0000000088300000| Untracked 
| 132|0x0000000088400000, 0x0000000088400000, 0x0000000088500000|  0%| F|  |TAMS 0x0000000088400000, 0x0000000088400000| Untracked 
| 133|0x0000000088500000, 0x0000000088600000, 0x0000000088600000|100%| O|  |TAMS 0x0000000088600000, 0x0000000088500000| Untracked 
| 134|0x0000000088600000, 0x0000000088700000, 0x0000000088700000|100%| O|  |TAMS 0x0000000088700000, 0x0000000088600000| Untracked 
| 135|0x0000000088700000, 0x0000000088800000, 0x0000000088800000|100%| O|  |TAMS 0x0000000088800000, 0x0000000088700000| Untracked 
| 136|0x0000000088800000, 0x0000000088900000, 0x0000000088900000|100%| O|  |TAMS 0x0000000088900000, 0x0000000088800000| Untracked 
| 137|0x0000000088900000, 0x0000000088a00000, 0x0000000088a00000|100%| O|  |TAMS 0x0000000088a00000, 0x0000000088900000| Untracked 
| 138|0x0000000088a00000, 0x0000000088b00000, 0x0000000088b00000|100%| O|  |TAMS 0x0000000088b00000, 0x0000000088a00000| Untracked 
| 139|0x0000000088b00000, 0x0000000088c00000, 0x0000000088c00000|100%| O|  |TAMS 0x0000000088c00000, 0x0000000088b00000| Untracked 
| 140|0x0000000088c00000, 0x0000000088c00000, 0x0000000088d00000|  0%| F|  |TAMS 0x0000000088c00000, 0x0000000088c00000| Untracked 
| 141|0x0000000088d00000, 0x0000000088e00000, 0x0000000088e00000|100%| O|  |TAMS 0x0000000088d59600, 0x0000000088d00000| Untracked 
| 142|0x0000000088e00000, 0x0000000088f00000, 0x0000000088f00000|100%| O|  |TAMS 0x0000000088e00000, 0x0000000088e00000| Untracked 
| 143|0x0000000088f00000, 0x0000000088f3fe00, 0x0000000089000000| 24%| O|  |TAMS 0x0000000088f00000, 0x0000000088f00000| Untracked 
| 144|0x0000000089000000, 0x0000000089000000, 0x0000000089100000|  0%| F|  |TAMS 0x0000000089000000, 0x0000000089000000| Untracked 
| 145|0x0000000089100000, 0x0000000089100000, 0x0000000089200000|  0%| F|  |TAMS 0x0000000089100000, 0x0000000089100000| Untracked 
| 146|0x0000000089200000, 0x0000000089200000, 0x0000000089300000|  0%| F|  |TAMS 0x0000000089200000, 0x0000000089200000| Untracked 
| 147|0x0000000089300000, 0x0000000089300000, 0x0000000089400000|  0%| F|  |TAMS 0x0000000089300000, 0x0000000089300000| Untracked 
| 148|0x0000000089400000, 0x0000000089400000, 0x0000000089500000|  0%| F|  |TAMS 0x0000000089400000, 0x0000000089400000| Untracked 
| 149|0x0000000089500000, 0x0000000089500000, 0x0000000089600000|  0%| F|  |TAMS 0x0000000089500000, 0x0000000089500000| Untracked 
| 150|0x0000000089600000, 0x0000000089600000, 0x0000000089700000|  0%| F|  |TAMS 0x0000000089600000, 0x0000000089600000| Untracked 
| 151|0x0000000089700000, 0x0000000089700000, 0x0000000089800000|  0%| F|  |TAMS 0x0000000089700000, 0x0000000089700000| Untracked 
| 152|0x0000000089800000, 0x0000000089800000, 0x0000000089900000|  0%| F|  |TAMS 0x0000000089800000, 0x0000000089800000| Untracked 
| 153|0x0000000089900000, 0x0000000089900000, 0x0000000089a00000|  0%| F|  |TAMS 0x0000000089900000, 0x0000000089900000| Untracked 
| 154|0x0000000089a00000, 0x0000000089a00000, 0x0000000089b00000|  0%| F|  |TAMS 0x0000000089a00000, 0x0000000089a00000| Untracked 
| 155|0x0000000089b00000, 0x0000000089b00000, 0x0000000089c00000|  0%| F|  |TAMS 0x0000000089b00000, 0x0000000089b00000| Untracked 
| 156|0x0000000089c00000, 0x0000000089c00000, 0x0000000089d00000|  0%| F|  |TAMS 0x0000000089c00000, 0x0000000089c00000| Untracked 
| 157|0x0000000089d00000, 0x0000000089d00000, 0x0000000089e00000|  0%| F|  |TAMS 0x0000000089d00000, 0x0000000089d00000| Untracked 
| 158|0x0000000089e00000, 0x0000000089e00000, 0x0000000089f00000|  0%| F|  |TAMS 0x0000000089e00000, 0x0000000089e00000| Untracked 
| 159|0x0000000089f00000, 0x0000000089f00000, 0x000000008a000000|  0%| F|  |TAMS 0x0000000089f00000, 0x0000000089f00000| Untracked 
| 160|0x000000008a000000, 0x000000008a000000, 0x000000008a100000|  0%| F|  |TAMS 0x000000008a000000, 0x000000008a000000| Untracked 
| 161|0x000000008a100000, 0x000000008a100000, 0x000000008a200000|  0%| F|  |TAMS 0x000000008a100000, 0x000000008a100000| Untracked 
| 162|0x000000008a200000, 0x000000008a2fba38, 0x000000008a300000| 98%| S|CS|TAMS 0x000000008a200000, 0x000000008a200000| Complete 
| 163|0x000000008a300000, 0x000000008a400000, 0x000000008a400000|100%| S|CS|TAMS 0x000000008a300000, 0x000000008a300000| Complete 
| 164|0x000000008a400000, 0x000000008a500000, 0x000000008a500000|100%| S|CS|TAMS 0x000000008a400000, 0x000000008a400000| Complete 
| 165|0x000000008a500000, 0x000000008a500000, 0x000000008a600000|  0%| F|  |TAMS 0x000000008a500000, 0x000000008a500000| Untracked 
| 166|0x000000008a600000, 0x000000008a600000, 0x000000008a700000|  0%| F|  |TAMS 0x000000008a600000, 0x000000008a600000| Untracked 
| 167|0x000000008a700000, 0x000000008a700000, 0x000000008a800000|  0%| F|  |TAMS 0x000000008a700000, 0x000000008a700000| Untracked 
| 168|0x000000008a800000, 0x000000008a800000, 0x000000008a900000|  0%| F|  |TAMS 0x000000008a800000, 0x000000008a800000| Untracked 
| 169|0x000000008a900000, 0x000000008a900000, 0x000000008aa00000|  0%| F|  |TAMS 0x000000008a900000, 0x000000008a900000| Untracked 
| 170|0x000000008aa00000, 0x000000008aa00000, 0x000000008ab00000|  0%| F|  |TAMS 0x000000008aa00000, 0x000000008aa00000| Untracked 
| 171|0x000000008ab00000, 0x000000008ab00000, 0x000000008ac00000|  0%| F|  |TAMS 0x000000008ab00000, 0x000000008ab00000| Untracked 
| 172|0x000000008ac00000, 0x000000008aceb698, 0x000000008ad00000| 91%| E|  |TAMS 0x000000008ac00000, 0x000000008ac00000| Complete 
| 173|0x000000008ad00000, 0x000000008ae00000, 0x000000008ae00000|100%| E|CS|TAMS 0x000000008ad00000, 0x000000008ad00000| Complete 
| 174|0x000000008ae00000, 0x000000008af00000, 0x000000008af00000|100%| E|CS|TAMS 0x000000008ae00000, 0x000000008ae00000| Complete 
| 175|0x000000008af00000, 0x000000008b000000, 0x000000008b000000|100%| E|CS|TAMS 0x000000008af00000, 0x000000008af00000| Complete 
| 176|0x000000008b000000, 0x000000008b100000, 0x000000008b100000|100%| E|CS|TAMS 0x000000008b000000, 0x000000008b000000| Complete 
| 177|0x000000008b100000, 0x000000008b200000, 0x000000008b200000|100%| E|CS|TAMS 0x000000008b100000, 0x000000008b100000| Complete 
| 178|0x000000008b200000, 0x000000008b300000, 0x000000008b300000|100%| E|CS|TAMS 0x000000008b200000, 0x000000008b200000| Complete 
| 179|0x000000008b300000, 0x000000008b400000, 0x000000008b400000|100%| E|CS|TAMS 0x000000008b300000, 0x000000008b300000| Complete 
| 180|0x000000008b400000, 0x000000008b500000, 0x000000008b500000|100%| E|CS|TAMS 0x000000008b400000, 0x000000008b400000| Complete 
| 181|0x000000008b500000, 0x000000008b600000, 0x000000008b600000|100%| E|CS|TAMS 0x000000008b500000, 0x000000008b500000| Complete 
| 182|0x000000008b600000, 0x000000008b700000, 0x000000008b700000|100%| E|CS|TAMS 0x000000008b600000, 0x000000008b600000| Complete 
| 183|0x000000008b700000, 0x000000008b800000, 0x000000008b800000|100%| E|CS|TAMS 0x000000008b700000, 0x000000008b700000| Complete 
| 184|0x000000008b800000, 0x000000008b900000, 0x000000008b900000|100%| E|CS|TAMS 0x000000008b800000, 0x000000008b800000| Complete 
| 185|0x000000008b900000, 0x000000008ba00000, 0x000000008ba00000|100%| E|  |TAMS 0x000000008b900000, 0x000000008b900000| Complete 
| 186|0x000000008ba00000, 0x000000008bb00000, 0x000000008bb00000|100%| E|CS|TAMS 0x000000008ba00000, 0x000000008ba00000| Complete 
| 187|0x000000008bb00000, 0x000000008bc00000, 0x000000008bc00000|100%| E|CS|TAMS 0x000000008bb00000, 0x000000008bb00000| Complete 
| 188|0x000000008bc00000, 0x000000008bd00000, 0x000000008bd00000|100%| E|CS|TAMS 0x000000008bc00000, 0x000000008bc00000| Complete 
| 189|0x000000008bd00000, 0x000000008be00000, 0x000000008be00000|100%| E|CS|TAMS 0x000000008bd00000, 0x000000008bd00000| Complete 
| 190|0x000000008be00000, 0x000000008bf00000, 0x000000008bf00000|100%| E|CS|TAMS 0x000000008be00000, 0x000000008be00000| Complete 
| 191|0x000000008bf00000, 0x000000008c000000, 0x000000008c000000|100%| E|CS|TAMS 0x000000008bf00000, 0x000000008bf00000| Complete 

Card table byte_map: [0x00000167c6c20000,0x00000167c7020000] _byte_map_base: 0x00000167c6820000

Marking Bits (Prev, Next): (CMBitMap*) 0x00000167b3a151c0, (CMBitMap*) 0x00000167b3a15188
 Prev Bits: [0x00000167c9420000, 0x00000167cb420000)
 Next Bits: [0x00000167c7420000, 0x00000167c9420000)

Polling page: 0x00000167b1960000

Metaspace:

Usage:
  Non-class:    107.52 MB capacity,   105.37 MB ( 98%) used,     1.75 MB (  2%) free+waste,   408.50 KB ( <1%) overhead. 
      Class:     16.35 MB capacity,    15.04 MB ( 92%) used,     1.13 MB (  7%) free+waste,   181.25 KB (  1%) overhead. 
       Both:    123.87 MB capacity,   120.41 MB ( 97%) used,     2.88 MB (  2%) free+waste,   589.75 KB ( <1%) overhead. 

Virtual space:
  Non-class space:      108.00 MB reserved,     107.67 MB (>99%) committed 
      Class space:        1.00 GB reserved,      16.41 MB (  2%) committed 
             Both:        1.11 GB reserved,     124.08 MB ( 11%) committed 

Chunk freelists:
   Non-Class:  29.00 KB
       Class:  0 bytes
        Both:  29.00 KB

MaxMetaspaceSize: 17179869184.00 GB
CompressedClassSpaceSize: 1.00 GB
Initial GC threshold: 20.80 MB
Current GC threshold: 200.96 MB
CDS: off

CodeHeap 'non-profiled nmethods': size=120000Kb used=11777Kb max_used=12503Kb free=108222Kb
 bounds [0x00000167befb0000, 0x00000167bfbf0000, 0x00000167c64e0000]
CodeHeap 'profiled nmethods': size=120000Kb used=38306Kb max_used=40053Kb free=81694Kb
 bounds [0x00000167b7a80000, 0x00000167ba1c0000, 0x00000167befb0000]
CodeHeap 'non-nmethods': size=5760Kb used=2436Kb max_used=2487Kb free=3323Kb
 bounds [0x00000167b74e0000, 0x00000167b7760000, 0x00000167b7a80000]
 total_blobs=17799 nmethods=16827 adapters=884
 compilation: enabled
              stopped_count=0, restarted_count=0
 full_count=0

Compilation events (20 events):
Event: 2929.174 Thread 0x00000167ce70e000 17779       3       java.lang.Math::ceil (5 bytes)
Event: 2929.174 Thread 0x00000167ce70e000 nmethod 17779 0x00000167b859e710 code [0x00000167b859e900, 0x00000167b859ea88]
Event: 2929.175 Thread 0x00000167ce70e000 17780       3       java.lang.StrictMath::ceil (10 bytes)
Event: 2929.175 Thread 0x00000167ce70e000 nmethod 17780 0x00000167b8053990 code [0x00000167b8053b80, 0x00000167b8053ca8]
Event: 2929.175 Thread 0x00000167ce70e000 17781       3       java.lang.Math::getExponent (17 bytes)
Event: 2929.175 Thread 0x00000167ce70e000 nmethod 17781 0x00000167b7cf7410 code [0x00000167b7cf75c0, 0x00000167b7cf76d8]
Event: 2929.175 Thread 0x00000167ce70e000 17782       3       java.lang.StrictMath::floorOrCeil (128 bytes)
Event: 2929.176 Thread 0x00000167ce70e000 nmethod 17782 0x00000167b7eafe10 code [0x00000167b7eaffe0, 0x00000167b7eb0438]
Event: 2929.176 Thread 0x00000167ce70e000 17784       3       it.unimi.dsi.fastutil.ints.AbstractIntSet::<init> (5 bytes)
Event: 2929.176 Thread 0x00000167ce70e000 nmethod 17784 0x00000167b7ee7b10 code [0x00000167b7ee7ce0, 0x00000167b7ee7ef8]
Event: 2929.176 Thread 0x00000167ce70e000 17783       3       it.unimi.dsi.fastutil.ints.IntOpenHashSet::<init> (94 bytes)
Event: 2929.177 Thread 0x00000167ce70e000 nmethod 17783 0x00000167b7f86510 code [0x00000167b7f867a0, 0x00000167b7f87078]
Event: 2929.182 Thread 0x00000167ce70e000 17787       3       org.gradle.internal.serialize.HashCodeSerializer::write (10 bytes)
Event: 2929.183 Thread 0x00000167ce70e000 nmethod 17787 0x00000167b8279490 code [0x00000167b82796a0, 0x00000167b8279dc8]
Event: 2929.189 Thread 0x00000167ce70e000 17789       3       org.gradle.internal.io.StreamByteBuffer::prepareRead (102 bytes)
Event: 2929.190 Thread 0x00000167ce70e000 nmethod 17789 0x00000167b7c65390 code [0x00000167b7c655c0, 0x00000167b7c65df8]
Event: 2929.192 Thread 0x00000167d6fa5000 nmethod 17760 0x00000167bf16c110 code [0x00000167bf16c360, 0x00000167bf16cd80]
Event: 2929.192 Thread 0x00000167d6fa5000 17788       4       org.gradle.api.internal.cache.StringInterner::intern (9 bytes)
Event: 2929.193 Thread 0x00000167ce70e000 17790       3       it.unimi.dsi.fastutil.HashCommon::nextPowerOfTwo (53 bytes)
Event: 2929.193 Thread 0x00000167ce70e000 nmethod 17790 0x00000167b809bb90 code [0x00000167b809bd40, 0x00000167b809bef8]

GC Heap History (20 events):
Event: 2914.207 GC heap before
{Heap before GC invocations=40 (full 0):
 garbage-first heap   total 196608K, used 123078K [0x0000000080000000, 0x0000000100000000)
  region size 1024K, 9 young (9216K), 5 survivors (5120K)
 Metaspace       used 107708K, capacity 110314K, committed 110544K, reserved 1144832K
  class space    used 13562K, capacity 14592K, committed 14624K, reserved 1048576K
}
Event: 2914.218 GC heap after
{Heap after GC invocations=41 (full 0):
 garbage-first heap   total 196608K, used 116120K [0x0000000080000000, 0x0000000100000000)
  region size 1024K, 1 young (1024K), 1 survivors (1024K)
 Metaspace       used 107708K, capacity 110314K, committed 110544K, reserved 1144832K
  class space    used 13562K, capacity 14592K, committed 14624K, reserved 1048576K
}
Event: 2918.612 GC heap before
{Heap before GC invocations=41 (full 0):
 garbage-first heap   total 196608K, used 168344K [0x0000000080000000, 0x0000000100000000)
  region size 1024K, 48 young (49152K), 1 survivors (1024K)
 Metaspace       used 109090K, capacity 111675K, committed 111952K, reserved 1146880K
  class space    used 13694K, capacity 14704K, committed 14752K, reserved 1048576K
}
Event: 2918.623 GC heap after
{Heap after GC invocations=42 (full 0):
 garbage-first heap   total 196608K, used 131153K [0x0000000080000000, 0x0000000100000000)
  region size 1024K, 6 young (6144K), 6 survivors (6144K)
 Metaspace       used 109090K, capacity 111675K, committed 111952K, reserved 1146880K
  class space    used 13694K, capacity 14704K, committed 14752K, reserved 1048576K
}
Event: 2919.425 GC heap before
{Heap before GC invocations=43 (full 0):
 garbage-first heap   total 196608K, used 165969K [0x0000000080000000, 0x0000000100000000)
  region size 1024K, 37 young (37888K), 6 survivors (6144K)
 Metaspace       used 112913K, capacity 115657K, committed 115792K, reserved 1150976K
  class space    used 14160K, capacity 15200K, committed 15264K, reserved 1048576K
}
Event: 2919.437 GC heap after
{Heap after GC invocations=44 (full 0):
 garbage-first heap   total 196608K, used 141312K [0x0000000080000000, 0x0000000100000000)
  region size 1024K, 5 young (5120K), 5 survivors (5120K)
 Metaspace       used 112913K, capacity 115657K, committed 115792K, reserved 1150976K
  class space    used 14160K, capacity 15200K, committed 15264K, reserved 1048576K
}
Event: 2919.558 GC heap before
{Heap before GC invocations=44 (full 0):
 garbage-first heap   total 196608K, used 145408K [0x0000000080000000, 0x0000000100000000)
  region size 1024K, 9 young (9216K), 5 survivors (5120K)
 Metaspace       used 113445K, capacity 116256K, committed 116432K, reserved 1150976K
  class space    used 14226K, capacity 15293K, committed 15392K, reserved 1048576K
}
Event: 2919.570 GC heap after
{Heap after GC invocations=45 (full 0):
 garbage-first heap   total 196608K, used 140337K [0x0000000080000000, 0x0000000100000000)
  region size 1024K, 1 young (1024K), 1 survivors (1024K)
 Metaspace       used 113445K, capacity 116256K, committed 116432K, reserved 1150976K
  class space    used 14226K, capacity 15293K, committed 15392K, reserved 1048576K
}
Event: 2920.177 GC heap before
{Heap before GC invocations=45 (full 0):
 garbage-first heap   total 196608K, used 162865K [0x0000000080000000, 0x0000000100000000)
  region size 1024K, 23 young (23552K), 1 survivors (1024K)
 Metaspace       used 117012K, capacity 119893K, committed 120144K, reserved 1153024K
  class space    used 14572K, capacity 15695K, committed 15776K, reserved 1048576K
}
Event: 2920.181 GC heap after
{Heap after GC invocations=46 (full 0):
 garbage-first heap   total 196608K, used 140845K [0x0000000080000000, 0x0000000100000000)
  region size 1024K, 2 young (2048K), 2 survivors (2048K)
 Metaspace       used 117012K, capacity 119893K, committed 120144K, reserved 1153024K
  class space    used 14572K, capacity 15695K, committed 15776K, reserved 1048576K
}
Event: 2920.682 GC heap before
{Heap before GC invocations=46 (full 0):
 garbage-first heap   total 196608K, used 160301K [0x0000000080000000, 0x0000000100000000)
  region size 1024K, 22 young (22528K), 2 survivors (2048K)
 Metaspace       used 119186K, capacity 122337K, committed 122576K, reserved 1155072K
  class space    used 14900K, capacity 16128K, committed 16160K, reserved 1048576K
}
Event: 2920.691 GC heap after
{Heap after GC invocations=47 (full 0):
 garbage-first heap   total 196608K, used 142822K [0x0000000080000000, 0x0000000100000000)
  region size 1024K, 4 young (4096K), 4 survivors (4096K)
 Metaspace       used 119186K, capacity 122337K, committed 122576K, reserved 1155072K
  class space    used 14900K, capacity 16128K, committed 16160K, reserved 1048576K
}
Event: 2921.200 GC heap before
{Heap before GC invocations=48 (full 0):
 garbage-first heap   total 196608K, used 166374K [0x0000000080000000, 0x0000000100000000)
  region size 1024K, 26 young (26624K), 4 survivors (4096K)
 Metaspace       used 121503K, capacity 124943K, committed 125136K, reserved 1157120K
  class space    used 15295K, capacity 16613K, committed 16672K, reserved 1048576K
}
Event: 2921.209 GC heap after
{Heap after GC invocations=49 (full 0):
 garbage-first heap   total 196608K, used 145270K [0x0000000080000000, 0x0000000100000000)
  region size 1024K, 2 young (2048K), 2 survivors (2048K)
 Metaspace       used 121503K, capacity 124943K, committed 125136K, reserved 1157120K
  class space    used 15295K, capacity 16613K, committed 16672K, reserved 1048576K
}
Event: 2921.326 GC heap before
{Heap before GC invocations=49 (full 0):
 garbage-first heap   total 196608K, used 152438K [0x0000000080000000, 0x0000000100000000)
  region size 1024K, 9 young (9216K), 2 survivors (2048K)
 Metaspace       used 121697K, capacity 125084K, committed 125392K, reserved 1159168K
  class space    used 15299K, capacity 16616K, committed 16672K, reserved 1048576K
}
Event: 2921.334 GC heap after
{Heap after GC invocations=50 (full 0):
 garbage-first heap   total 196608K, used 144133K [0x0000000080000000, 0x0000000100000000)
  region size 1024K, 1 young (1024K), 1 survivors (1024K)
 Metaspace       used 121697K, capacity 125084K, committed 125392K, reserved 1159168K
  class space    used 15299K, capacity 16616K, committed 16672K, reserved 1048576K
}
Event: 2922.301 GC heap before
{Heap before GC invocations=50 (full 0):
 garbage-first heap   total 196608K, used 166661K [0x0000000080000000, 0x0000000100000000)
  region size 1024K, 23 young (23552K), 1 survivors (1024K)
 Metaspace       used 121998K, capacity 125441K, committed 125648K, reserved 1159168K
  class space    used 15305K, capacity 16621K, committed 16672K, reserved 1048576K
}
Event: 2922.305 GC heap after
{Heap after GC invocations=51 (full 0):
 garbage-first heap   total 196608K, used 140185K [0x0000000080000000, 0x0000000100000000)
  region size 1024K, 1 young (1024K), 1 survivors (1024K)
 Metaspace       used 121998K, capacity 125441K, committed 125648K, reserved 1159168K
  class space    used 15305K, capacity 16621K, committed 16672K, reserved 1048576K
}
Event: 2929.201 GC heap before
{Heap before GC invocations=51 (full 0):
 garbage-first heap   total 196608K, used 165785K [0x0000000080000000, 0x0000000100000000)
  region size 1024K, 27 young (27648K), 1 survivors (1024K)
 Metaspace       used 123295K, capacity 126842K, committed 127056K, reserved 1159168K
  class space    used 15403K, capacity 16743K, committed 16800K, reserved 1048576K
}
Event: 2929.207 GC heap after
{Heap after GC invocations=52 (full 0):
 garbage-first heap   total 196608K, used 142574K [0x0000000080000000, 0x0000000100000000)
  region size 1024K, 3 young (3072K), 3 survivors (3072K)
 Metaspace       used 123295K, capacity 126842K, committed 127056K, reserved 1159168K
  class space    used 15403K, capacity 16743K, committed 16800K, reserved 1048576K
}

Deoptimization events (20 events):
Event: 2928.963 Thread 0x00000167d465b800 DEOPT PACKING pc=0x00000167bf4e2214 sp=0x00000035914f9ef0
Event: 2928.963 Thread 0x00000167d465b800 DEOPT UNPACKING pc=0x00000167b752a1af sp=0x00000035914f9e98 mode 2
Event: 2928.963 Thread 0x00000167d465b800 Uncommon trap: trap_request=0xffffff4d fr.pc=0x00000167bf4394e0 relative=0x00000000000000a0
Event: 2928.963 Thread 0x00000167d465b800 Uncommon trap: reason=unstable_if action=reinterpret pc=0x00000167bf4394e0 method=org.objectweb.asm.AnnotationWriter.putAnnotations(Lorg/objectweb/asm/SymbolTable;Lorg/objectweb/asm/AnnotationWriter;Lorg/objectweb/asm/AnnotationWriter;Lorg/objectweb/asm/A
Event: 2928.963 Thread 0x00000167d465b800 DEOPT PACKING pc=0x00000167bf4394e0 sp=0x00000035914f9e40
Event: 2928.963 Thread 0x00000167d465b800 DEOPT UNPACKING pc=0x00000167b752a1af sp=0x00000035914f9e00 mode 2
Event: 2928.975 Thread 0x00000167d465b800 Uncommon trap: trap_request=0xffffff4d fr.pc=0x00000167bf3beea8 relative=0x0000000000000068
Event: 2928.975 Thread 0x00000167d465b800 Uncommon trap: reason=unstable_if action=reinterpret pc=0x00000167bf3beea8 method=org.objectweb.asm.AnnotationWriter.computeAnnotationsSize(Lorg/objectweb/asm/AnnotationWriter;Lorg/objectweb/asm/AnnotationWriter;Lorg/objectweb/asm/AnnotationWriter;Lorg/ob
Event: 2928.975 Thread 0x00000167d465b800 DEOPT PACKING pc=0x00000167bf3beea8 sp=0x00000035914f9bf0
Event: 2928.975 Thread 0x00000167d465b800 DEOPT UNPACKING pc=0x00000167b752a1af sp=0x00000035914f9b78 mode 2
Event: 2929.126 Thread 0x00000167d465b800 DEOPT PACKING pc=0x00000167b9c7c862 sp=0x00000035914f4f20
Event: 2929.126 Thread 0x00000167d465b800 DEOPT UNPACKING pc=0x00000167b752a95e sp=0x00000035914f43b0 mode 0
Event: 2929.172 Thread 0x00000167d8974800 Uncommon trap: trap_request=0xffffff4d fr.pc=0x00000167bf784f30 relative=0x0000000000000470
Event: 2929.172 Thread 0x00000167d8974800 Uncommon trap: reason=unstable_if action=reinterpret pc=0x00000167bf784f30 method=org.gradle.internal.io.StreamByteBuffer$StreamByteBufferInputStream.readImpl([BII)I @ 49 c2
Event: 2929.172 Thread 0x00000167d8974800 DEOPT PACKING pc=0x00000167bf784f30 sp=0x00000035925fe550
Event: 2929.172 Thread 0x00000167d8974800 DEOPT UNPACKING pc=0x00000167b752a1af sp=0x00000035925fe480 mode 2
Event: 2929.174 Thread 0x00000167d8974800 Uncommon trap: trap_request=0xffffff4d fr.pc=0x00000167bf7840b0 relative=0x0000000000000470
Event: 2929.174 Thread 0x00000167d8974800 Uncommon trap: reason=unstable_if action=reinterpret pc=0x00000167bf7840b0 method=org.gradle.internal.io.StreamByteBuffer$StreamByteBufferInputStream.readImpl([BII)I @ 49 c2
Event: 2929.175 Thread 0x00000167d8974800 DEOPT PACKING pc=0x00000167bf7840b0 sp=0x00000035925fe4b0
Event: 2929.175 Thread 0x00000167d8974800 DEOPT UNPACKING pc=0x00000167b752a1af sp=0x00000035925fe478 mode 2

Classes redefined (0 events):
No events

Internal exceptions (20 events):
Event: 2921.171 Thread 0x00000167d4667800 Exception <a 'sun/nio/fs/WindowsException'{0x000000008adaa8d0}> (0x000000008adaa8d0) thrown at [./src/hotspot/share/prims/jni.cpp, line 616]
Event: 2921.172 Thread 0x00000167d4667800 Exception <a 'sun/nio/fs/WindowsException'{0x000000008adac3d8}> (0x000000008adac3d8) thrown at [./src/hotspot/share/prims/jni.cpp, line 616]
Event: 2921.172 Thread 0x00000167d4667800 Exception <a 'sun/nio/fs/WindowsException'{0x000000008adac458}> (0x000000008adac458) thrown at [./src/hotspot/share/prims/jni.cpp, line 616]
Event: 2921.172 Thread 0x00000167d4667800 Exception <a 'sun/nio/fs/WindowsException'{0x000000008adadf20}> (0x000000008adadf20) thrown at [./src/hotspot/share/prims/jni.cpp, line 616]
Event: 2921.172 Thread 0x00000167d4667800 Exception <a 'sun/nio/fs/WindowsException'{0x000000008adadfa0}> (0x000000008adadfa0) thrown at [./src/hotspot/share/prims/jni.cpp, line 616]
Event: 2921.181 Thread 0x00000167d4667800 Exception <a 'sun/nio/fs/WindowsException'{0x000000008ac10898}> (0x000000008ac10898) thrown at [./src/hotspot/share/prims/jni.cpp, line 616]
Event: 2921.181 Thread 0x00000167d4667800 Exception <a 'sun/nio/fs/WindowsException'{0x000000008ac11368}> (0x000000008ac11368) thrown at [./src/hotspot/share/prims/jni.cpp, line 616]
Event: 2921.293 Thread 0x00000167d4667800 Exception <a 'sun/nio/fs/WindowsException'{0x000000008ba81b40}> (0x000000008ba81b40) thrown at [./src/hotspot/share/prims/jni.cpp, line 616]
Event: 2921.293 Thread 0x00000167d4667800 Exception <a 'sun/nio/fs/WindowsException'{0x000000008ba81bc0}> (0x000000008ba81bc0) thrown at [./src/hotspot/share/prims/jni.cpp, line 616]
Event: 2921.293 Thread 0x00000167d4667800 Exception <a 'sun/nio/fs/WindowsException'{0x000000008ba83108}> (0x000000008ba83108) thrown at [./src/hotspot/share/prims/jni.cpp, line 616]
Event: 2921.293 Thread 0x00000167d4667800 Exception <a 'sun/nio/fs/WindowsException'{0x000000008ba83188}> (0x000000008ba83188) thrown at [./src/hotspot/share/prims/jni.cpp, line 616]
Event: 2921.293 Thread 0x00000167d4667800 Exception <a 'sun/nio/fs/WindowsException'{0x000000008ba84690}> (0x000000008ba84690) thrown at [./src/hotspot/share/prims/jni.cpp, line 616]
Event: 2921.293 Thread 0x00000167d4667800 Exception <a 'sun/nio/fs/WindowsException'{0x000000008ba84710}> (0x000000008ba84710) thrown at [./src/hotspot/share/prims/jni.cpp, line 616]
Event: 2921.298 Thread 0x00000167d4667800 Exception <a 'sun/nio/fs/WindowsException'{0x000000008baeafe0}> (0x000000008baeafe0) thrown at [./src/hotspot/share/prims/jni.cpp, line 616]
Event: 2921.298 Thread 0x00000167d4667800 Exception <a 'sun/nio/fs/WindowsException'{0x000000008baeb060}> (0x000000008baeb060) thrown at [./src/hotspot/share/prims/jni.cpp, line 616]
Event: 2921.298 Thread 0x00000167d4667800 Exception <a 'sun/nio/fs/WindowsException'{0x000000008baec578}> (0x000000008baec578) thrown at [./src/hotspot/share/prims/jni.cpp, line 616]
Event: 2921.298 Thread 0x00000167d4667800 Exception <a 'sun/nio/fs/WindowsException'{0x000000008baec5f8}> (0x000000008baec5f8) thrown at [./src/hotspot/share/prims/jni.cpp, line 616]
Event: 2921.298 Thread 0x00000167d4667800 Exception <a 'sun/nio/fs/WindowsException'{0x000000008baedae0}> (0x000000008baedae0) thrown at [./src/hotspot/share/prims/jni.cpp, line 616]
Event: 2921.298 Thread 0x00000167d4667800 Exception <a 'sun/nio/fs/WindowsException'{0x000000008baedb60}> (0x000000008baedb60) thrown at [./src/hotspot/share/prims/jni.cpp, line 616]
Event: 2922.377 Thread 0x00000167d4667000 Exception <a 'java/lang/InterruptedException'{0x000000008bd65ac0}> (0x000000008bd65ac0) thrown at [./src/hotspot/share/runtime/objectMonitor.cpp, line 1635]

Events (20 events):
Event: 2929.161 loading class org/gradle/internal/hash/HashCode done
Event: 2929.161 loading class org/gradle/api/internal/tasks/compile/incremental/classpath/CachingClassSetAnalyzer
Event: 2929.161 loading class org/gradle/api/internal/tasks/compile/incremental/classpath/CachingClassSetAnalyzer done
Event: 2929.161 loading class org/gradle/api/internal/tasks/compile/incremental/classpath/CachingClassSetAnalyzer
Event: 2929.161 loading class org/gradle/api/internal/tasks/compile/incremental/classpath/CachingClassSetAnalyzer done
Event: 2929.161 loading class org/gradle/api/internal/tasks/compile/incremental/classpath/CachingClassSetAnalyzer
Event: 2929.161 loading class org/gradle/api/internal/tasks/compile/incremental/classpath/CachingClassSetAnalyzer done
Event: 2929.161 loading class org/gradle/api/internal/tasks/compile/incremental/classpath/CachingClassSetAnalyzer
Event: 2929.161 loading class org/gradle/api/internal/tasks/compile/incremental/classpath/CachingClassSetAnalyzer done
Event: 2929.161 loading class org/gradle/api/internal/tasks/compile/incremental/classpath/CachingClassSetAnalyzer
Event: 2929.161 loading class org/gradle/api/internal/tasks/compile/incremental/classpath/CachingClassSetAnalyzer done
Event: 2929.161 loading class org/gradle/api/internal/tasks/compile/incremental/classpath/CachingClassSetAnalyzer
Event: 2929.161 loading class org/gradle/api/internal/tasks/compile/incremental/classpath/CachingClassSetAnalyzer done
Event: 2929.201 Executing VM operation: G1CollectForAllocation
Event: 2929.207 Executing VM operation: G1CollectForAllocation done
Event: 2929.207 Executing VM operation: RevokeBias
Event: 2929.208 Executing VM operation: RevokeBias done
Event: 2929.208 Executing VM operation: RevokeBias
Event: 2929.209 Executing VM operation: RevokeBias done
Event: 2929.209 Executing VM operation: RevokeBias


Dynamic libraries:
0x00007ff601f20000 - 0x00007ff601f2a000 	D:\Program Files\Android\Android Studio\jre\bin\java.exe
0x00007ffe73ad0000 - 0x00007ffe73ce4000 	C:\Windows\SYSTEM32\ntdll.dll
0x00007ffe72240000 - 0x00007ffe72303000 	C:\Windows\System32\KERNEL32.DLL
0x00007ffe71180000 - 0x00007ffe7151d000 	C:\Windows\System32\KERNELBASE.dll
0x00007ffe71060000 - 0x00007ffe71171000 	C:\Windows\System32\ucrtbase.dll
0x00007ffe4e4d0000 - 0x00007ffe4e4e7000 	D:\Program Files\Android\Android Studio\jre\bin\VCRUNTIME140.dll
0x00007ffe4e0c0000 - 0x00007ffe4e0d9000 	D:\Program Files\Android\Android Studio\jre\bin\jli.dll
0x00007ffe730b0000 - 0x00007ffe7325d000 	C:\Windows\System32\USER32.dll
0x00007ffe59840000 - 0x00007ffe59ace000 	C:\Windows\WinSxS\amd64_microsoft.windows.common-controls_6595b64144ccf1df_6.0.22621.608_none_a9444ca7c10bb01d\COMCTL32.dll
0x00007ffe716f0000 - 0x00007ffe71716000 	C:\Windows\System32\win32u.dll
0x00007ffe71bf0000 - 0x00007ffe71c19000 	C:\Windows\System32\GDI32.dll
0x00007ffe73860000 - 0x00007ffe73907000 	C:\Windows\System32\msvcrt.dll
0x00007ffe717a0000 - 0x00007ffe718b2000 	C:\Windows\System32\gdi32full.dll
0x00007ffe71520000 - 0x00007ffe715ba000 	C:\Windows\System32\msvcp_win.dll
0x00007ffe72dd0000 - 0x00007ffe72e02000 	C:\Windows\System32\IMM32.DLL
0x00007ffe47c30000 - 0x00007ffe47ccd000 	D:\Program Files\Android\Android Studio\jre\bin\msvcp140.dll
0x00007ffe44770000 - 0x00007ffe45272000 	D:\Program Files\Android\Android Studio\jre\bin\server\jvm.dll
0x00007ffe73910000 - 0x00007ffe739be000 	C:\Windows\System32\ADVAPI32.dll
0x00007ffe736d0000 - 0x00007ffe73774000 	C:\Windows\System32\sechost.dll
0x00007ffe72f10000 - 0x00007ffe73025000 	C:\Windows\System32\RPCRT4.dll
0x00007ffe718c0000 - 0x00007ffe718c8000 	C:\Windows\System32\PSAPI.DLL
0x00007ffe54250000 - 0x00007ffe54259000 	C:\Windows\SYSTEM32\WSOCK32.dll
0x00007ffe669a0000 - 0x00007ffe669d4000 	C:\Windows\SYSTEM32\WINMM.dll
0x00007ffe6b400000 - 0x00007ffe6b40a000 	C:\Windows\SYSTEM32\VERSION.dll
0x00007ffe739c0000 - 0x00007ffe73a31000 	C:\Windows\System32\WS2_32.dll
0x00007ffe6ff50000 - 0x00007ffe6ff68000 	C:\Windows\SYSTEM32\kernel.appcore.dll
0x00007ffe6e200000 - 0x00007ffe6e211000 	D:\Program Files\Android\Android Studio\jre\bin\verify.dll
0x00007ffe5cc20000 - 0x00007ffe5ce4e000 	C:\Windows\SYSTEM32\DBGHELP.DLL
0x00007ffe73340000 - 0x00007ffe736ca000 	C:\Windows\System32\combase.dll
0x00007ffe73780000 - 0x00007ffe73857000 	C:\Windows\System32\OLEAUT32.dll
0x00007ffe5bd40000 - 0x00007ffe5bd72000 	C:\Windows\SYSTEM32\dbgcore.DLL
0x00007ffe71720000 - 0x00007ffe7179b000 	C:\Windows\System32\bcryptPrimitives.dll
0x00007ffe630a0000 - 0x00007ffe630c9000 	D:\Program Files\Android\Android Studio\jre\bin\java.dll
0x00007ffe6e310000 - 0x00007ffe6e31b000 	D:\Program Files\Android\Android Studio\jre\bin\jimage.dll
0x00007ffe6c170000 - 0x00007ffe6c188000 	D:\Program Files\Android\Android Studio\jre\bin\zip.dll
0x00007ffe72420000 - 0x00007ffe72c0f000 	C:\Windows\System32\SHELL32.dll
0x00007ffe6ef20000 - 0x00007ffe6f7e8000 	C:\Windows\SYSTEM32\windows.storage.dll
0x00007ffe6ede0000 - 0x00007ffe6ef1e000 	C:\Windows\SYSTEM32\wintypes.dll
0x00007ffe72e10000 - 0x00007ffe72f01000 	C:\Windows\System32\SHCORE.dll
0x00007ffe73050000 - 0x00007ffe730ae000 	C:\Windows\System32\shlwapi.dll
0x00007ffe70e20000 - 0x00007ffe70e41000 	C:\Windows\SYSTEM32\profapi.dll
0x00007ffe6bd00000 - 0x00007ffe6bd1a000 	D:\Program Files\Android\Android Studio\jre\bin\net.dll
0x00007ffe6b4e0000 - 0x00007ffe6b60f000 	C:\Windows\SYSTEM32\WINHTTP.dll
0x00007ffe703b0000 - 0x00007ffe70419000 	C:\Windows\system32\mswsock.dll
0x00007ffe68bf0000 - 0x00007ffe68c04000 	D:\Program Files\Android\Android Studio\jre\bin\nio.dll
0x00007ffe66b10000 - 0x00007ffe66b37000 	C:\Users\Marcello\.gradle\native\e1d6ef7f7dcc3fd88c89a11ec53ec762bb8ba0a96d01ffa2cd45eb1d1d8dd5c5\windows-amd64\native-platform.dll
0x00007ffe46380000 - 0x00007ffe464c4000 	C:\Users\Marcello\.gradle\native\0d407fdbe67a94daf76414ababcb853783967236a71b16ec16e742cd7a986fd3\windows-amd64\native-platform-file-events.dll
0x00007ffe6e2a0000 - 0x00007ffe6e2aa000 	D:\Program Files\Android\Android Studio\jre\bin\management.dll
0x00007ffe6e1f0000 - 0x00007ffe6e1fd000 	D:\Program Files\Android\Android Studio\jre\bin\management_ext.dll
0x00007ffe70610000 - 0x00007ffe7062b000 	C:\Windows\SYSTEM32\CRYPTSP.dll
0x00007ffe6fec0000 - 0x00007ffe6fef5000 	C:\Windows\system32\rsaenh.dll
0x00007ffe704a0000 - 0x00007ffe704c8000 	C:\Windows\SYSTEM32\USERENV.dll
0x00007ffe70860000 - 0x00007ffe70888000 	C:\Windows\SYSTEM32\bcrypt.dll
0x00007ffe70600000 - 0x00007ffe7060c000 	C:\Windows\SYSTEM32\CRYPTBASE.dll
0x00007ffe6fa40000 - 0x00007ffe6fa6d000 	C:\Windows\SYSTEM32\IPHLPAPI.DLL
0x00007ffe73330000 - 0x00007ffe73339000 	C:\Windows\System32\NSI.dll
0x00007ffe6b4c0000 - 0x00007ffe6b4d9000 	C:\Windows\SYSTEM32\dhcpcsvc6.DLL
0x00007ffe6b4a0000 - 0x00007ffe6b4bf000 	C:\Windows\SYSTEM32\dhcpcsvc.DLL
0x00007ffe6fab0000 - 0x00007ffe6fba2000 	C:\Windows\SYSTEM32\DNSAPI.dll
0x00007ffe6e240000 - 0x00007ffe6e25e000 	C:\Users\Marcello\AppData\Local\Temp\native-platform1646064156572513450dir\native-platform.dll
0x00007ffe6e230000 - 0x00007ffe6e238000 	D:\Program Files\Android\Android Studio\jre\bin\rmi.dll
0x00007ffe27aa0000 - 0x00007ffe27ab7000 	C:\Windows\system32\napinsp.dll
0x00007ffe27950000 - 0x00007ffe2796b000 	C:\Windows\system32\pnrpnsp.dll
0x00007ffe27fc0000 - 0x00007ffe27fd1000 	C:\Windows\System32\winrnr.dll
0x00007ffe54430000 - 0x00007ffe54445000 	C:\Windows\system32\wshbth.dll
0x00007ffe42740000 - 0x00007ffe42761000 	C:\Windows\system32\nlansp_c.dll
0x00007ffe68ce0000 - 0x00007ffe68cea000 	C:\Windows\System32\rasadhlp.dll
0x00007ffe6adb0000 - 0x00007ffe6ae33000 	C:\Windows\System32\fwpuclnt.dll

dbghelp: loaded successfully - version: 4.0.5 - missing functions: none
symbol engine: initialized successfully - sym options: 0x614 - pdb path: .;D:\Program Files\Android\Android Studio\jre\bin;C:\Windows\SYSTEM32;C:\Windows\WinSxS\amd64_microsoft.windows.common-controls_6595b64144ccf1df_6.0.22621.608_none_a9444ca7c10bb01d;D:\Program Files\Android\Android Studio\jre\bin\server;C:\Users\Marcello\.gradle\native\e1d6ef7f7dcc3fd88c89a11ec53ec762bb8ba0a96d01ffa2cd45eb1d1d8dd5c5\windows-amd64;C:\Users\Marcello\.gradle\native\0d407fdbe67a94daf76414ababcb853783967236a71b16ec16e742cd7a986fd3\windows-amd64;C:\Users\Marcello\AppData\Local\Temp\native-platform1646064156572513450dir

VM Arguments:
jvm_args: --add-opens=java.base/java.util=ALL-UNNAMED --add-opens=java.base/java.lang=ALL-UNNAMED --add-opens=java.base/java.lang.invoke=ALL-UNNAMED --add-opens=java.base/java.util=ALL-UNNAMED --add-opens=java.prefs/java.util.prefs=ALL-UNNAMED --add-opens=java.prefs/java.util.prefs=ALL-UNNAMED --add-opens=java.base/java.nio.charset=ALL-UNNAMED --add-opens=java.base/java.net=ALL-UNNAMED --add-opens=java.base/java.util.concurrent.atomic=ALL-UNNAMED -Xmx2048m -Dfile.encoding=UTF-8 -Duser.country=BR -Duser.language=pt -Duser.variant 
java_command: org.gradle.launcher.daemon.bootstrap.GradleDaemon 7.4
java_class_path (initial): C:\Users\Marcello\.gradle\wrapper\dists\gradle-7.4-bin\c0gwcg53nkjbqw7r0h0umtfvt\gradle-7.4\lib\gradle-launcher-7.4.jar
Launcher Type: SUN_STANDARD

[Global flags]
     intx CICompilerCount                          = 4                                         {product} {ergonomic}
     uint ConcGCThreads                            = 2                                         {product} {ergonomic}
     uint G1ConcRefinementThreads                  = 8                                         {product} {ergonomic}
   size_t G1HeapRegionSize                         = 1048576                                   {product} {ergonomic}
    uintx GCDrainStackTargetSize                   = 64                                        {product} {ergonomic}
   size_t InitialHeapSize                          = 201326592                                 {product} {ergonomic}
   size_t MarkStackSize                            = 4194304                                   {product} {ergonomic}
   size_t MaxHeapSize                              = 2147483648                                {product} {command line}
   size_t MaxNewSize                               = 1287651328                                {product} {ergonomic}
   size_t MinHeapDeltaBytes                        = 1048576                                   {product} {ergonomic}
    uintx NonNMethodCodeHeapSize                   = 5836300                                {pd product} {ergonomic}
    uintx NonProfiledCodeHeapSize                  = 122910970                              {pd product} {ergonomic}
    uintx ProfiledCodeHeapSize                     = 122910970                              {pd product} {ergonomic}
    uintx ReservedCodeCacheSize                    = 251658240                              {pd product} {ergonomic}
     bool SegmentedCodeCache                       = true                                      {product} {ergonomic}
     bool UseCompressedClassPointers               = true                                 {lp64_product} {ergonomic}
     bool UseCompressedOops                        = true                                 {lp64_product} {ergonomic}
     bool UseG1GC                                  = true                                      {product} {ergonomic}
     bool UseLargePagesIndividualAllocation        = false                                  {pd product} {ergonomic}

Logging:
Log output configuration:
 #0: stdout all=warning uptime,level,tags
 #1: stderr all=off uptime,level,tags

Environment Variables:
PATH=C:\Windows\system32;C:\Windows;C:\Windows\System32\Wbem;C:\Windows\System32\WindowsPowerShell\v1.0\;C:\Windows\System32\OpenSSH\;C:\Program Files (x86)\NVIDIA Corporation\PhysX\Common;C:\Program Files\dotnet\;C:\Program Files\Cloudflare\Cloudflare WARP\;D:\Program Files\nodejs\;C:\Program Files\Git\cmd;C:\Users\Marcello\AppData\Local\Microsoft\WindowsApps;C:\Users\Marcello\AppData\Roaming\npm;C:\Users\Marcello\AppData\Local\Programs\Microsoft VS Code\bin
USERNAME=Marcello
OS=Windows_NT
PROCESSOR_IDENTIFIER=AMD64 Family 21 Model 2 Stepping 0, AuthenticAMD



---------------  S Y S T E M  ---------------

OS: Windows 11 , 64 bit Build 22621 (10.0.22621.963)
OS uptime: 0 days 2:47 hours

CPU:total 8 (initial active 8) (8 cores per cpu, 1 threads per core) family 21 model 2 stepping 0 microcode 0x0, cmov, cx8, fxsr, mmx, sse, sse2, sse3, ssse3, sse4.1, sse4.2, popcnt, avx, aes, clmul, mmxext, 3dnowpref, lzcnt, sse4a, tsc, tscinvbit, tscinv, bmi1, fma

Memory: 4k page, system-wide physical 12270M (4132M free)
TotalPageFile size 12526M (AvailPageFile size 4M)
current process WorkingSet (physical memory assigned to process): 470M, peak: 485M
current process commit charge ("private bytes"): 570M, peak: 578M

vm_info: OpenJDK 64-Bit Server VM (11.0.13+0-b1751.21-8125866) for windows-amd64 JRE (11.0.13+0-b1751.21-8125866), built on Feb  2 2022 03:00:22 by "builder" with MS VC++ 14.0 (VS2015)

END.
