#
# There is insufficient memory for the Java Runtime Environment to continue.
# Native memory allocation (malloc) failed to allocate 1248256 bytes for Chunk::new
# Possible reasons:
#   The system is out of physical RAM or swap space
#   The process is running with CompressedOops enabled, and the Java Heap may be blocking the growth of the native heap
# Possible solutions:
#   Reduce memory load on the system
#   Increase physical memory or swap space
#   Check if swap backing store is full
#   Decrease Java heap size (-Xmx/-Xms)
#   Decrease number of Java threads
#   Decrease Java thread stack sizes (-Xss)
#   Set larger code cache with -XX:ReservedCodeCacheSize=
#   JVM is running with Unscaled Compressed Oops mode in which the Java heap is
#     placed in the first 4GB address space. The Java Heap base address is the
#     maximum limit for the native heap growth. Please use -XX:HeapBaseMinAddress
#     to set the Java Heap base and to place the Java Heap above 4GB virtual address.
# This output file may be truncated or incomplete.
#
#  Out of Memory Error (./src/hotspot/share/memory/arena.cpp:197), pid=11564, tid=9420
#
# JRE version: OpenJDK Runtime Environment (11.0.13) (build 11.0.13+0-b1751.21-8125866)
# Java VM: OpenJDK 64-Bit Server VM (11.0.13+0-b1751.21-8125866, mixed mode, tiered, compressed oops, g1 gc, windows-amd64)
# No core dump will be written. Minidumps are not enabled by default on client versions of Windows
#

---------------  S U M M A R Y ------------

Command Line: --add-opens=java.base/java.util=ALL-UNNAMED --add-opens=java.base/java.lang=ALL-UNNAMED --add-opens=java.base/java.lang.invoke=ALL-UNNAMED --add-opens=java.base/java.util=ALL-UNNAMED --add-opens=java.prefs/java.util.prefs=ALL-UNNAMED --add-opens=java.prefs/java.util.prefs=ALL-UNNAMED --add-opens=java.base/java.nio.charset=ALL-UNNAMED --add-opens=java.base/java.net=ALL-UNNAMED --add-opens=java.base/java.util.concurrent.atomic=ALL-UNNAMED -Xmx2048m -Dfile.encoding=UTF-8 -Duser.country=BR -Duser.language=pt -Duser.variant org.gradle.launcher.daemon.bootstrap.GradleDaemon 7.4

Host: AMD FX(tm)-8300 Eight-Core Processor           , 8 cores, 11G,  Windows 11 , 64 bit Build 22621 (10.0.22621.963)
Time: Sat Dec 17 16:01:15 2022 Hora oficial do Brasil elapsed time: 28.191255 seconds (0d 0h 0m 28s)

---------------  T H R E A D  ---------------

Current thread (0x0000017cc0ac6800):  JavaThread "C2 CompilerThread1" daemon [_thread_in_native, id=9420, stack(0x00000018c2700000,0x00000018c2800000)]


Current CompileTask:
C2:  28191 12477       4       org.gradle.api.internal.artifacts.transform.TransformingAsyncArtifactListener$TransformedArtifact::lambda$visit$1 (65 bytes)

Stack: [0x00000018c2700000,0x00000018c2800000]
Native frames: (J=compiled Java code, j=interpreted, Vv=VM code, C=native code)
V  [jvm.dll+0x6100fa]
V  [jvm.dll+0x747090]
V  [jvm.dll+0x7486ad]
V  [jvm.dll+0x748d83]
V  [jvm.dll+0x24ab48]
V  [jvm.dll+0xc04dc]
V  [jvm.dll+0xc0a0c]
V  [jvm.dll+0x2bfab4]
V  [jvm.dll+0x524238]
V  [jvm.dll+0x20b193]
V  [jvm.dll+0x204ca0]
V  [jvm.dll+0x2023c2]
V  [jvm.dll+0x188e01]
V  [jvm.dll+0x21106b]
V  [jvm.dll+0x20f8c1]
V  [jvm.dll+0x70de0f]
V  [jvm.dll+0x706a75]
V  [jvm.dll+0x60ed66]
C  [ucrtbase.dll+0x29363]
C  [KERNEL32.DLL+0x126bd]
C  [ntdll.dll+0x5dfb8]


---------------  P R O C E S S  ---------------

Threads class SMR info:
_java_thread_list=0x0000017cc79aed40, length=136, elements={
0x0000017ca3ba9000, 0x0000017cbe052000, 0x0000017cbe05f800, 0x0000017cbe064800,
0x0000017cbe8e5800, 0x0000017cbe8e6000, 0x0000017cbe8e8000, 0x0000017cbe8ec800,
0x0000017cbe06e000, 0x0000017cbea54800, 0x0000017cc0b52800, 0x0000017cc0d72800,
0x0000017cc13f5000, 0x0000017cc0b36000, 0x0000017cc02c7000, 0x0000017cbff0e800,
0x0000017cc16e7000, 0x0000017cc1581800, 0x0000017cc140e000, 0x0000017cc055e000,
0x0000017cc0ee9000, 0x0000017cc0ee6800, 0x0000017cc0eeb800, 0x0000017cc0ee6000,
0x0000017cc0eea000, 0x0000017cc0eeb000, 0x0000017cc0eec800, 0x0000017cc0ee7800,
0x0000017cc0ee8800, 0x0000017cbf03a000, 0x0000017cbf03f000, 0x0000017cbf03c800,
0x0000017cbf03b000, 0x0000017cbf041800, 0x0000017cbf03c000, 0x0000017cbf044800,
0x0000017cbf047000, 0x0000017cbf046800, 0x0000017cbf045800, 0x0000017cbf042800,
0x0000017cbf043000, 0x0000017cbf044000, 0x0000017cc241e000, 0x0000017cc241a000,
0x0000017cc241b000, 0x0000017cc241b800, 0x0000017cc241c800, 0x0000017cc2418800,
0x0000017cc2419000, 0x0000017cc241f000, 0x0000017cc2420000, 0x0000017cc2422000,
0x0000017cc2420800, 0x0000017cc2421800, 0x0000017cc241d800, 0x0000017cc2425800,
0x0000017cc2424000, 0x0000017cc2423000, 0x0000017cc2424800, 0x0000017cc2426800,
0x0000017cc2427000, 0x0000017cc1ff7000, 0x0000017cc1ff5800, 0x0000017cc1ff4800,
0x0000017cc1ff6800, 0x0000017cc1ff4000, 0x0000017cc1ff8000, 0x0000017cc1ff2000,
0x0000017cc1ff8800, 0x0000017cc1ff3000, 0x0000017cc1ffd000, 0x0000017cc1ffd800,
0x0000017cc1ffb000, 0x0000017cc1ffe800, 0x0000017cc1ffc000, 0x0000017cc1ff9800,
0x0000017cc2000000, 0x0000017cc1fff800, 0x0000017cc1ffa800, 0x0000017cc2001000,
0x0000017cc4242000, 0x0000017cc4245000, 0x0000017cc4241000, 0x0000017cc4242800,
0x0000017cc4244800, 0x0000017cc4243800, 0x0000017cc4246000, 0x0000017cc4240800,
0x0000017cc424c800, 0x0000017cc4247000, 0x0000017cc424a000, 0x0000017cc4249800,
0x0000017cc4247800, 0x0000017cc424e000, 0x0000017cc424b000, 0x0000017cc424d800,
0x0000017cc4248800, 0x0000017cc424f000, 0x0000017cc424b800, 0x0000017cc5bff000,
0x0000017cc5bfe000, 0x0000017cc5bfb000, 0x0000017cc5bfa000, 0x0000017cc5bfc800,
0x0000017cc5bf9800, 0x0000017cc5c00800, 0x0000017cc5c00000, 0x0000017cc5bfd800,
0x0000017cc5c01800, 0x0000017cc5bfb800, 0x0000017cc5c04000, 0x0000017cc5c05800,
0x0000017cc5c06800, 0x0000017cc5c04800, 0x0000017cc5c03000, 0x0000017cc5c07000,
0x0000017cc5c08000, 0x0000017cc5c02800, 0x0000017cc210b800, 0x0000017cc210a800,
0x0000017cc210d000, 0x0000017cc210e000, 0x0000017cc210e800, 0x0000017cc2109000,
0x0000017cc210f800, 0x0000017cc210a000, 0x0000017cc2113800, 0x0000017cc2112000,
0x0000017cc2111000, 0x0000017cc2113000, 0x0000017cc2115800, 0x0000017cc2114800,
0x0000017cc2116000, 0x0000017cc0ac6800, 0x0000017cc2110800, 0x0000017cc4526800
}

Java Threads: ( => current thread )
  0x0000017ca3ba9000 JavaThread "main" [_thread_blocked, id=11556, stack(0x00000018c0900000,0x00000018c0a00000)]
  0x0000017cbe052000 JavaThread "Reference Handler" daemon [_thread_blocked, id=1136, stack(0x00000018c1000000,0x00000018c1100000)]
  0x0000017cbe05f800 JavaThread "Finalizer" daemon [_thread_blocked, id=1624, stack(0x00000018c1100000,0x00000018c1200000)]
  0x0000017cbe064800 JavaThread "Signal Dispatcher" daemon [_thread_blocked, id=8792, stack(0x00000018c1200000,0x00000018c1300000)]
  0x0000017cbe8e5800 JavaThread "Attach Listener" daemon [_thread_blocked, id=11524, stack(0x00000018c1300000,0x00000018c1400000)]
  0x0000017cbe8e6000 JavaThread "Service Thread" daemon [_thread_blocked, id=11208, stack(0x00000018c1400000,0x00000018c1500000)]
  0x0000017cbe8e8000 JavaThread "C2 CompilerThread0" daemon [_thread_in_native, id=2312, stack(0x00000018c1500000,0x00000018c1600000)]
  0x0000017cbe8ec800 JavaThread "C1 CompilerThread0" daemon [_thread_in_native, id=9852, stack(0x00000018c1600000,0x00000018c1700000)]
  0x0000017cbe06e000 JavaThread "Sweeper thread" daemon [_thread_blocked, id=4788, stack(0x00000018c1700000,0x00000018c1800000)]
  0x0000017cbea54800 JavaThread "Common-Cleaner" daemon [_thread_blocked, id=1568, stack(0x00000018c1800000,0x00000018c1900000)]
  0x0000017cc0b52800 JavaThread "Daemon health stats" [_thread_blocked, id=11652, stack(0x00000018c1f00000,0x00000018c2000000)]
  0x0000017cc0d72800 JavaThread "Incoming local TCP Connector on port 64562" [_thread_in_native, id=9660, stack(0x00000018c1a00000,0x00000018c1b00000)]
  0x0000017cc13f5000 JavaThread "Daemon periodic checks" [_thread_blocked, id=6612, stack(0x00000018c1e00000,0x00000018c1f00000)]
  0x0000017cc0b36000 JavaThread "Daemon" [_thread_blocked, id=9436, stack(0x00000018c2000000,0x00000018c2100000)]
  0x0000017cc02c7000 JavaThread "Handler for socket connection from /127.0.0.1:64562 to /127.0.0.1:64563" [_thread_in_native, id=3800, stack(0x00000018c2100000,0x00000018c2200000)]
  0x0000017cbff0e800 JavaThread "Cancel handler" [_thread_blocked, id=6628, stack(0x00000018c2200000,0x00000018c2300000)]
  0x0000017cc16e7000 JavaThread "Daemon worker" [_thread_blocked, id=9408, stack(0x00000018c2300000,0x00000018c2400000)]
  0x0000017cc1581800 JavaThread "Asynchronous log dispatcher for DefaultDaemonConnection: socket connection from /127.0.0.1:64562 to /127.0.0.1:64563" [_thread_blocked, id=12160, stack(0x00000018c2400000,0x00000018c2500000)]
  0x0000017cc140e000 JavaThread "Stdin handler" [_thread_blocked, id=2728, stack(0x00000018c2500000,0x00000018c2600000)]
  0x0000017cc055e000 JavaThread "Daemon client event forwarder" [_thread_blocked, id=5488, stack(0x00000018c2600000,0x00000018c2700000)]
  0x0000017cc0ee9000 JavaThread "Cache worker for journal cache (C:\Users\Marcello\.gradle\caches\journal-1)" [_thread_blocked, id=1488, stack(0x00000018c2800000,0x00000018c2900000)]
  0x0000017cc0ee6800 JavaThread "File lock request listener" [_thread_in_native, id=2548, stack(0x00000018c2900000,0x00000018c2a00000)]
  0x0000017cc0eeb800 JavaThread "Cache worker for file hash cache (C:\Users\Marcello\.gradle\caches\7.4\fileHashes)" [_thread_blocked, id=9080, stack(0x00000018c2a00000,0x00000018c2b00000)]
  0x0000017cc0ee6000 JavaThread "File watcher server" daemon [_thread_in_native, id=11664, stack(0x00000018c3000000,0x00000018c3100000)]
  0x0000017cc0eea000 JavaThread "File watcher consumer" daemon [_thread_blocked, id=10232, stack(0x00000018c3100000,0x00000018c3200000)]
  0x0000017cc0eeb000 JavaThread "Cache worker for checksums cache (C:\Users\Marcello\AndroidStudioProjects\LivrosQueLi\.gradle\7.4\checksums)" [_thread_blocked, id=4824, stack(0x00000018c3200000,0x00000018c3300000)]
  0x0000017cc0eec800 JavaThread "Cache worker for cache directory md-rule (C:\Users\Marcello\.gradle\caches\7.4\md-rule)" [_thread_blocked, id=1820, stack(0x00000018c3300000,0x00000018c3400000)]
  0x0000017cc0ee7800 JavaThread "Cache worker for file hash cache (C:\Users\Marcello\AndroidStudioProjects\LivrosQueLi\.gradle\7.4\fileHashes)" [_thread_blocked, id=10432, stack(0x00000018c3400000,0x00000018c3500000)]
  0x0000017cc0ee8800 JavaThread "Cache worker for cache directory md-supplier (C:\Users\Marcello\.gradle\caches\7.4\md-supplier)" [_thread_blocked, id=7928, stack(0x00000018c3500000,0x00000018c3600000)]
  0x0000017cbf03a000 JavaThread "Cache worker for execution history cache (C:\Users\Marcello\.gradle\caches\7.4\executionHistory)" [_thread_blocked, id=8060, stack(0x00000018c3600000,0x00000018c3700000)]
  0x0000017cbf03f000 JavaThread "jar transforms" [_thread_blocked, id=1256, stack(0x00000018c3800000,0x00000018c3900000)]
  0x0000017cbf03c800 JavaThread "Cache worker for file content cache (C:\Users\Marcello\.gradle\caches\7.4\fileContent)" [_thread_blocked, id=8140, stack(0x00000018c3900000,0x00000018c3a00000)]
  0x0000017cbf03b000 JavaThread "jar transforms Thread 2" [_thread_blocked, id=2444, stack(0x00000018c3a00000,0x00000018c3b00000)]
  0x0000017cbf041800 JavaThread "Cache worker for dependencies-accessors (C:\Users\Marcello\AndroidStudioProjects\LivrosQueLi\.gradle\7.4\dependencies-accessors)" [_thread_blocked, id=8352, stack(0x00000018c3b00000,0x00000018c3c00000)]
  0x0000017cbf03c000 JavaThread "jar transforms Thread 3" [_thread_blocked, id=6084, stack(0x00000018c3700000,0x00000018c3800000)]
  0x0000017cbf044800 JavaThread "Cache worker for Build Output Cleanup Cache (C:\Users\Marcello\AndroidStudioProjects\LivrosQueLi\.gradle\buildOutputCleanup)" [_thread_blocked, id=1904, stack(0x00000018c3c00000,0x00000018c3d00000)]
  0x0000017cbf047000 JavaThread "Unconstrained build operations" [_thread_in_vm, id=9132, stack(0x00000018c3e00000,0x00000018c3f00000)]
  0x0000017cbf046800 JavaThread "Unconstrained build operations Thread 2" [_thread_blocked, id=13060, stack(0x00000018c3f00000,0x00000018c4000000)]
  0x0000017cbf045800 JavaThread "Unconstrained build operations Thread 3" [_thread_blocked, id=4264, stack(0x00000018c4000000,0x00000018c4100000)]
  0x0000017cbf042800 JavaThread "Unconstrained build operations Thread 4" [_thread_blocked, id=5796, stack(0x00000018c4100000,0x00000018c4200000)]
  0x0000017cbf043000 JavaThread "Unconstrained build operations Thread 5" [_thread_blocked, id=4348, stack(0x00000018c4200000,0x00000018c4300000)]
  0x0000017cbf044000 JavaThread "Unconstrained build operations Thread 6" [_thread_blocked, id=3240, stack(0x00000018c4300000,0x00000018c4400000)]
  0x0000017cc241e000 JavaThread "Unconstrained build operations Thread 7" [_thread_blocked, id=11820, stack(0x00000018c4400000,0x00000018c4500000)]
  0x0000017cc241a000 JavaThread "Unconstrained build operations Thread 8" [_thread_blocked, id=8308, stack(0x00000018c4500000,0x00000018c4600000)]
  0x0000017cc241b000 JavaThread "Unconstrained build operations Thread 9" [_thread_blocked, id=8748, stack(0x00000018c4600000,0x00000018c4700000)]
  0x0000017cc241b800 JavaThread "Unconstrained build operations Thread 10" [_thread_blocked, id=2716, stack(0x00000018c4700000,0x00000018c4800000)]
  0x0000017cc241c800 JavaThread "Unconstrained build operations Thread 11" [_thread_blocked, id=5508, stack(0x00000018c4800000,0x00000018c4900000)]
  0x0000017cc2418800 JavaThread "Unconstrained build operations Thread 12" [_thread_blocked, id=5336, stack(0x00000018c4900000,0x00000018c4a00000)]
  0x0000017cc2419000 JavaThread "Unconstrained build operations Thread 13" [_thread_blocked, id=6528, stack(0x00000018c4a00000,0x00000018c4b00000)]
  0x0000017cc241f000 JavaThread "Unconstrained build operations Thread 14" [_thread_blocked, id=9180, stack(0x00000018c4b00000,0x00000018c4c00000)]
  0x0000017cc2420000 JavaThread "Unconstrained build operations Thread 15" [_thread_blocked, id=6388, stack(0x00000018c4c00000,0x00000018c4d00000)]
  0x0000017cc2422000 JavaThread "Unconstrained build operations Thread 16" [_thread_blocked, id=12772, stack(0x00000018c4d00000,0x00000018c4e00000)]
  0x0000017cc2420800 JavaThread "Unconstrained build operations Thread 17" [_thread_blocked, id=4476, stack(0x00000018c4e00000,0x00000018c4f00000)]
  0x0000017cc2421800 JavaThread "Unconstrained build operations Thread 18" [_thread_blocked, id=9108, stack(0x00000018c4f00000,0x00000018c5000000)]
  0x0000017cc241d800 JavaThread "Unconstrained build operations Thread 19" [_thread_blocked, id=10968, stack(0x00000018c5000000,0x00000018c5100000)]
  0x0000017cc2425800 JavaThread "Unconstrained build operations Thread 20" [_thread_blocked, id=680, stack(0x00000018c5100000,0x00000018c5200000)]
  0x0000017cc2424000 JavaThread "Unconstrained build operations Thread 21" [_thread_blocked, id=10904, stack(0x00000018c5200000,0x00000018c5300000)]
  0x0000017cc2423000 JavaThread "Unconstrained build operations Thread 22" [_thread_blocked, id=12876, stack(0x00000018c5300000,0x00000018c5400000)]
  0x0000017cc2424800 JavaThread "Unconstrained build operations Thread 23" [_thread_blocked, id=7984, stack(0x00000018c5400000,0x00000018c5500000)]
  0x0000017cc2426800 JavaThread "Unconstrained build operations Thread 24" [_thread_blocked, id=6688, stack(0x00000018c5500000,0x00000018c5600000)]
  0x0000017cc2427000 JavaThread "Unconstrained build operations Thread 25" [_thread_blocked, id=12776, stack(0x00000018c5600000,0x00000018c5700000)]
  0x0000017cc1ff7000 JavaThread "Unconstrained build operations Thread 26" [_thread_blocked, id=12808, stack(0x00000018c5700000,0x00000018c5800000)]
  0x0000017cc1ff5800 JavaThread "Unconstrained build operations Thread 27" [_thread_blocked, id=6244, stack(0x00000018c5800000,0x00000018c5900000)]
  0x0000017cc1ff4800 JavaThread "Unconstrained build operations Thread 28" [_thread_blocked, id=11224, stack(0x00000018c5900000,0x00000018c5a00000)]
  0x0000017cc1ff6800 JavaThread "Unconstrained build operations Thread 29" [_thread_blocked, id=7792, stack(0x00000018c5a00000,0x00000018c5b00000)]
  0x0000017cc1ff4000 JavaThread "Unconstrained build operations Thread 30" [_thread_blocked, id=9048, stack(0x00000018c5b00000,0x00000018c5c00000)]
  0x0000017cc1ff8000 JavaThread "Unconstrained build operations Thread 31" [_thread_blocked, id=10780, stack(0x00000018c5c00000,0x00000018c5d00000)]
  0x0000017cc1ff2000 JavaThread "Unconstrained build operations Thread 32" [_thread_blocked, id=9704, stack(0x00000018c5d00000,0x00000018c5e00000)]
  0x0000017cc1ff8800 JavaThread "Unconstrained build operations Thread 33" [_thread_blocked, id=3284, stack(0x00000018c5e00000,0x00000018c5f00000)]
  0x0000017cc1ff3000 JavaThread "Unconstrained build operations Thread 34" [_thread_blocked, id=11216, stack(0x00000018c5f00000,0x00000018c6000000)]
  0x0000017cc1ffd000 JavaThread "Unconstrained build operations Thread 35" [_thread_blocked, id=9672, stack(0x00000018c6000000,0x00000018c6100000)]
  0x0000017cc1ffd800 JavaThread "Unconstrained build operations Thread 36" [_thread_blocked, id=7212, stack(0x00000018c6100000,0x00000018c6200000)]
  0x0000017cc1ffb000 JavaThread "Unconstrained build operations Thread 37" [_thread_blocked, id=2336, stack(0x00000018c6200000,0x00000018c6300000)]
  0x0000017cc1ffe800 JavaThread "Unconstrained build operations Thread 38" [_thread_blocked, id=1372, stack(0x00000018c6300000,0x00000018c6400000)]
  0x0000017cc1ffc000 JavaThread "Unconstrained build operations Thread 39" [_thread_blocked, id=3124, stack(0x00000018c6400000,0x00000018c6500000)]
  0x0000017cc1ff9800 JavaThread "Unconstrained build operations Thread 40" [_thread_blocked, id=4120, stack(0x00000018c6500000,0x00000018c6600000)]
  0x0000017cc2000000 JavaThread "Unconstrained build operations Thread 41" [_thread_blocked, id=10692, stack(0x00000018c6600000,0x00000018c6700000)]
  0x0000017cc1fff800 JavaThread "Unconstrained build operations Thread 42" [_thread_blocked, id=5172, stack(0x00000018c6700000,0x00000018c6800000)]
  0x0000017cc1ffa800 JavaThread "Unconstrained build operations Thread 43" [_thread_blocked, id=3436, stack(0x00000018c6800000,0x00000018c6900000)]
  0x0000017cc2001000 JavaThread "Unconstrained build operations Thread 44" [_thread_blocked, id=12124, stack(0x00000018c6900000,0x00000018c6a00000)]
  0x0000017cc4242000 JavaThread "Unconstrained build operations Thread 45" [_thread_blocked, id=7136, stack(0x00000018c6a00000,0x00000018c6b00000)]
  0x0000017cc4245000 JavaThread "Unconstrained build operations Thread 46" [_thread_blocked, id=10964, stack(0x00000018c6b00000,0x00000018c6c00000)]
  0x0000017cc4241000 JavaThread "Unconstrained build operations Thread 47" [_thread_blocked, id=2224, stack(0x00000018c6c00000,0x00000018c6d00000)]
  0x0000017cc4242800 JavaThread "Unconstrained build operations Thread 48" [_thread_blocked, id=11064, stack(0x00000018c6d00000,0x00000018c6e00000)]
  0x0000017cc4244800 JavaThread "Unconstrained build operations Thread 49" [_thread_blocked, id=7612, stack(0x00000018c6e00000,0x00000018c6f00000)]
  0x0000017cc4243800 JavaThread "Unconstrained build operations Thread 50" [_thread_blocked, id=6832, stack(0x00000018c6f00000,0x00000018c7000000)]
  0x0000017cc4246000 JavaThread "Unconstrained build operations Thread 51" [_thread_blocked, id=7044, stack(0x00000018c7000000,0x00000018c7100000)]
  0x0000017cc4240800 JavaThread "Unconstrained build operations Thread 52" [_thread_blocked, id=2272, stack(0x00000018c7100000,0x00000018c7200000)]
  0x0000017cc424c800 JavaThread "Unconstrained build operations Thread 53" [_thread_blocked, id=10216, stack(0x00000018c7200000,0x00000018c7300000)]
  0x0000017cc4247000 JavaThread "Unconstrained build operations Thread 54" [_thread_blocked, id=2324, stack(0x00000018c7300000,0x00000018c7400000)]
  0x0000017cc424a000 JavaThread "Unconstrained build operations Thread 55" [_thread_blocked, id=8804, stack(0x00000018c7400000,0x00000018c7500000)]
  0x0000017cc4249800 JavaThread "Unconstrained build operations Thread 56" [_thread_blocked, id=9808, stack(0x00000018c7500000,0x00000018c7600000)]
  0x0000017cc4247800 JavaThread "Unconstrained build operations Thread 57" [_thread_blocked, id=9204, stack(0x00000018c7600000,0x00000018c7700000)]
  0x0000017cc424e000 JavaThread "Unconstrained build operations Thread 58" [_thread_blocked, id=8656, stack(0x00000018c7700000,0x00000018c7800000)]
  0x0000017cc424b000 JavaThread "Unconstrained build operations Thread 59" [_thread_blocked, id=10924, stack(0x00000018c7800000,0x00000018c7900000)]
  0x0000017cc424d800 JavaThread "Unconstrained build operations Thread 60" [_thread_blocked, id=5992, stack(0x00000018c7900000,0x00000018c7a00000)]
  0x0000017cc4248800 JavaThread "Unconstrained build operations Thread 61" [_thread_blocked, id=9024, stack(0x00000018c7a00000,0x00000018c7b00000)]
  0x0000017cc424f000 JavaThread "Unconstrained build operations Thread 62" [_thread_blocked, id=8364, stack(0x00000018c7b00000,0x00000018c7c00000)]
  0x0000017cc424b800 JavaThread "Unconstrained build operations Thread 63" [_thread_blocked, id=6484, stack(0x00000018c7c00000,0x00000018c7d00000)]
  0x0000017cc5bff000 JavaThread "Unconstrained build operations Thread 64" [_thread_blocked, id=8268, stack(0x00000018c7d00000,0x00000018c7e00000)]
  0x0000017cc5bfe000 JavaThread "Unconstrained build operations Thread 65" [_thread_blocked, id=7104, stack(0x00000018c7e00000,0x00000018c7f00000)]
  0x0000017cc5bfb000 JavaThread "Unconstrained build operations Thread 66" [_thread_blocked, id=12148, stack(0x00000018c7f00000,0x00000018c8000000)]
  0x0000017cc5bfa000 JavaThread "Unconstrained build operations Thread 67" [_thread_blocked, id=5788, stack(0x00000018c8000000,0x00000018c8100000)]
  0x0000017cc5bfc800 JavaThread "Unconstrained build operations Thread 68" [_thread_blocked, id=4268, stack(0x00000018c8100000,0x00000018c8200000)]
  0x0000017cc5bf9800 JavaThread "Unconstrained build operations Thread 69" [_thread_blocked, id=4748, stack(0x00000018c8200000,0x00000018c8300000)]
  0x0000017cc5c00800 JavaThread "Unconstrained build operations Thread 70" [_thread_blocked, id=568, stack(0x00000018c8300000,0x00000018c8400000)]
  0x0000017cc5c00000 JavaThread "Unconstrained build operations Thread 71" [_thread_blocked, id=9000, stack(0x00000018c8400000,0x00000018c8500000)]
  0x0000017cc5bfd800 JavaThread "Unconstrained build operations Thread 72" [_thread_blocked, id=7448, stack(0x00000018c8500000,0x00000018c8600000)]
  0x0000017cc5c01800 JavaThread "Unconstrained build operations Thread 73" [_thread_blocked, id=8580, stack(0x00000018c8600000,0x00000018c8700000)]
  0x0000017cc5bfb800 JavaThread "Unconstrained build operations Thread 74" [_thread_blocked, id=1928, stack(0x00000018c8700000,0x00000018c8800000)]
  0x0000017cc5c04000 JavaThread "Unconstrained build operations Thread 75" [_thread_blocked, id=8136, stack(0x00000018c8800000,0x00000018c8900000)]
  0x0000017cc5c05800 JavaThread "Unconstrained build operations Thread 76" [_thread_blocked, id=10196, stack(0x00000018c8900000,0x00000018c8a00000)]
  0x0000017cc5c06800 JavaThread "Unconstrained build operations Thread 77" [_thread_blocked, id=156, stack(0x00000018c8a00000,0x00000018c8b00000)]
  0x0000017cc5c04800 JavaThread "Unconstrained build operations Thread 78" [_thread_blocked, id=5708, stack(0x00000018c8b00000,0x00000018c8c00000)]
  0x0000017cc5c03000 JavaThread "Unconstrained build operations Thread 79" [_thread_blocked, id=4960, stack(0x00000018c8c00000,0x00000018c8d00000)]
  0x0000017cc5c07000 JavaThread "Unconstrained build operations Thread 80" [_thread_blocked, id=1492, stack(0x00000018c8d00000,0x00000018c8e00000)]
  0x0000017cc5c08000 JavaThread "jar transforms Thread 4" [_thread_blocked, id=8404, stack(0x00000018c8e00000,0x00000018c8f00000)]
  0x0000017cc5c02800 JavaThread "jar transforms Thread 5" [_thread_blocked, id=6248, stack(0x00000018c8f00000,0x00000018c9000000)]
  0x0000017cc210b800 JavaThread "jar transforms Thread 6" [_thread_blocked, id=12752, stack(0x00000018c9000000,0x00000018c9100000)]
  0x0000017cc210a800 JavaThread "jar transforms Thread 7" [_thread_blocked, id=5196, stack(0x00000018c9100000,0x00000018c9200000)]
  0x0000017cc210d000 JavaThread "jar transforms Thread 8" [_thread_blocked, id=10152, stack(0x00000018c9200000,0x00000018c9300000)]
  0x0000017cc210e000 JavaThread "Memory manager" [_thread_blocked, id=8456, stack(0x00000018c9400000,0x00000018c9500000)]
  0x0000017cc210e800 JavaThread "build event listener" [_thread_blocked, id=1184, stack(0x00000018c9500000,0x00000018c9600000)]
  0x0000017cc2109000 JavaThread "build event listener" [_thread_blocked, id=7508, stack(0x00000018c9600000,0x00000018c9700000)]
  0x0000017cc210f800 JavaThread "included builds" [_thread_blocked, id=6904, stack(0x00000018c9700000,0x00000018c9800000)]
  0x0000017cc210a000 JavaThread "Execution worker for ':'" [_thread_blocked, id=6140, stack(0x00000018c9800000,0x00000018c9900000)]
  0x0000017cc2113800 JavaThread "Execution worker for ':' Thread 2" [_thread_blocked, id=8264, stack(0x00000018c9900000,0x00000018c9a00000)]
  0x0000017cc2112000 JavaThread "Execution worker for ':' Thread 3" [_thread_blocked, id=6420, stack(0x00000018c9a00000,0x00000018c9b00000)]
  0x0000017cc2111000 JavaThread "Execution worker for ':' Thread 4" [_thread_in_native, id=9432, stack(0x00000018c9b00000,0x00000018c9c00000)]
  0x0000017cc2113000 JavaThread "Execution worker for ':' Thread 5" [_thread_blocked, id=12412, stack(0x00000018c9c00000,0x00000018c9d00000)]
  0x0000017cc2115800 JavaThread "Execution worker for ':' Thread 6" [_thread_blocked, id=3920, stack(0x00000018c9d00000,0x00000018c9e00000)]
  0x0000017cc2114800 JavaThread "Execution worker for ':' Thread 7" [_thread_blocked, id=4924, stack(0x00000018c9e00000,0x00000018c9f00000)]
  0x0000017cc2116000 JavaThread "Cache worker for execution history cache (C:\Users\Marcello\AndroidStudioProjects\LivrosQueLi\.gradle\7.4\executionHistory)" [_thread_blocked, id=12728, stack(0x00000018c9f00000,0x00000018ca000000)]
=>0x0000017cc0ac6800 JavaThread "C2 CompilerThread1" daemon [_thread_in_native, id=9420, stack(0x00000018c2700000,0x00000018c2800000)]
  0x0000017cc2110800 JavaThread "WorkerExecutor Queue" [_thread_blocked, id=9440, stack(0x00000018c3d00000,0x00000018c3e00000)]
  0x0000017cc4526800 JavaThread "C2 CompilerThread2" daemon [_thread_in_native, id=268, stack(0x00000018ca000000,0x00000018ca100000)]

Other Threads:
  0x0000017cbe894000 VMThread "VM Thread" [stack: 0x00000018c0f00000,0x00000018c1000000] [id=10184]
  0x0000017cbea7d800 WatcherThread [stack: 0x00000018c1900000,0x00000018c1a00000] [id=8644]
  0x0000017ca3bc3800 GCTaskThread "GC Thread#0" [stack: 0x00000018c0a00000,0x00000018c0b00000] [id=8492]
  0x0000017cbf338000 GCTaskThread "GC Thread#1" [stack: 0x00000018c1b00000,0x00000018c1c00000] [id=7788]
  0x0000017cbf932800 GCTaskThread "GC Thread#2" [stack: 0x00000018c1c00000,0x00000018c1d00000] [id=1232]
  0x0000017cbf086800 GCTaskThread "GC Thread#3" [stack: 0x00000018c1d00000,0x00000018c1e00000] [id=7196]
  0x0000017cc10a7800 GCTaskThread "GC Thread#4" [stack: 0x00000018c2b00000,0x00000018c2c00000] [id=4064]
  0x0000017cc155e800 GCTaskThread "GC Thread#5" [stack: 0x00000018c2c00000,0x00000018c2d00000] [id=7808]
  0x0000017cc0f33800 GCTaskThread "GC Thread#6" [stack: 0x00000018c2d00000,0x00000018c2e00000] [id=5088]
  0x0000017cc1b21800 GCTaskThread "GC Thread#7" [stack: 0x00000018c2e00000,0x00000018c2f00000] [id=1380]
  0x0000017ca3bf5000 ConcurrentGCThread "G1 Main Marker" [stack: 0x00000018c0b00000,0x00000018c0c00000] [id=3228]
  0x0000017ca3bf7000 ConcurrentGCThread "G1 Conc#0" [stack: 0x00000018c0c00000,0x00000018c0d00000] [id=6844]
  0x0000017cc0a66800 ConcurrentGCThread "G1 Conc#1" [stack: 0x00000018c2f00000,0x00000018c3000000] [id=13196]
  0x0000017cbdec0800 ConcurrentGCThread "G1 Refine#0" [stack: 0x00000018c0d00000,0x00000018c0e00000] [id=5556]
  0x0000017cc61b7000 ConcurrentGCThread "G1 Refine#1" [stack: 0x00000018c9300000,0x00000018c9400000] [id=8988]
  0x0000017cbdec4000 ConcurrentGCThread "G1 Young RemSet Sampling" [stack: 0x00000018c0e00000,0x00000018c0f00000] [id=7980]

Threads with active compile tasks:
C2 CompilerThread0  28290 12443       4       org.gradle.api.internal.artifacts.transform.AbstractTransformedArtifactSet::visit (97 bytes)
C2 CompilerThread1  28290 12477       4       org.gradle.api.internal.artifacts.transform.TransformingAsyncArtifactListener$TransformedArtifact::lambda$visit$1 (65 bytes)
C2 CompilerThread2  28290 12471       4       org.gradle.api.internal.artifacts.transform.TransformingAsyncArtifactListener$TransformedArtifact::startFinalization (15 bytes)

VM state:not at safepoint (normal execution)

VM Mutex/Monitor currently owned by a thread: None

Heap address: 0x0000000080000000, size: 2048 MB, Compressed Oops mode: 32-bit
Narrow klass base: 0x0000000000000000, Narrow klass shift: 3
Compressed class space size: 1073741824 Address: 0x0000000100000000

Heap:
 garbage-first heap   total 196608K, used 136282K [0x0000000080000000, 0x0000000100000000)
  region size 1024K, 21 young (21504K), 7 survivors (7168K)
 Metaspace       used 96193K, capacity 98494K, committed 98768K, reserved 1134592K
  class space    used 12338K, capacity 13219K, committed 13344K, reserved 1048576K
Heap Regions: E=young(eden), S=young(survivor), O=old, HS=humongous(starts), HC=humongous(continues), CS=collection set, F=free, A=archive, TAMS=top-at-mark-start (previous, next)
|   0|0x0000000080000000, 0x0000000080100000, 0x0000000080100000|100%| O|  |TAMS 0x0000000080100000, 0x0000000080100000| Untracked 
|   1|0x0000000080100000, 0x0000000080200000, 0x0000000080200000|100%| O|  |TAMS 0x0000000080200000, 0x0000000080200000| Untracked 
|   2|0x0000000080200000, 0x0000000080300000, 0x0000000080300000|100%| O|  |TAMS 0x0000000080300000, 0x0000000080300000| Untracked 
|   3|0x0000000080300000, 0x0000000080400000, 0x0000000080400000|100%|HS|  |TAMS 0x0000000080400000, 0x0000000080400000| Complete 
|   4|0x0000000080400000, 0x0000000080500000, 0x0000000080500000|100%|HC|  |TAMS 0x0000000080500000, 0x0000000080500000| Complete 
|   5|0x0000000080500000, 0x0000000080600000, 0x0000000080600000|100%|HC|  |TAMS 0x0000000080600000, 0x0000000080600000| Complete 
|   6|0x0000000080600000, 0x0000000080700000, 0x0000000080700000|100%| O|  |TAMS 0x0000000080700000, 0x0000000080700000| Untracked 
|   7|0x0000000080700000, 0x0000000080800000, 0x0000000080800000|100%| O|  |TAMS 0x0000000080800000, 0x0000000080800000| Untracked 
|   8|0x0000000080800000, 0x0000000080900000, 0x0000000080900000|100%| O|  |TAMS 0x0000000080900000, 0x0000000080900000| Untracked 
|   9|0x0000000080900000, 0x0000000080a00000, 0x0000000080a00000|100%| O|  |TAMS 0x0000000080a00000, 0x0000000080a00000| Untracked 
|  10|0x0000000080a00000, 0x0000000080b00000, 0x0000000080b00000|100%| O|  |TAMS 0x0000000080b00000, 0x0000000080b00000| Untracked 
|  11|0x0000000080b00000, 0x0000000080c00000, 0x0000000080c00000|100%| O|  |TAMS 0x0000000080c00000, 0x0000000080c00000| Untracked 
|  12|0x0000000080c00000, 0x0000000080d00000, 0x0000000080d00000|100%| O|  |TAMS 0x0000000080d00000, 0x0000000080d00000| Untracked 
|  13|0x0000000080d00000, 0x0000000080e00000, 0x0000000080e00000|100%| O|  |TAMS 0x0000000080e00000, 0x0000000080e00000| Untracked 
|  14|0x0000000080e00000, 0x0000000080f00000, 0x0000000080f00000|100%| O|  |TAMS 0x0000000080f00000, 0x0000000080f00000| Untracked 
|  15|0x0000000080f00000, 0x0000000081000000, 0x0000000081000000|100%| O|  |TAMS 0x0000000081000000, 0x0000000081000000| Untracked 
|  16|0x0000000081000000, 0x0000000081100000, 0x0000000081100000|100%| O|  |TAMS 0x0000000081100000, 0x0000000081100000| Untracked 
|  17|0x0000000081100000, 0x0000000081200000, 0x0000000081200000|100%|HS|  |TAMS 0x0000000081200000, 0x0000000081200000| Complete 
|  18|0x0000000081200000, 0x0000000081300000, 0x0000000081300000|100%|HS|  |TAMS 0x0000000081300000, 0x0000000081300000| Complete 
|  19|0x0000000081300000, 0x0000000081400000, 0x0000000081400000|100%|HS|  |TAMS 0x0000000081400000, 0x0000000081400000| Complete 
|  20|0x0000000081400000, 0x0000000081500000, 0x0000000081500000|100%| O|  |TAMS 0x0000000081500000, 0x0000000081500000| Untracked 
|  21|0x0000000081500000, 0x0000000081600000, 0x0000000081600000|100%| O|  |TAMS 0x0000000081600000, 0x0000000081600000| Untracked 
|  22|0x0000000081600000, 0x0000000081700000, 0x0000000081700000|100%| O|  |TAMS 0x0000000081700000, 0x0000000081700000| Untracked 
|  23|0x0000000081700000, 0x0000000081800000, 0x0000000081800000|100%| O|  |TAMS 0x0000000081800000, 0x0000000081800000| Untracked 
|  24|0x0000000081800000, 0x0000000081900000, 0x0000000081900000|100%| O|  |TAMS 0x0000000081900000, 0x0000000081900000| Untracked 
|  25|0x0000000081900000, 0x0000000081a00000, 0x0000000081a00000|100%| O|  |TAMS 0x0000000081a00000, 0x0000000081a00000| Untracked 
|  26|0x0000000081a00000, 0x0000000081b00000, 0x0000000081b00000|100%|HS|  |TAMS 0x0000000081b00000, 0x0000000081b00000| Complete 
|  27|0x0000000081b00000, 0x0000000081c00000, 0x0000000081c00000|100%|HC|  |TAMS 0x0000000081c00000, 0x0000000081c00000| Complete 
|  28|0x0000000081c00000, 0x0000000081d00000, 0x0000000081d00000|100%|HC|  |TAMS 0x0000000081d00000, 0x0000000081d00000| Complete 
|  29|0x0000000081d00000, 0x0000000081e00000, 0x0000000081e00000|100%| O|  |TAMS 0x0000000081e00000, 0x0000000081e00000| Untracked 
|  30|0x0000000081e00000, 0x0000000081f00000, 0x0000000081f00000|100%|HS|  |TAMS 0x0000000081f00000, 0x0000000081f00000| Complete 
|  31|0x0000000081f00000, 0x0000000082000000, 0x0000000082000000|100%|HC|  |TAMS 0x0000000082000000, 0x0000000082000000| Complete 
|  32|0x0000000082000000, 0x0000000082100000, 0x0000000082100000|100%| O|  |TAMS 0x0000000082100000, 0x0000000082100000| Untracked 
|  33|0x0000000082100000, 0x0000000082200000, 0x0000000082200000|100%| O|  |TAMS 0x0000000082200000, 0x0000000082200000| Untracked 
|  34|0x0000000082200000, 0x0000000082300000, 0x0000000082300000|100%| O|  |TAMS 0x0000000082300000, 0x0000000082300000| Untracked 
|  35|0x0000000082300000, 0x0000000082400000, 0x0000000082400000|100%| O|  |TAMS 0x0000000082400000, 0x0000000082400000| Untracked 
|  36|0x0000000082400000, 0x0000000082500000, 0x0000000082500000|100%| O|  |TAMS 0x0000000082500000, 0x0000000082500000| Untracked 
|  37|0x0000000082500000, 0x0000000082600000, 0x0000000082600000|100%| O|  |TAMS 0x0000000082600000, 0x0000000082600000| Untracked 
|  38|0x0000000082600000, 0x0000000082700000, 0x0000000082700000|100%| O|  |TAMS 0x0000000082700000, 0x0000000082700000| Untracked 
|  39|0x0000000082700000, 0x0000000082800000, 0x0000000082800000|100%| O|  |TAMS 0x0000000082800000, 0x0000000082800000| Untracked 
|  40|0x0000000082800000, 0x0000000082900000, 0x0000000082900000|100%| O|  |TAMS 0x0000000082900000, 0x0000000082900000| Untracked 
|  41|0x0000000082900000, 0x0000000082a00000, 0x0000000082a00000|100%| O|  |TAMS 0x0000000082a00000, 0x0000000082a00000| Untracked 
|  42|0x0000000082a00000, 0x0000000082b00000, 0x0000000082b00000|100%| O|  |TAMS 0x0000000082b00000, 0x0000000082b00000| Untracked 
|  43|0x0000000082b00000, 0x0000000082c00000, 0x0000000082c00000|100%| O|  |TAMS 0x0000000082c00000, 0x0000000082c00000| Untracked 
|  44|0x0000000082c00000, 0x0000000082d00000, 0x0000000082d00000|100%| O|  |TAMS 0x0000000082d00000, 0x0000000082d00000| Untracked 
|  45|0x0000000082d00000, 0x0000000082e00000, 0x0000000082e00000|100%| O|  |TAMS 0x0000000082e00000, 0x0000000082e00000| Untracked 
|  46|0x0000000082e00000, 0x0000000082f00000, 0x0000000082f00000|100%| O|  |TAMS 0x0000000082f00000, 0x0000000082f00000| Untracked 
|  47|0x0000000082f00000, 0x0000000083000000, 0x0000000083000000|100%| O|  |TAMS 0x0000000083000000, 0x0000000083000000| Untracked 
|  48|0x0000000083000000, 0x0000000083100000, 0x0000000083100000|100%| O|  |TAMS 0x0000000083100000, 0x0000000083100000| Untracked 
|  49|0x0000000083100000, 0x0000000083200000, 0x0000000083200000|100%| O|  |TAMS 0x0000000083200000, 0x0000000083200000| Untracked 
|  50|0x0000000083200000, 0x0000000083300000, 0x0000000083300000|100%| O|  |TAMS 0x0000000083300000, 0x0000000083300000| Untracked 
|  51|0x0000000083300000, 0x0000000083400000, 0x0000000083400000|100%| O|  |TAMS 0x0000000083400000, 0x0000000083400000| Untracked 
|  52|0x0000000083400000, 0x0000000083500000, 0x0000000083500000|100%| O|  |TAMS 0x0000000083500000, 0x0000000083500000| Untracked 
|  53|0x0000000083500000, 0x0000000083600000, 0x0000000083600000|100%| O|  |TAMS 0x0000000083600000, 0x0000000083600000| Untracked 
|  54|0x0000000083600000, 0x0000000083700000, 0x0000000083700000|100%| O|  |TAMS 0x0000000083700000, 0x0000000083700000| Untracked 
|  55|0x0000000083700000, 0x0000000083800000, 0x0000000083800000|100%| O|  |TAMS 0x0000000083800000, 0x0000000083800000| Untracked 
|  56|0x0000000083800000, 0x0000000083900000, 0x0000000083900000|100%| O|  |TAMS 0x0000000083900000, 0x0000000083900000| Untracked 
|  57|0x0000000083900000, 0x0000000083a00000, 0x0000000083a00000|100%| O|  |TAMS 0x0000000083a00000, 0x0000000083a00000| Untracked 
|  58|0x0000000083a00000, 0x0000000083b00000, 0x0000000083b00000|100%| O|  |TAMS 0x0000000083b00000, 0x0000000083b00000| Untracked 
|  59|0x0000000083b00000, 0x0000000083c00000, 0x0000000083c00000|100%| O|  |TAMS 0x0000000083c00000, 0x0000000083c00000| Untracked 
|  60|0x0000000083c00000, 0x0000000083d00000, 0x0000000083d00000|100%| O|  |TAMS 0x0000000083d00000, 0x0000000083d00000| Untracked 
|  61|0x0000000083d00000, 0x0000000083e00000, 0x0000000083e00000|100%| O|  |TAMS 0x0000000083e00000, 0x0000000083e00000| Untracked 
|  62|0x0000000083e00000, 0x0000000083f00000, 0x0000000083f00000|100%| O|  |TAMS 0x0000000083f00000, 0x0000000083f00000| Untracked 
|  63|0x0000000083f00000, 0x0000000084000000, 0x0000000084000000|100%| O|  |TAMS 0x0000000084000000, 0x0000000084000000| Untracked 
|  64|0x0000000084000000, 0x0000000084100000, 0x0000000084100000|100%| O|  |TAMS 0x0000000084100000, 0x0000000084100000| Untracked 
|  65|0x0000000084100000, 0x0000000084200000, 0x0000000084200000|100%| O|  |TAMS 0x0000000084200000, 0x0000000084200000| Untracked 
|  66|0x0000000084200000, 0x0000000084300000, 0x0000000084300000|100%| O|  |TAMS 0x0000000084300000, 0x0000000084300000| Untracked 
|  67|0x0000000084300000, 0x0000000084400000, 0x0000000084400000|100%| O|  |TAMS 0x0000000084400000, 0x0000000084400000| Untracked 
|  68|0x0000000084400000, 0x0000000084500000, 0x0000000084500000|100%| O|  |TAMS 0x0000000084500000, 0x0000000084500000| Untracked 
|  69|0x0000000084500000, 0x0000000084600000, 0x0000000084600000|100%| O|  |TAMS 0x0000000084600000, 0x0000000084600000| Untracked 
|  70|0x0000000084600000, 0x0000000084700000, 0x0000000084700000|100%| O|  |TAMS 0x0000000084700000, 0x0000000084700000| Untracked 
|  71|0x0000000084700000, 0x0000000084800000, 0x0000000084800000|100%| O|  |TAMS 0x0000000084800000, 0x0000000084800000| Untracked 
|  72|0x0000000084800000, 0x0000000084900000, 0x0000000084900000|100%| O|  |TAMS 0x0000000084900000, 0x0000000084900000| Untracked 
|  73|0x0000000084900000, 0x0000000084a00000, 0x0000000084a00000|100%| O|  |TAMS 0x0000000084a00000, 0x0000000084a00000| Untracked 
|  74|0x0000000084a00000, 0x0000000084b00000, 0x0000000084b00000|100%| O|  |TAMS 0x0000000084b00000, 0x0000000084b00000| Untracked 
|  75|0x0000000084b00000, 0x0000000084c00000, 0x0000000084c00000|100%| O|  |TAMS 0x0000000084c00000, 0x0000000084c00000| Untracked 
|  76|0x0000000084c00000, 0x0000000084d00000, 0x0000000084d00000|100%| O|  |TAMS 0x0000000084d00000, 0x0000000084d00000| Untracked 
|  77|0x0000000084d00000, 0x0000000084e00000, 0x0000000084e00000|100%| O|  |TAMS 0x0000000084e00000, 0x0000000084e00000| Untracked 
|  78|0x0000000084e00000, 0x0000000084f00000, 0x0000000084f00000|100%| O|  |TAMS 0x0000000084f00000, 0x0000000084f00000| Untracked 
|  79|0x0000000084f00000, 0x0000000085000000, 0x0000000085000000|100%| O|  |TAMS 0x0000000085000000, 0x0000000085000000| Untracked 
|  80|0x0000000085000000, 0x0000000085100000, 0x0000000085100000|100%| O|  |TAMS 0x0000000085100000, 0x0000000085100000| Untracked 
|  81|0x0000000085100000, 0x0000000085200000, 0x0000000085200000|100%| O|  |TAMS 0x0000000085200000, 0x0000000085200000| Untracked 
|  82|0x0000000085200000, 0x0000000085300000, 0x0000000085300000|100%| O|  |TAMS 0x0000000085300000, 0x0000000085300000| Untracked 
|  83|0x0000000085300000, 0x0000000085400000, 0x0000000085400000|100%| O|  |TAMS 0x0000000085400000, 0x0000000085400000| Untracked 
|  84|0x0000000085400000, 0x0000000085500000, 0x0000000085500000|100%| O|  |TAMS 0x0000000085500000, 0x0000000085500000| Untracked 
|  85|0x0000000085500000, 0x0000000085600000, 0x0000000085600000|100%| O|  |TAMS 0x0000000085600000, 0x0000000085600000| Untracked 
|  86|0x0000000085600000, 0x0000000085700000, 0x0000000085700000|100%| O|  |TAMS 0x0000000085700000, 0x0000000085700000| Untracked 
|  87|0x0000000085700000, 0x0000000085800000, 0x0000000085800000|100%| O|  |TAMS 0x0000000085800000, 0x0000000085800000| Untracked 
|  88|0x0000000085800000, 0x0000000085900000, 0x0000000085900000|100%| O|  |TAMS 0x0000000085900000, 0x0000000085900000| Untracked 
|  89|0x0000000085900000, 0x0000000085a00000, 0x0000000085a00000|100%| O|  |TAMS 0x0000000085a00000, 0x0000000085a00000| Untracked 
|  90|0x0000000085a00000, 0x0000000085b00000, 0x0000000085b00000|100%| O|  |TAMS 0x0000000085b00000, 0x0000000085b00000| Untracked 
|  91|0x0000000085b00000, 0x0000000085c00000, 0x0000000085c00000|100%| O|  |TAMS 0x0000000085c00000, 0x0000000085c00000| Untracked 
|  92|0x0000000085c00000, 0x0000000085d00000, 0x0000000085d00000|100%| O|  |TAMS 0x0000000085d00000, 0x0000000085d00000| Untracked 
|  93|0x0000000085d00000, 0x0000000085e00000, 0x0000000085e00000|100%| O|  |TAMS 0x0000000085e00000, 0x0000000085e00000| Untracked 
|  94|0x0000000085e00000, 0x0000000085f00000, 0x0000000085f00000|100%| O|  |TAMS 0x0000000085f00000, 0x0000000085f00000| Untracked 
|  95|0x0000000085f00000, 0x0000000086000000, 0x0000000086000000|100%| O|  |TAMS 0x0000000086000000, 0x0000000086000000| Untracked 
|  96|0x0000000086000000, 0x0000000086100000, 0x0000000086100000|100%| O|  |TAMS 0x0000000086100000, 0x0000000086100000| Untracked 
|  97|0x0000000086100000, 0x0000000086200000, 0x0000000086200000|100%| O|  |TAMS 0x0000000086200000, 0x0000000086200000| Untracked 
|  98|0x0000000086200000, 0x0000000086300000, 0x0000000086300000|100%| O|  |TAMS 0x0000000086300000, 0x0000000086300000| Untracked 
|  99|0x0000000086300000, 0x0000000086400000, 0x0000000086400000|100%| O|  |TAMS 0x0000000086400000, 0x0000000086400000| Untracked 
| 100|0x0000000086400000, 0x0000000086500000, 0x0000000086500000|100%| O|  |TAMS 0x0000000086500000, 0x0000000086500000| Untracked 
| 101|0x0000000086500000, 0x0000000086600000, 0x0000000086600000|100%| O|  |TAMS 0x0000000086600000, 0x0000000086600000| Untracked 
| 102|0x0000000086600000, 0x0000000086700000, 0x0000000086700000|100%| O|  |TAMS 0x00000000866bc600, 0x0000000086700000| Untracked 
| 103|0x0000000086700000, 0x0000000086800000, 0x0000000086800000|100%|HS|  |TAMS 0x0000000086700000, 0x0000000086800000| Complete 
| 104|0x0000000086800000, 0x0000000086900000, 0x0000000086900000|100%|HC|  |TAMS 0x0000000086800000, 0x0000000086900000| Complete 
| 105|0x0000000086900000, 0x0000000086a00000, 0x0000000086a00000|100%| O|  |TAMS 0x0000000086900000, 0x0000000086a00000| Untracked 
| 106|0x0000000086a00000, 0x0000000086b00000, 0x0000000086b00000|100%| O|  |TAMS 0x0000000086a00000, 0x0000000086b00000| Untracked 
| 107|0x0000000086b00000, 0x0000000086c00000, 0x0000000086c00000|100%| O|  |TAMS 0x0000000086b00000, 0x0000000086c00000| Untracked 
| 108|0x0000000086c00000, 0x0000000086d00000, 0x0000000086d00000|100%| O|  |TAMS 0x0000000086c00000, 0x0000000086d00000| Untracked 
| 109|0x0000000086d00000, 0x0000000086e00000, 0x0000000086e00000|100%| O|  |TAMS 0x0000000086d00000, 0x0000000086e00000| Untracked 
| 110|0x0000000086e00000, 0x0000000086f00000, 0x0000000086f00000|100%| O|  |TAMS 0x0000000086e00000, 0x0000000086f00000| Untracked 
| 111|0x0000000086f00000, 0x0000000087000000, 0x0000000087000000|100%| O|  |TAMS 0x0000000086f00000, 0x0000000087000000| Untracked 
| 112|0x0000000087000000, 0x0000000087100000, 0x0000000087100000|100%| O|  |TAMS 0x0000000087000000, 0x0000000087100000| Untracked 
| 113|0x0000000087100000, 0x0000000087200000, 0x0000000087200000|100%| O|  |TAMS 0x0000000087100000, 0x0000000087200000| Untracked 
| 114|0x0000000087200000, 0x0000000087216a00, 0x0000000087300000|  8%| O|  |TAMS 0x0000000087200000, 0x0000000087216a00| Untracked 
| 115|0x0000000087300000, 0x0000000087300000, 0x0000000087400000|  0%| F|  |TAMS 0x0000000087300000, 0x0000000087300000| Untracked 
| 116|0x0000000087400000, 0x0000000087400000, 0x0000000087500000|  0%| F|  |TAMS 0x0000000087400000, 0x0000000087400000| Untracked 
| 117|0x0000000087500000, 0x0000000087500000, 0x0000000087600000|  0%| F|  |TAMS 0x0000000087500000, 0x0000000087500000| Untracked 
| 118|0x0000000087600000, 0x0000000087600000, 0x0000000087700000|  0%| F|  |TAMS 0x0000000087600000, 0x0000000087600000| Untracked 
| 119|0x0000000087700000, 0x0000000087700000, 0x0000000087800000|  0%| F|  |TAMS 0x0000000087700000, 0x0000000087700000| Untracked 
| 120|0x0000000087800000, 0x0000000087800000, 0x0000000087900000|  0%| F|  |TAMS 0x0000000087800000, 0x0000000087800000| Untracked 
| 121|0x0000000087900000, 0x0000000087900000, 0x0000000087a00000|  0%| F|  |TAMS 0x0000000087900000, 0x0000000087900000| Untracked 
| 122|0x0000000087a00000, 0x0000000087a00000, 0x0000000087b00000|  0%| F|  |TAMS 0x0000000087a00000, 0x0000000087a00000| Untracked 
| 123|0x0000000087b00000, 0x0000000087b00000, 0x0000000087c00000|  0%| F|  |TAMS 0x0000000087b00000, 0x0000000087b00000| Untracked 
| 124|0x0000000087c00000, 0x0000000087c00000, 0x0000000087d00000|  0%| F|  |TAMS 0x0000000087c00000, 0x0000000087c00000| Untracked 
| 125|0x0000000087d00000, 0x0000000087d00000, 0x0000000087e00000|  0%| F|  |TAMS 0x0000000087d00000, 0x0000000087d00000| Untracked 
| 126|0x0000000087e00000, 0x0000000087e00000, 0x0000000087f00000|  0%| F|  |TAMS 0x0000000087e00000, 0x0000000087e00000| Untracked 
| 127|0x0000000087f00000, 0x0000000087f00000, 0x0000000088000000|  0%| F|  |TAMS 0x0000000087f00000, 0x0000000087f00000| Untracked 
| 128|0x0000000088000000, 0x0000000088000000, 0x0000000088100000|  0%| F|  |TAMS 0x0000000088000000, 0x0000000088000000| Untracked 
| 129|0x0000000088100000, 0x0000000088100000, 0x0000000088200000|  0%| F|  |TAMS 0x0000000088100000, 0x0000000088100000| Untracked 
| 130|0x0000000088200000, 0x0000000088200000, 0x0000000088300000|  0%| F|  |TAMS 0x0000000088200000, 0x0000000088200000| Untracked 
| 131|0x0000000088300000, 0x0000000088300000, 0x0000000088400000|  0%| F|  |TAMS 0x0000000088300000, 0x0000000088300000| Untracked 
| 132|0x0000000088400000, 0x0000000088400000, 0x0000000088500000|  0%| F|  |TAMS 0x0000000088400000, 0x0000000088400000| Untracked 
| 133|0x0000000088500000, 0x0000000088500000, 0x0000000088600000|  0%| F|  |TAMS 0x0000000088500000, 0x0000000088500000| Untracked 
| 134|0x0000000088600000, 0x0000000088600000, 0x0000000088700000|  0%| F|  |TAMS 0x0000000088600000, 0x0000000088600000| Untracked 
| 135|0x0000000088700000, 0x0000000088700000, 0x0000000088800000|  0%| F|  |TAMS 0x0000000088700000, 0x0000000088700000| Untracked 
| 136|0x0000000088800000, 0x0000000088800000, 0x0000000088900000|  0%| F|  |TAMS 0x0000000088800000, 0x0000000088800000| Untracked 
| 137|0x0000000088900000, 0x0000000088900000, 0x0000000088a00000|  0%| F|  |TAMS 0x0000000088900000, 0x0000000088900000| Untracked 
| 138|0x0000000088a00000, 0x0000000088a00000, 0x0000000088b00000|  0%| F|  |TAMS 0x0000000088a00000, 0x0000000088a00000| Untracked 
| 139|0x0000000088b00000, 0x0000000088b00000, 0x0000000088c00000|  0%| F|  |TAMS 0x0000000088b00000, 0x0000000088b00000| Untracked 
| 140|0x0000000088c00000, 0x0000000088d00000, 0x0000000088d00000|100%| S|CS|TAMS 0x0000000088c00000, 0x0000000088c00000| Complete 
| 141|0x0000000088d00000, 0x0000000088e00000, 0x0000000088e00000|100%| S|CS|TAMS 0x0000000088d00000, 0x0000000088d00000| Complete 
| 142|0x0000000088e00000, 0x0000000088f00000, 0x0000000088f00000|100%| S|CS|TAMS 0x0000000088e00000, 0x0000000088e00000| Complete 
| 143|0x0000000088f00000, 0x0000000089000000, 0x0000000089000000|100%| S|CS|TAMS 0x0000000088f00000, 0x0000000088f00000| Complete 
| 144|0x0000000089000000, 0x0000000089100000, 0x0000000089100000|100%| S|CS|TAMS 0x0000000089000000, 0x0000000089000000| Complete 
| 145|0x0000000089100000, 0x0000000089200000, 0x0000000089200000|100%| S|CS|TAMS 0x0000000089100000, 0x0000000089100000| Complete 
| 146|0x0000000089200000, 0x0000000089300000, 0x0000000089300000|100%| S|CS|TAMS 0x0000000089200000, 0x0000000089200000| Complete 
| 147|0x0000000089300000, 0x0000000089300000, 0x0000000089400000|  0%| F|  |TAMS 0x0000000089300000, 0x0000000089300000| Untracked 
| 148|0x0000000089400000, 0x0000000089400000, 0x0000000089500000|  0%| F|  |TAMS 0x0000000089400000, 0x0000000089400000| Untracked 
| 149|0x0000000089500000, 0x0000000089500000, 0x0000000089600000|  0%| F|  |TAMS 0x0000000089500000, 0x0000000089500000| Untracked 
| 150|0x0000000089600000, 0x0000000089600000, 0x0000000089700000|  0%| F|  |TAMS 0x0000000089600000, 0x0000000089600000| Untracked 
| 151|0x0000000089700000, 0x0000000089700000, 0x0000000089800000|  0%| F|  |TAMS 0x0000000089700000, 0x0000000089700000| Untracked 
| 152|0x0000000089800000, 0x0000000089800000, 0x0000000089900000|  0%| F|  |TAMS 0x0000000089800000, 0x0000000089800000| Untracked 
| 153|0x0000000089900000, 0x0000000089900000, 0x0000000089a00000|  0%| F|  |TAMS 0x0000000089900000, 0x0000000089900000| Untracked 
| 154|0x0000000089a00000, 0x0000000089a00000, 0x0000000089b00000|  0%| F|  |TAMS 0x0000000089a00000, 0x0000000089a00000| Untracked 
| 155|0x0000000089b00000, 0x0000000089b00000, 0x0000000089c00000|  0%| F|  |TAMS 0x0000000089b00000, 0x0000000089b00000| Untracked 
| 156|0x0000000089c00000, 0x0000000089c00000, 0x0000000089d00000|  0%| F|  |TAMS 0x0000000089c00000, 0x0000000089c00000| Untracked 
| 157|0x0000000089d00000, 0x0000000089d00000, 0x0000000089e00000|  0%| F|  |TAMS 0x0000000089d00000, 0x0000000089d00000| Untracked 
| 158|0x0000000089e00000, 0x0000000089e00000, 0x0000000089f00000|  0%| F|  |TAMS 0x0000000089e00000, 0x0000000089e00000| Untracked 
| 159|0x0000000089f00000, 0x0000000089f00000, 0x000000008a000000|  0%| F|  |TAMS 0x0000000089f00000, 0x0000000089f00000| Untracked 
| 160|0x000000008a000000, 0x000000008a000000, 0x000000008a100000|  0%| F|  |TAMS 0x000000008a000000, 0x000000008a000000| Untracked 
| 161|0x000000008a100000, 0x000000008a100000, 0x000000008a200000|  0%| F|  |TAMS 0x000000008a100000, 0x000000008a100000| Untracked 
| 162|0x000000008a200000, 0x000000008a200000, 0x000000008a300000|  0%| F|  |TAMS 0x000000008a200000, 0x000000008a200000| Untracked 
| 163|0x000000008a300000, 0x000000008a300000, 0x000000008a400000|  0%| F|  |TAMS 0x000000008a300000, 0x000000008a300000| Untracked 
| 164|0x000000008a400000, 0x000000008a400000, 0x000000008a500000|  0%| F|  |TAMS 0x000000008a400000, 0x000000008a400000| Untracked 
| 165|0x000000008a500000, 0x000000008a500000, 0x000000008a600000|  0%| F|  |TAMS 0x000000008a500000, 0x000000008a500000| Untracked 
| 166|0x000000008a600000, 0x000000008a600000, 0x000000008a700000|  0%| F|  |TAMS 0x000000008a600000, 0x000000008a600000| Untracked 
| 167|0x000000008a700000, 0x000000008a700000, 0x000000008a800000|  0%| F|  |TAMS 0x000000008a700000, 0x000000008a700000| Untracked 
| 168|0x000000008a800000, 0x000000008a800000, 0x000000008a900000|  0%| F|  |TAMS 0x000000008a800000, 0x000000008a800000| Untracked 
| 169|0x000000008a900000, 0x000000008a900000, 0x000000008aa00000|  0%| F|  |TAMS 0x000000008a900000, 0x000000008a900000| Untracked 
| 170|0x000000008aa00000, 0x000000008aa00000, 0x000000008ab00000|  0%| F|  |TAMS 0x000000008aa00000, 0x000000008aa00000| Untracked 
| 171|0x000000008ab00000, 0x000000008ab00000, 0x000000008ac00000|  0%| F|  |TAMS 0x000000008ab00000, 0x000000008ab00000| Untracked 
| 172|0x000000008ac00000, 0x000000008ac00000, 0x000000008ad00000|  0%| F|  |TAMS 0x000000008ac00000, 0x000000008ac00000| Untracked 
| 173|0x000000008ad00000, 0x000000008ad00000, 0x000000008ae00000|  0%| F|  |TAMS 0x000000008ad00000, 0x000000008ad00000| Untracked 
| 174|0x000000008ae00000, 0x000000008ae00000, 0x000000008af00000|  0%| F|  |TAMS 0x000000008ae00000, 0x000000008ae00000| Untracked 
| 175|0x000000008af00000, 0x000000008af00000, 0x000000008b000000|  0%| F|  |TAMS 0x000000008af00000, 0x000000008af00000| Untracked 
| 176|0x000000008b000000, 0x000000008b000000, 0x000000008b100000|  0%| F|  |TAMS 0x000000008b000000, 0x000000008b000000| Untracked 
| 177|0x000000008b100000, 0x000000008b100000, 0x000000008b200000|  0%| F|  |TAMS 0x000000008b100000, 0x000000008b100000| Untracked 
| 178|0x000000008b200000, 0x000000008b2bbb38, 0x000000008b300000| 73%| E|  |TAMS 0x000000008b200000, 0x000000008b200000| Complete 
| 179|0x000000008b300000, 0x000000008b400000, 0x000000008b400000|100%| E|CS|TAMS 0x000000008b300000, 0x000000008b300000| Complete 
| 180|0x000000008b400000, 0x000000008b500000, 0x000000008b500000|100%| E|CS|TAMS 0x000000008b400000, 0x000000008b400000| Complete 
| 181|0x000000008b500000, 0x000000008b600000, 0x000000008b600000|100%| E|CS|TAMS 0x000000008b500000, 0x000000008b500000| Complete 
| 182|0x000000008b600000, 0x000000008b700000, 0x000000008b700000|100%| E|  |TAMS 0x000000008b600000, 0x000000008b600000| Complete 
| 183|0x000000008b700000, 0x000000008b800000, 0x000000008b800000|100%| E|CS|TAMS 0x000000008b700000, 0x000000008b700000| Complete 
| 184|0x000000008b800000, 0x000000008b900000, 0x000000008b900000|100%| E|CS|TAMS 0x000000008b800000, 0x000000008b800000| Complete 
| 185|0x000000008b900000, 0x000000008ba00000, 0x000000008ba00000|100%| E|CS|TAMS 0x000000008b900000, 0x000000008b900000| Complete 
| 186|0x000000008ba00000, 0x000000008bb00000, 0x000000008bb00000|100%| E|CS|TAMS 0x000000008ba00000, 0x000000008ba00000| Complete 
| 187|0x000000008bb00000, 0x000000008bc00000, 0x000000008bc00000|100%| E|CS|TAMS 0x000000008bb00000, 0x000000008bb00000| Complete 
| 188|0x000000008bc00000, 0x000000008bd00000, 0x000000008bd00000|100%| E|CS|TAMS 0x000000008bc00000, 0x000000008bc00000| Complete 
| 189|0x000000008bd00000, 0x000000008be00000, 0x000000008be00000|100%| E|CS|TAMS 0x000000008bd00000, 0x000000008bd00000| Complete 
| 190|0x000000008be00000, 0x000000008bf00000, 0x000000008bf00000|100%| E|CS|TAMS 0x000000008be00000, 0x000000008be00000| Complete 
| 191|0x000000008bf00000, 0x000000008c000000, 0x000000008c000000|100%| E|CS|TAMS 0x000000008bf00000, 0x000000008bf00000| Complete 

Card table byte_map: [0x0000017cb6df0000,0x0000017cb71f0000] _byte_map_base: 0x0000017cb69f0000

Marking Bits (Prev, Next): (CMBitMap*) 0x0000017ca3bec298, (CMBitMap*) 0x0000017ca3bec2d0
 Prev Bits: [0x0000017cb75f0000, 0x0000017cb95f0000)
 Next Bits: [0x0000017cb95f0000, 0x0000017cbb5f0000)

Polling page: 0x0000017ca1bc0000

Metaspace:

Usage:
  Non-class:     83.28 MB capacity,    81.92 MB ( 98%) used,     1.09 MB (  1%) free+waste,   274.50 KB ( <1%) overhead. 
      Class:     12.94 MB capacity,    12.06 MB ( 93%) used,   782.02 KB (  6%) free+waste,   122.19 KB ( <1%) overhead. 
       Both:     96.22 MB capacity,    93.98 MB ( 98%) used,     1.85 MB (  2%) free+waste,   396.69 KB ( <1%) overhead. 

Virtual space:
  Non-class space:       84.00 MB reserved,      83.42 MB (>99%) committed 
      Class space:        1.00 GB reserved,      13.03 MB (  1%) committed 
             Both:        1.08 GB reserved,      96.45 MB (  9%) committed 

Chunk freelists:
   Non-Class:  149.00 KB
       Class:  93.00 KB
        Both:  242.00 KB

MaxMetaspaceSize: 17179869184.00 GB
CompressedClassSpaceSize: 1.00 GB
Initial GC threshold: 20.80 MB
Current GC threshold: 159.30 MB
CDS: off

CodeHeap 'non-profiled nmethods': size=120000Kb used=8337Kb max_used=8337Kb free=111662Kb
 bounds [0x0000017caf190000, 0x0000017caf9c0000, 0x0000017cb66c0000]
CodeHeap 'profiled nmethods': size=120000Kb used=27667Kb max_used=27667Kb free=92332Kb
 bounds [0x0000017ca7c60000, 0x0000017ca9770000, 0x0000017caf190000]
CodeHeap 'non-nmethods': size=5760Kb used=2381Kb max_used=2426Kb free=3378Kb
 bounds [0x0000017ca76c0000, 0x0000017ca7930000, 0x0000017ca7c60000]
 total_blobs=13391 nmethods=12488 adapters=816
 compilation: enabled
              stopped_count=0, restarted_count=0
 full_count=0

Compilation events (20 events):
Event: 28.119 Thread 0x0000017cbe8ec800 12523       3       com.android.tools.r8.origin.Origin::<init> (31 bytes)
Event: 28.119 Thread 0x0000017cbe8ec800 nmethod 12523 0x0000017ca9743a90 code [0x0000017ca9743c40, 0x0000017ca9743df8]
Event: 28.119 Thread 0x0000017cbe8ec800 12524       3       com.android.tools.r8.origin.Origin::root (4 bytes)
Event: 28.119 Thread 0x0000017cbe8ec800 nmethod 12524 0x0000017ca9743e90 code [0x0000017ca9744040, 0x0000017ca9744138]
Event: 28.119 Thread 0x0000017cbe8ec800 12525       3       com.android.tools.r8.origin.PathOrigin::<init> (34 bytes)
Event: 28.120 Thread 0x0000017cbe8ec800 nmethod 12525 0x0000017ca9744210 code [0x0000017ca97443e0, 0x0000017ca97446f8]
Event: 28.121 Thread 0x0000017cbe8ec800 12526       3       java.util.zip.ZipFile$ZipFileInflaterInputStream::available (44 bytes)
Event: 28.121 Thread 0x0000017cbe8ec800 nmethod 12526 0x0000017ca9744810 code [0x0000017ca9744a00, 0x0000017ca9744f48]
Event: 28.121 Thread 0x0000017cbe8ec800 12527   !   3       java.util.zip.Inflater::getBytesWritten (23 bytes)
Event: 28.122 Thread 0x0000017cbe8ec800 nmethod 12527 0x0000017ca9745110 code [0x0000017ca97452e0, 0x0000017ca97455c8]
Event: 28.124 Thread 0x0000017cbe8ec800 12528       3       org.gradle.internal.operations.DefaultBuildOperationExecutor::getCurrentBuildOperation (11 bytes)
Event: 28.125 Thread 0x0000017cbe8ec800 nmethod 12528 0x0000017ca9745710 code [0x0000017ca97458e0, 0x0000017ca9745ce8]
Event: 28.129 Thread 0x0000017cbe8ec800 12529       3       java.io.BufferedInputStream::<init> (32 bytes)
Event: 28.130 Thread 0x0000017cbe8ec800 nmethod 12529 0x0000017ca9745e10 code [0x0000017ca9746000, 0x0000017ca9746488]
Event: 28.130 Thread 0x0000017cbe8ec800 12530       1       com.android.builder.dexing.NoCacheJarClassFileEntry::getInput (5 bytes)
Event: 28.130 Thread 0x0000017cbe8ec800 nmethod 12530 0x0000017caf9b3f90 code [0x0000017caf9b4140, 0x0000017caf9b41f8]
Event: 28.130 Thread 0x0000017cbe8ec800 12531       1       com.android.builder.dexing.JarClassFileInput::getPath (5 bytes)
Event: 28.130 Thread 0x0000017cbe8ec800 nmethod 12531 0x0000017caf9b4290 code [0x0000017caf9b4440, 0x0000017caf9b44f8]
Event: 28.158 Thread 0x0000017cbe8ec800 12532       3       java.util.ArrayDeque::grow (165 bytes)
Event: 28.160 Thread 0x0000017cbe8ec800 nmethod 12532 0x0000017ca9746610 code [0x0000017ca9746840, 0x0000017ca9746fa8]

GC Heap History (20 events):
Event: 18.156 GC heap before
{Heap before GC invocations=13 (full 0):
 garbage-first heap   total 196608K, used 153579K [0x0000000080000000, 0x0000000100000000)
  region size 1024K, 92 young (94208K), 12 survivors (12288K)
 Metaspace       used 80962K, capacity 82874K, committed 83152K, reserved 1122304K
  class space    used 10520K, capacity 11231K, committed 11296K, reserved 1048576K
}
Event: 18.172 GC heap after
{Heap after GC invocations=14 (full 0):
 garbage-first heap   total 196608K, used 77000K [0x0000000080000000, 0x0000000100000000)
  region size 1024K, 11 young (11264K), 11 survivors (11264K)
 Metaspace       used 80962K, capacity 82874K, committed 83152K, reserved 1122304K
  class space    used 10520K, capacity 11231K, committed 11296K, reserved 1048576K
}
Event: 19.731 GC heap before
{Heap before GC invocations=14 (full 0):
 garbage-first heap   total 196608K, used 156872K [0x0000000080000000, 0x0000000100000000)
  region size 1024K, 89 young (91136K), 11 survivors (11264K)
 Metaspace       used 87085K, capacity 89154K, committed 89424K, reserved 1126400K
  class space    used 11336K, capacity 12122K, committed 12192K, reserved 1048576K
}
Event: 19.751 GC heap after
{Heap after GC invocations=15 (full 0):
 garbage-first heap   total 196608K, used 83446K [0x0000000080000000, 0x0000000100000000)
  region size 1024K, 12 young (12288K), 12 survivors (12288K)
 Metaspace       used 87085K, capacity 89154K, committed 89424K, reserved 1126400K
  class space    used 11336K, capacity 12122K, committed 12192K, reserved 1048576K
}
Event: 20.737 GC heap before
{Heap before GC invocations=15 (full 0):
 garbage-first heap   total 196608K, used 157174K [0x0000000080000000, 0x0000000100000000)
  region size 1024K, 85 young (87040K), 12 survivors (12288K)
 Metaspace       used 87970K, capacity 90205K, committed 90320K, reserved 1128448K
  class space    used 11443K, capacity 12293K, committed 12320K, reserved 1048576K
}
Event: 20.756 GC heap after
{Heap after GC invocations=16 (full 0):
 garbage-first heap   total 196608K, used 90894K [0x0000000080000000, 0x0000000100000000)
  region size 1024K, 8 young (8192K), 8 survivors (8192K)
 Metaspace       used 87970K, capacity 90205K, committed 90320K, reserved 1128448K
  class space    used 11443K, capacity 12293K, committed 12320K, reserved 1048576K
}
Event: 21.673 GC heap before
{Heap before GC invocations=16 (full 0):
 garbage-first heap   total 196608K, used 158478K [0x0000000080000000, 0x0000000100000000)
  region size 1024K, 75 young (76800K), 8 survivors (8192K)
 Metaspace       used 88594K, capacity 90850K, committed 90960K, reserved 1128448K
  class space    used 11492K, capacity 12354K, committed 12448K, reserved 1048576K
}
Event: 21.687 GC heap after
{Heap after GC invocations=17 (full 0):
 garbage-first heap   total 196608K, used 95245K [0x0000000080000000, 0x0000000100000000)
  region size 1024K, 7 young (7168K), 7 survivors (7168K)
 Metaspace       used 88594K, capacity 90850K, committed 90960K, reserved 1128448K
  class space    used 11492K, capacity 12354K, committed 12448K, reserved 1048576K
}
Event: 23.640 GC heap before
{Heap before GC invocations=17 (full 0):
 garbage-first heap   total 196608K, used 158733K [0x0000000080000000, 0x0000000100000000)
  region size 1024K, 70 young (71680K), 7 survivors (7168K)
 Metaspace       used 93105K, capacity 95475K, committed 95568K, reserved 1132544K
  class space    used 12000K, capacity 12909K, committed 12960K, reserved 1048576K
}
Event: 23.652 GC heap after
{Heap after GC invocations=18 (full 0):
 garbage-first heap   total 196608K, used 96778K [0x0000000080000000, 0x0000000100000000)
  region size 1024K, 2 young (2048K), 2 survivors (2048K)
 Metaspace       used 93105K, capacity 95475K, committed 95568K, reserved 1132544K
  class space    used 12000K, capacity 12909K, committed 12960K, reserved 1048576K
}
Event: 25.080 GC heap before
{Heap before GC invocations=19 (full 0):
 garbage-first heap   total 196608K, used 161290K [0x0000000080000000, 0x0000000100000000)
  region size 1024K, 66 young (67584K), 2 survivors (2048K)
 Metaspace       used 94601K, capacity 96797K, committed 97616K, reserved 1134592K
  class space    used 12108K, capacity 12957K, committed 13216K, reserved 1048576K
}
Event: 25.096 GC heap after
{Heap after GC invocations=20 (full 0):
 garbage-first heap   total 196608K, used 102378K [0x0000000080000000, 0x0000000100000000)
  region size 1024K, 8 young (8192K), 8 survivors (8192K)
 Metaspace       used 94601K, capacity 96797K, committed 97616K, reserved 1134592K
  class space    used 12108K, capacity 12957K, committed 13216K, reserved 1048576K
}
Event: 26.746 GC heap before
{Heap before GC invocations=20 (full 0):
 garbage-first heap   total 196608K, used 160746K [0x0000000080000000, 0x0000000100000000)
  region size 1024K, 66 young (67584K), 8 survivors (8192K)
 Metaspace       used 94844K, capacity 97117K, committed 97616K, reserved 1134592K
  class space    used 12147K, capacity 13037K, committed 13216K, reserved 1048576K
}
Event: 26.764 GC heap after
{Heap after GC invocations=21 (full 0):
 garbage-first heap   total 196608K, used 105988K [0x0000000080000000, 0x0000000100000000)
  region size 1024K, 6 young (6144K), 6 survivors (6144K)
 Metaspace       used 94844K, capacity 97117K, committed 97616K, reserved 1134592K
  class space    used 12147K, capacity 13037K, committed 13216K, reserved 1048576K
}
Event: 27.262 GC heap before
{Heap before GC invocations=22 (full 0):
 garbage-first heap   total 196608K, used 117252K [0x0000000080000000, 0x0000000100000000)
  region size 1024K, 19 young (19456K), 6 survivors (6144K)
 Metaspace       used 94972K, capacity 97213K, committed 97616K, reserved 1134592K
  class space    used 12167K, capacity 13047K, committed 13216K, reserved 1048576K
}
Event: 27.273 GC heap after
{Heap after GC invocations=23 (full 0):
 garbage-first heap   total 196608K, used 106583K [0x0000000080000000, 0x0000000100000000)
  region size 1024K, 2 young (2048K), 2 survivors (2048K)
 Metaspace       used 94972K, capacity 97213K, committed 97616K, reserved 1134592K
  class space    used 12167K, capacity 13047K, committed 13216K, reserved 1048576K
}
Event: 27.779 GC heap before
{Heap before GC invocations=24 (full 0):
 garbage-first heap   total 196608K, used 166999K [0x0000000080000000, 0x0000000100000000)
  region size 1024K, 58 young (59392K), 2 survivors (2048K)
 Metaspace       used 95158K, capacity 97390K, committed 97872K, reserved 1134592K
  class space    used 12197K, capacity 13085K, committed 13216K, reserved 1048576K
}
Event: 27.788 GC heap after
{Heap after GC invocations=25 (full 0):
 garbage-first heap   total 196608K, used 116253K [0x0000000080000000, 0x0000000100000000)
  region size 1024K, 8 young (8192K), 8 survivors (8192K)
 Metaspace       used 95158K, capacity 97390K, committed 97872K, reserved 1134592K
  class space    used 12197K, capacity 13085K, committed 13216K, reserved 1048576K
}
Event: 28.135 GC heap before
{Heap before GC invocations=25 (full 0):
 garbage-first heap   total 196608K, used 162333K [0x0000000080000000, 0x0000000100000000)
  region size 1024K, 53 young (54272K), 8 survivors (8192K)
 Metaspace       used 95738K, capacity 98059K, committed 98512K, reserved 1134592K
  class space    used 12289K, capacity 13181K, committed 13344K, reserved 1048576K
}
Event: 28.153 GC heap after
{Heap after GC invocations=26 (full 0):
 garbage-first heap   total 196608K, used 123994K [0x0000000080000000, 0x0000000100000000)
  region size 1024K, 7 young (7168K), 7 survivors (7168K)
 Metaspace       used 95738K, capacity 98059K, committed 98512K, reserved 1134592K
  class space    used 12289K, capacity 13181K, committed 13344K, reserved 1048576K
}

Deoptimization events (20 events):
Event: 27.859 Thread 0x0000017cc5c00800 DEOPT PACKING pc=0x0000017ca907bfb1 sp=0x00000018c83fae00
Event: 27.859 Thread 0x0000017cc5c00800 DEOPT UNPACKING pc=0x0000017ca770a95e sp=0x00000018c83fa2c8 mode 0
Event: 27.898 Thread 0x0000017cc1ff5800 DEOPT PACKING pc=0x0000017ca907bfb1 sp=0x00000018c58fa7a0
Event: 27.898 Thread 0x0000017cc1ff5800 DEOPT UNPACKING pc=0x0000017ca770a95e sp=0x00000018c58f9c68 mode 0
Event: 27.952 Thread 0x0000017cc241b800 Uncommon trap: trap_request=0x00000186 fr.pc=0x0000017caf85f910 relative=0x0000000000000410
Event: 27.952 Thread 0x0000017cc241b800 Uncommon trap: reason=unloaded action=reinterpret pc=0x0000017caf85f910 method=java.util.regex.Pattern.newSlice([IIZ)Ljava/util/regex/Pattern$Node; @ 68 c2
Event: 27.952 Thread 0x0000017cc241b800 DEOPT PACKING pc=0x0000017caf85f910 sp=0x00000018c47fa950
Event: 27.952 Thread 0x0000017cc241b800 DEOPT UNPACKING pc=0x0000017ca770a1af sp=0x00000018c47fa8f8 mode 2
Event: 28.025 Thread 0x0000017cc241b800 Uncommon trap: trap_request=0xffffff4d fr.pc=0x0000017caf7c8a50 relative=0x00000000000015f0
Event: 28.025 Thread 0x0000017cc241b800 Uncommon trap: reason=unstable_if action=reinterpret pc=0x0000017caf7c8a50 method=java.util.concurrent.ConcurrentHashMap.putVal(Ljava/lang/Object;Ljava/lang/Object;Z)Ljava/lang/Object; @ 162 c2
Event: 28.025 Thread 0x0000017cc241b800 DEOPT PACKING pc=0x0000017caf7c8a50 sp=0x00000018c47f9530
Event: 28.025 Thread 0x0000017cc241b800 DEOPT UNPACKING pc=0x0000017ca770a1af sp=0x00000018c47f94b8 mode 2
Event: 28.025 Thread 0x0000017cc241b800 Uncommon trap: trap_request=0xffffff4d fr.pc=0x0000017caf779444 relative=0x0000000000000164
Event: 28.025 Thread 0x0000017cc241b800 Uncommon trap: reason=unstable_if action=reinterpret pc=0x0000017caf779444 method=com.google.common.collect.MapMakerInternalMap$Segment.getEntry(Ljava/lang/Object;I)Lcom/google/common/collect/MapMakerInternalMap$InternalEntry; @ 63 c2
Event: 28.025 Thread 0x0000017cc241b800 DEOPT PACKING pc=0x0000017caf779444 sp=0x00000018c47f93e0
Event: 28.025 Thread 0x0000017cc241b800 DEOPT UNPACKING pc=0x0000017ca770a1af sp=0x00000018c47f9398 mode 2
Event: 28.025 Thread 0x0000017cc241b800 Uncommon trap: trap_request=0xffffff4d fr.pc=0x0000017caf792850 relative=0x0000000000001730
Event: 28.025 Thread 0x0000017cc241b800 Uncommon trap: reason=unstable_if action=reinterpret pc=0x0000017caf792850 method=com.google.common.collect.MapMakerInternalMap$Segment.put(Ljava/lang/Object;ILjava/lang/Object;Z)Ljava/lang/Object; @ 92 c2
Event: 28.025 Thread 0x0000017cc241b800 DEOPT PACKING pc=0x0000017caf792850 sp=0x00000018c47f9430
Event: 28.025 Thread 0x0000017cc241b800 DEOPT UNPACKING pc=0x0000017ca770a1af sp=0x00000018c47f93c8 mode 2

Classes redefined (0 events):
No events

Internal exceptions (20 events):
Event: 19.151 Thread 0x0000017cc2109000 Exception <a 'java/lang/NoSuchMethodError'{0x0000000088759070}: <clinit>> (0x0000000088759070) thrown at [./src/hotspot/share/prims/jni.cpp, line 1366]
Event: 19.153 Thread 0x0000017cc055e000 Exception <a 'java/lang/NoSuchMethodError'{0x00000000887bd730}: <clinit>> (0x00000000887bd730) thrown at [./src/hotspot/share/prims/jni.cpp, line 1366]
Event: 19.155 Thread 0x0000017cc2109000 Exception <a 'java/lang/NoSuchMethodError'{0x00000000887cc2f0}: <clinit>> (0x00000000887cc2f0) thrown at [./src/hotspot/share/prims/jni.cpp, line 1366]
Event: 19.157 Thread 0x0000017cc2109000 Exception <a 'java/lang/NoSuchMethodError'{0x00000000887d6c18}: 'void java.lang.invoke.DirectMethodHandle$Holder.invokeSpecial(java.lang.Object, java.lang.Object, java.lang.Object, int)'> (0x00000000887d6c18) thrown at [./src/hotspot/share/interpreter/linkResolver.cpp, line 773]
Event: 19.166 Thread 0x0000017cc2113800 Exception <a 'java/lang/NoSuchMethodError'{0x000000008867b360}: 'int java.lang.invoke.DirectMethodHandle$Holder.invokeSpecial(java.lang.Object, java.lang.Object, java.lang.Object, java.lang.Object, java.lang.Object)'> (0x000000008867b360) thrown at [./src/hotspot/share/interpreter/linkResolver.cpp, line 773]
Event: 19.705 Thread 0x0000017cc2113800 Exception <a 'java/lang/NoSuchMethodError'{0x0000000087785df0}: 'void java.lang.invoke.DirectMethodHandle$Holder.invokeStatic(java.lang.Object, java.lang.Object, java.lang.Object, java.lang.Object, int, java.lang.Object, java.lang.Object)'> (0x0000000087785df0) thrown at [./src/hotspot/share/interpreter/linkResolver.cpp, line 773]
Event: 19.806 Thread 0x0000017cbf043000 Exception <a 'java/lang/NoSuchMethodError'{0x000000008bcca0e8}: 'java.lang.Object java.lang.invoke.DirectMethodHandle$Holder.invokeSpecialIFC(java.lang.Object, java.lang.Object, java.lang.Object)'> (0x000000008bcca0e8) thrown at [./src/hotspot/share/interpreter/linkResolver.cpp, line 773]
Event: 19.806 Thread 0x0000017cc241a000 Exception <a 'java/lang/NoSuchMethodError'{0x000000008bcd4d68}: 'java.lang.Object java.lang.invoke.DirectMethodHandle$Holder.invokeSpecialIFC(java.lang.Object, java.lang.Object, java.lang.Object)'> (0x000000008bcd4d68) thrown at [./src/hotspot/share/interpreter/linkResolver.cpp, line 773]
Event: 19.806 Thread 0x0000017cc5c03000 Exception <a 'java/lang/NoSuchMethodError'{0x000000008bca3858}: 'java.lang.Object java.lang.invoke.DirectMethodHandle$Holder.invokeSpecialIFC(java.lang.Object, java.lang.Object, java.lang.Object)'> (0x000000008bca3858) thrown at [./src/hotspot/share/interpreter/linkResolver.cpp, line 773]
Event: 19.806 Thread 0x0000017cbf044000 Exception <a 'java/lang/NoSuchMethodError'{0x000000008bcaf0d8}: 'java.lang.Object java.lang.invoke.DirectMethodHandle$Holder.invokeSpecialIFC(java.lang.Object, java.lang.Object, java.lang.Object)'> (0x000000008bcaf0d8) thrown at [./src/hotspot/share/interpreter/linkResolver.cpp, line 773]
Event: 19.806 Thread 0x0000017cc5bfd800 Exception <a 'java/lang/NoSuchMethodError'{0x000000008bce3378}: 'java.lang.Object java.lang.invoke.DirectMethodHandle$Holder.invokeSpecialIFC(java.lang.Object, java.lang.Object, java.lang.Object)'> (0x000000008bce3378) thrown at [./src/hotspot/share/interpreter/linkResolver.cpp, line 773]
Event: 19.806 Thread 0x0000017cbf046800 Exception <a 'java/lang/NoSuchMethodError'{0x000000008bcbe8c8}: 'java.lang.Object java.lang.invoke.DirectMethodHandle$Holder.invokeSpecialIFC(java.lang.Object, java.lang.Object, java.lang.Object)'> (0x000000008bcbe8c8) thrown at [./src/hotspot/share/interpreter/linkResolver.cpp, line 773]
Event: 19.807 Thread 0x0000017cc2113800 Exception <a 'java/lang/NoSuchMethodError'{0x000000008bf1f550}: 'java.lang.Object java.lang.invoke.DirectMethodHandle$Holder.invokeSpecialIFC(java.lang.Object, java.lang.Object, java.lang.Object)'> (0x000000008bf1f550) thrown at [./src/hotspot/share/interpreter/linkResolver.cpp, line 773]
Event: 19.807 Thread 0x0000017cbf047000 Exception <a 'java/lang/NoSuchMethodError'{0x000000008bcf03e0}: 'java.lang.Object java.lang.invoke.DirectMethodHandle$Holder.invokeSpecialIFC(java.lang.Object, java.lang.Object, java.lang.Object)'> (0x000000008bcf03e0) thrown at [./src/hotspot/share/interpreter/linkResolver.cpp, line 773]
Event: 20.131 Thread 0x0000017cc5c03000 Exception <a 'java/lang/NoSuchMethodError'{0x000000008a7a0a30}: 'void java.lang.invoke.DirectMethodHandle$Holder.invokeVirtual(java.lang.Object, java.lang.Object)'> (0x000000008a7a0a30) thrown at [./src/hotspot/share/interpreter/linkResolver.cpp, line 773]
Event: 20.358 Thread 0x0000017cbf046800 Implicit null exception at 0x0000017caf79e2a4 to 0x0000017caf79e43c
Event: 21.210 Thread 0x0000017cc2113800 Exception <a 'java/lang/NoSuchMethodError'{0x0000000089caf3c0}: 'void java.lang.invoke.DirectMethodHandle$Holder.invokeInterface(java.lang.Object, java.lang.Object, java.lang.Object, java.lang.Object)'> (0x0000000089caf3c0) thrown at [./src/hotspot/share/interpreter/linkResolver.cpp, line 773]
Event: 22.606 Thread 0x0000017cc2113000 Implicit null exception at 0x0000017caf4f34f4 to 0x0000017caf4f3b1c
Event: 23.183 Thread 0x0000017cc2113000 Exception <a 'java/lang/NoSuchMethodError'{0x0000000089fb86f0}: 'java.lang.Object java.lang.invoke.DirectMethodHandle$Holder.newInvokeSpecial(java.lang.Object, java.lang.Object, java.lang.Object, java.lang.Object)'> (0x0000000089fb86f0) thrown at [./src/hotspot/share/interpreter/linkResolver.cpp, line 773]
Event: 23.211 Thread 0x0000017cc055e000 Exception <a 'java/lang/NoSuchMethodError'{0x0000000089e7c630}: <clinit>> (0x0000000089e7c630) thrown at [./src/hotspot/share/prims/jni.cpp, line 1366]

Events (20 events):
Event: 28.132 loading class com/android/tools/r8/BaseCommand$Builder
Event: 28.132 loading class com/android/tools/r8/BaseCommand$Builder done
Event: 28.132 loading class com/android/tools/r8/internal/W5
Event: 28.132 loading class com/android/tools/r8/internal/W5 done
Event: 28.134 loading class com/android/tools/r8/internal/W5
Event: 28.134 loading class com/android/tools/r8/internal/W5 done
Event: 28.134 loading class com/android/tools/r8/internal/W5
Event: 28.134 loading class com/android/tools/r8/internal/W5 done
Event: 28.134 loading class com/android/tools/r8/internal/W5
Event: 28.134 loading class com/android/tools/r8/internal/W5 done
Event: 28.134 loading class com/android/tools/r8/internal/W5
Event: 28.134 loading class com/android/tools/r8/internal/W5 done
Event: 28.134 Executing VM operation: G1CollectForAllocation
Event: 28.134 loading class com/android/tools/r8/BaseCommand$Builder
Event: 28.134 loading class com/android/tools/r8/BaseCommand$Builder done
Event: 28.134 loading class com/android/tools/r8/BaseCommand$Builder
Event: 28.134 loading class com/android/tools/r8/BaseCommand$Builder done
Event: 28.134 loading class com/android/tools/r8/BaseCommand$Builder
Event: 28.134 loading class com/android/tools/r8/BaseCommand$Builder done
Event: 28.153 Executing VM operation: G1CollectForAllocation done


Dynamic libraries:
0x00007ff601f20000 - 0x00007ff601f2a000 	D:\Program Files\Android\Android Studio\jre\bin\java.exe
0x00007ffe73ad0000 - 0x00007ffe73ce4000 	C:\Windows\SYSTEM32\ntdll.dll
0x00007ffe72240000 - 0x00007ffe72303000 	C:\Windows\System32\KERNEL32.DLL
0x00007ffe71180000 - 0x00007ffe7151d000 	C:\Windows\System32\KERNELBASE.dll
0x00007ffe71060000 - 0x00007ffe71171000 	C:\Windows\System32\ucrtbase.dll
0x00007ffe4e0c0000 - 0x00007ffe4e0d9000 	D:\Program Files\Android\Android Studio\jre\bin\jli.dll
0x00007ffe4e4d0000 - 0x00007ffe4e4e7000 	D:\Program Files\Android\Android Studio\jre\bin\VCRUNTIME140.dll
0x00007ffe730b0000 - 0x00007ffe7325d000 	C:\Windows\System32\USER32.dll
0x00007ffe716f0000 - 0x00007ffe71716000 	C:\Windows\System32\win32u.dll
0x00007ffe59840000 - 0x00007ffe59ace000 	C:\Windows\WinSxS\amd64_microsoft.windows.common-controls_6595b64144ccf1df_6.0.22621.608_none_a9444ca7c10bb01d\COMCTL32.dll
0x00007ffe71bf0000 - 0x00007ffe71c19000 	C:\Windows\System32\GDI32.dll
0x00007ffe717a0000 - 0x00007ffe718b2000 	C:\Windows\System32\gdi32full.dll
0x00007ffe73860000 - 0x00007ffe73907000 	C:\Windows\System32\msvcrt.dll
0x00007ffe71520000 - 0x00007ffe715ba000 	C:\Windows\System32\msvcp_win.dll
0x00007ffe72dd0000 - 0x00007ffe72e02000 	C:\Windows\System32\IMM32.DLL
0x00007ffe47c30000 - 0x00007ffe47ccd000 	D:\Program Files\Android\Android Studio\jre\bin\msvcp140.dll
0x00007ffe44770000 - 0x00007ffe45272000 	D:\Program Files\Android\Android Studio\jre\bin\server\jvm.dll
0x00007ffe73910000 - 0x00007ffe739be000 	C:\Windows\System32\ADVAPI32.dll
0x00007ffe736d0000 - 0x00007ffe73774000 	C:\Windows\System32\sechost.dll
0x00007ffe72f10000 - 0x00007ffe73025000 	C:\Windows\System32\RPCRT4.dll
0x00007ffe718c0000 - 0x00007ffe718c8000 	C:\Windows\System32\PSAPI.DLL
0x00007ffe54250000 - 0x00007ffe54259000 	C:\Windows\SYSTEM32\WSOCK32.dll
0x00007ffe6b400000 - 0x00007ffe6b40a000 	C:\Windows\SYSTEM32\VERSION.dll
0x00007ffe739c0000 - 0x00007ffe73a31000 	C:\Windows\System32\WS2_32.dll
0x00007ffe669a0000 - 0x00007ffe669d4000 	C:\Windows\SYSTEM32\WINMM.dll
0x00007ffe6ff50000 - 0x00007ffe6ff68000 	C:\Windows\SYSTEM32\kernel.appcore.dll
0x00007ffe6e200000 - 0x00007ffe6e211000 	D:\Program Files\Android\Android Studio\jre\bin\verify.dll
0x00007ffe5cc20000 - 0x00007ffe5ce4e000 	C:\Windows\SYSTEM32\DBGHELP.DLL
0x00007ffe73340000 - 0x00007ffe736ca000 	C:\Windows\System32\combase.dll
0x00007ffe73780000 - 0x00007ffe73857000 	C:\Windows\System32\OLEAUT32.dll
0x00007ffe5bd40000 - 0x00007ffe5bd72000 	C:\Windows\SYSTEM32\dbgcore.DLL
0x00007ffe71720000 - 0x00007ffe7179b000 	C:\Windows\System32\bcryptPrimitives.dll
0x00007ffe630a0000 - 0x00007ffe630c9000 	D:\Program Files\Android\Android Studio\jre\bin\java.dll
0x00007ffe6e310000 - 0x00007ffe6e31b000 	D:\Program Files\Android\Android Studio\jre\bin\jimage.dll
0x00007ffe6c170000 - 0x00007ffe6c188000 	D:\Program Files\Android\Android Studio\jre\bin\zip.dll
0x00007ffe72420000 - 0x00007ffe72c0f000 	C:\Windows\System32\SHELL32.dll
0x00007ffe6ef20000 - 0x00007ffe6f7e8000 	C:\Windows\SYSTEM32\windows.storage.dll
0x00007ffe6ede0000 - 0x00007ffe6ef1e000 	C:\Windows\SYSTEM32\wintypes.dll
0x00007ffe72e10000 - 0x00007ffe72f01000 	C:\Windows\System32\SHCORE.dll
0x00007ffe73050000 - 0x00007ffe730ae000 	C:\Windows\System32\shlwapi.dll
0x00007ffe70e20000 - 0x00007ffe70e41000 	C:\Windows\SYSTEM32\profapi.dll
0x00007ffe6bd00000 - 0x00007ffe6bd1a000 	D:\Program Files\Android\Android Studio\jre\bin\net.dll
0x00007ffe6b4e0000 - 0x00007ffe6b60f000 	C:\Windows\SYSTEM32\WINHTTP.dll
0x00007ffe703b0000 - 0x00007ffe70419000 	C:\Windows\system32\mswsock.dll
0x00007ffe68bf0000 - 0x00007ffe68c04000 	D:\Program Files\Android\Android Studio\jre\bin\nio.dll
0x00007ffe66b10000 - 0x00007ffe66b37000 	C:\Users\Marcello\.gradle\native\e1d6ef7f7dcc3fd88c89a11ec53ec762bb8ba0a96d01ffa2cd45eb1d1d8dd5c5\windows-amd64\native-platform.dll
0x00007ffe46380000 - 0x00007ffe464c4000 	C:\Users\Marcello\.gradle\native\0d407fdbe67a94daf76414ababcb853783967236a71b16ec16e742cd7a986fd3\windows-amd64\native-platform-file-events.dll
0x00007ffe6e2a0000 - 0x00007ffe6e2aa000 	D:\Program Files\Android\Android Studio\jre\bin\management.dll
0x00007ffe6e1f0000 - 0x00007ffe6e1fd000 	D:\Program Files\Android\Android Studio\jre\bin\management_ext.dll
0x00007ffe70610000 - 0x00007ffe7062b000 	C:\Windows\SYSTEM32\CRYPTSP.dll
0x00007ffe6fec0000 - 0x00007ffe6fef5000 	C:\Windows\system32\rsaenh.dll
0x00007ffe704a0000 - 0x00007ffe704c8000 	C:\Windows\SYSTEM32\USERENV.dll
0x00007ffe70860000 - 0x00007ffe70888000 	C:\Windows\SYSTEM32\bcrypt.dll
0x00007ffe70600000 - 0x00007ffe7060c000 	C:\Windows\SYSTEM32\CRYPTBASE.dll
0x00007ffe6fa40000 - 0x00007ffe6fa6d000 	C:\Windows\SYSTEM32\IPHLPAPI.DLL
0x00007ffe73330000 - 0x00007ffe73339000 	C:\Windows\System32\NSI.dll
0x00007ffe6b4c0000 - 0x00007ffe6b4d9000 	C:\Windows\SYSTEM32\dhcpcsvc6.DLL
0x00007ffe6b4a0000 - 0x00007ffe6b4bf000 	C:\Windows\SYSTEM32\dhcpcsvc.DLL
0x00007ffe6fab0000 - 0x00007ffe6fba2000 	C:\Windows\SYSTEM32\DNSAPI.dll

dbghelp: loaded successfully - version: 4.0.5 - missing functions: none
symbol engine: initialized successfully - sym options: 0x614 - pdb path: .;D:\Program Files\Android\Android Studio\jre\bin;C:\Windows\SYSTEM32;C:\Windows\WinSxS\amd64_microsoft.windows.common-controls_6595b64144ccf1df_6.0.22621.608_none_a9444ca7c10bb01d;D:\Program Files\Android\Android Studio\jre\bin\server;C:\Users\Marcello\.gradle\native\e1d6ef7f7dcc3fd88c89a11ec53ec762bb8ba0a96d01ffa2cd45eb1d1d8dd5c5\windows-amd64;C:\Users\Marcello\.gradle\native\0d407fdbe67a94daf76414ababcb853783967236a71b16ec16e742cd7a986fd3\windows-amd64

VM Arguments:
jvm_args: --add-opens=java.base/java.util=ALL-UNNAMED --add-opens=java.base/java.lang=ALL-UNNAMED --add-opens=java.base/java.lang.invoke=ALL-UNNAMED --add-opens=java.base/java.util=ALL-UNNAMED --add-opens=java.prefs/java.util.prefs=ALL-UNNAMED --add-opens=java.prefs/java.util.prefs=ALL-UNNAMED --add-opens=java.base/java.nio.charset=ALL-UNNAMED --add-opens=java.base/java.net=ALL-UNNAMED --add-opens=java.base/java.util.concurrent.atomic=ALL-UNNAMED -Xmx2048m -Dfile.encoding=UTF-8 -Duser.country=BR -Duser.language=pt -Duser.variant 
java_command: org.gradle.launcher.daemon.bootstrap.GradleDaemon 7.4
java_class_path (initial): C:\Users\Marcello\.gradle\wrapper\dists\gradle-7.4-bin\c0gwcg53nkjbqw7r0h0umtfvt\gradle-7.4\lib\gradle-launcher-7.4.jar
Launcher Type: SUN_STANDARD

[Global flags]
     intx CICompilerCount                          = 4                                         {product} {ergonomic}
     uint ConcGCThreads                            = 2                                         {product} {ergonomic}
     uint G1ConcRefinementThreads                  = 8                                         {product} {ergonomic}
   size_t G1HeapRegionSize                         = 1048576                                   {product} {ergonomic}
    uintx GCDrainStackTargetSize                   = 64                                        {product} {ergonomic}
   size_t InitialHeapSize                          = 201326592                                 {product} {ergonomic}
   size_t MarkStackSize                            = 4194304                                   {product} {ergonomic}
   size_t MaxHeapSize                              = 2147483648                                {product} {command line}
   size_t MaxNewSize                               = 1287651328                                {product} {ergonomic}
   size_t MinHeapDeltaBytes                        = 1048576                                   {product} {ergonomic}
    uintx NonNMethodCodeHeapSize                   = 5836300                                {pd product} {ergonomic}
    uintx NonProfiledCodeHeapSize                  = 122910970                              {pd product} {ergonomic}
    uintx ProfiledCodeHeapSize                     = 122910970                              {pd product} {ergonomic}
    uintx ReservedCodeCacheSize                    = 251658240                              {pd product} {ergonomic}
     bool SegmentedCodeCache                       = true                                      {product} {ergonomic}
     bool UseCompressedClassPointers               = true                                 {lp64_product} {ergonomic}
     bool UseCompressedOops                        = true                                 {lp64_product} {ergonomic}
     bool UseG1GC                                  = true                                      {product} {ergonomic}
     bool UseLargePagesIndividualAllocation        = false                                  {pd product} {ergonomic}

Logging:
Log output configuration:
 #0: stdout all=warning uptime,level,tags
 #1: stderr all=off uptime,level,tags

Environment Variables:
PATH=C:\Windows\system32;C:\Windows;C:\Windows\System32\Wbem;C:\Windows\System32\WindowsPowerShell\v1.0\;C:\Windows\System32\OpenSSH\;C:\Program Files (x86)\NVIDIA Corporation\PhysX\Common;C:\Program Files\dotnet\;C:\Program Files\Cloudflare\Cloudflare WARP\;D:\Program Files\nodejs\;C:\Program Files\Git\cmd;C:\Users\Marcello\AppData\Local\Microsoft\WindowsApps;C:\Users\Marcello\AppData\Roaming\npm;C:\Users\Marcello\AppData\Local\Programs\Microsoft VS Code\bin
USERNAME=Marcello
OS=Windows_NT
PROCESSOR_IDENTIFIER=AMD64 Family 21 Model 2 Stepping 0, AuthenticAMD



---------------  S Y S T E M  ---------------

OS: Windows 11 , 64 bit Build 22621 (10.0.22621.963)
OS uptime: 0 days 2:49 hours

CPU:total 8 (initial active 8) (8 cores per cpu, 1 threads per core) family 21 model 2 stepping 0 microcode 0x0, cmov, cx8, fxsr, mmx, sse, sse2, sse3, ssse3, sse4.1, sse4.2, popcnt, avx, aes, clmul, mmxext, 3dnowpref, lzcnt, sse4a, tsc, tscinvbit, tscinv, bmi1, fma

Memory: 4k page, system-wide physical 12270M (4031M free)
TotalPageFile size 12526M (AvailPageFile size 3M)
current process WorkingSet (physical memory assigned to process): 486M, peak: 486M
current process commit charge ("private bytes"): 528M, peak: 528M

vm_info: OpenJDK 64-Bit Server VM (11.0.13+0-b1751.21-8125866) for windows-amd64 JRE (11.0.13+0-b1751.21-8125866), built on Feb  2 2022 03:00:22 by "builder" with MS VC++ 14.0 (VS2015)

END.
